Step          Etot[eV]     MoveType     MaxDelta    Tag     Accepted   Rate
0           -36722.1271       No Move       0.0000      0            0 0.0000
64          -36148.3623     translate       1.0500     42           60 1.0000
128         -32705.6744     translate       1.0500     19          116 1.0000
192         -32705.6920     translate       1.1025     22          173 1.0000
256         -30984.3304     translate       1.1576     14          230 1.0000
320         -31558.1279     translate       1.2155     32          291 0.9966
384         -30984.3715     translate       1.2763      5          345 0.9914
448         -29836.5842     translate       1.3401     23          405 0.9926
512         -29836.7744        insert      52.0000     56            5 0.1852
576         -28115.4770     translate       1.4775     10          511 0.9752
640         -26967.8596     translate       1.5513      8          571 0.9777
704         -25819.4820     translate       1.6289     28          624 0.9750
768         -24098.9567     translate       1.7103     63          681 0.9756
832         -23525.0759     translate       1.7959     35          739 0.9711
896         -21803.6324     translate       1.8856     12          789 0.9657
960         -20082.3083     translate       1.9799      9          839 0.9578
1024        -18934.4982     translate       2.0789     35          896 0.9593
1088        -18361.1437     translate       2.1829      8          953 0.9588
1152        -19508.7200     translate       2.2920     53         1010 0.9564
1216        -19508.4954     translate       2.4066     70         1058 0.9566
1280        -18934.8501     translate       2.5270     39         1116 0.9547
1344        -17213.5223     translate       2.5270     10         1167 0.9534
1408        -16639.6657     translate       2.5270     32         1217 0.9500
1472        -16639.7420     translate       2.6533     74         1276 0.9508
1536        -15492.1752     translate       2.7860     10         1328 0.9465
1600        -14344.5375        delete      25.0000      1           56 0.7671
1664        -13197.0469     translate       2.9253     75         1423 0.9411
1728        -13197.0261        delete      23.0000     77           60 0.7595
1792        -11475.6240     translate       3.2251     81         1529 0.9392
1856        -11475.6051     translate       3.3864     82         1581 0.9377
1920         -9754.3173     translate       3.5557     47         1638 0.9387
1984         -7459.0925     translate       3.7335     32         1685 0.9372
2048         -7459.1776     translate       3.9201     68         1742 0.9376
2112         -8032.9651     translate       4.1161     83         1794 0.9368
2176         -8032.9561     translate       4.3219     32         1850 0.9381
2240         -8032.9637        delete      14.0000     77           73 0.6759
2304         -8032.9657     translate       4.7649      4         1964 0.9393
2368         -6885.4067     translate       5.0032     75         2019 0.9391
2432         -6311.6060     translate       5.2533     69         2078 0.9398
2496         -6885.3998        insert      12.0000     35           27 0.2432
2560         -6885.3711     translate       5.7918     68         2179 0.9392
2624         -6311.6097     translate       6.0814     89         2237 0.9395
2688         -8032.9539     translate       6.0814     86         2289 0.9381
2752         -9754.3304     translate       6.0814     87         2337 0.9367
2816         -6885.3938     translate       6.3855     89         2389 0.9365
2880         -6885.3938     translate       6.7048      4         2444 0.9371
2944         -6885.3932        insert      12.0000     96           43 0.3233
3008         -7459.1818     translate       7.0400     96         2551 0.9368
3072         -6311.6218     translate       7.3920      4         2601 0.9363
3136         -5737.8293        delete      10.0000     75          102 0.6258
3200         -6311.5717        delete      11.0000      4          102 0.6182
3264         -4016.4767     translate       8.5572    103         2753 0.9361
3328         -3442.6937     translate       8.9850     91         2807 0.9363
3392         -2295.1290     translate       9.4343     99         2860 0.9365
3456         -3442.6935     translate       9.9060     99         2914 0.9364
3520         -5737.7988     translate      10.4013     99         2970 0.9369
3584         -5737.8370     translate      10.9213    107         3026 0.9371
3648         -4016.4775     translate      11.4674    111         3078 0.9370
3712         -4016.4761     translate      12.0408    114         3132 0.9372
3776         -5164.0426     translate      12.6428    116         3191 0.9383
3840         -6311.6092     translate      13.2749    118         3245 0.9381
3904         -8032.9744        insert      14.0000    119           69 0.3943
3968         -6885.3994     translate      14.6356    110         3356 0.9377
4032         -8032.9536     translate      15.3674    125         3406 0.9373
4096         -7459.1741     translate      16.1358     99         3460 0.9377
4160         -5737.8256     translate      16.9426    128         3515 0.9376
4224         -4590.2601     translate      17.7897    119         3572 0.9385
4288         -8032.9662     translate      18.6792    130         3625 0.9386
4352         -8032.9637     translate      19.6131    109         3680 0.9385
4416         -7459.1722        delete      13.0000    131          133 0.5660
4480         -8606.7458     translate      21.6235    123         3790 0.9384
4544         -8606.7563     translate      22.7047    133         3847 0.9388
4608         -8032.9627     translate      22.7047    132         3898 0.9386
4672         -8606.6503     translate      23.8399    141         3953 0.9387
4736         -9180.5352     translate      23.8399    135         4008 0.9389
4800         -8032.8782     translate      25.0319    130         4062 0.9385
4864         -8606.7378     translate      26.2835    113         4112 0.9386
4928         -8032.9921     translate      27.5977    137         4164 0.9387
4992         -9180.5227     translate      28.9775    134         4215 0.9379
5056         -9180.5359     translate      30.4264    146         4269 0.9378
5120         -9754.3316     translate      31.9477    126         4321 0.9367
5184        -10328.0966     translate      33.5451    143         4375 0.9366
5248         -9754.3271     translate      35.2224    149         4432 0.9366
5312        -10328.0975     translate      36.9835    153         4485 0.9365
5376         -9754.3195     translate      38.8327    155         4544 0.9373
5440         -9180.5333     translate      40.7743    130         4595 0.9362
5504        -11475.6871     translate      42.8130    146         4645 0.9363
5568        -10328.1009     translate      44.9537    145         4701 0.9366
5632         -9754.3286     translate      47.2014    157         4755 0.9364
5696         -9180.3733     translate      49.5614    143         4805 0.9357
5760         -7459.1717     translate      52.0395    111         4855 0.9358
5824         -7459.1849        delete      13.0000    159          167 0.5530
5888         -6885.4012     translate      57.3736    164         4969 0.9361
5952         -7459.1848     translate      57.3736    165         5018 0.9358
6016         -7459.1868     translate      60.2422    167         5076 0.9360
6080         -8032.9562     translate      63.2544    130         5129 0.9358
6144         -8606.7514     translate      66.4171    163         5184 0.9359
6208         -7459.1776     translate      69.7379    171         5240 0.9355
6272         -7459.1735     translate      73.2248    173         5291 0.9350
6336         -6311.6204     translate      76.8861    168         5349 0.9355
6400         -6885.3880     translate      80.7304    150         5402 0.9354
6464         -7459.1708     translate      84.7669    165         5458 0.9354
6528         -7459.1770        insert      13.0000    168          130 0.4262
6592         -6885.4028     translate      93.4555    175         5571 0.9363
6656         -6311.6215     translate      98.1283    167         5626 0.9361
6720         -5164.0543     translate     103.0347    174         5672 0.9354
6784         -6311.6296     translate     103.0347    175         5726 0.9350
6848         -6311.6187     translate     108.1864    173         5778 0.9348
6912         -5737.8348     translate     113.5957    179         5834 0.9351
6976         -6311.6071        insert      11.0000    164          137 0.4255
7040         -4590.2590     translate     119.2755    173         5944 0.9359
7104         -4016.4763     translate     125.2393    177         5998 0.9362
7168         -4016.4523     translate     131.5013    187         6051 0.9363
7232         -4016.4759     translate     138.0763    183         6110 0.9364
7296         -5737.8253        delete      10.0000    173          199 0.5251
7360         -5737.8437     translate     152.2291    179         6218 0.9362
7424         -6885.3893     translate     159.8406    195         6270 0.9364
7488         -6885.3906     translate     167.8326    197         6327 0.9366
7552         -5737.8647     translate     176.2243    191         6385 0.9370
7616         -6311.6062     translate     185.0355    188         6443 0.9373
7680         -6311.6273        delete      11.0000    188          209 0.5225
7744         -6885.3829     translate     204.0016    197         6550 0.9377
7808         -6885.1866        insert      12.0000    199          158 0.4353
7872         -6311.6108     translate     224.9118    191         6658 0.9375
7936         -5737.8234     translate     236.1574    198         6714 0.9380
8000         -5737.8346     translate     236.1574    204         6768 0.9379
8064         -5164.0424     translate     247.9652    198         6820 0.9376
8128         -5164.0505     translate     260.3635    191         6873 0.9375
8192         -5164.0091     translate     273.3817    208         6933 0.9378
8256         -4590.2712     translate     287.0508    207         6986 0.9378
8320         -4590.2588        insert       8.0000    206          171 0.4442
8384         -5164.0448     translate     301.4033    164         7092 0.9376
Step          Etot[eV]     MoveType     MaxDelta    Tag     Accepted   Rate
0            -5164.0448       No Move       0.0000      0            0 0.0000
64           -5164.0429     translate       1.0500     10           57 1.0000
Step          Etot[eV]     MoveType     MaxDelta    Tag     Accepted   Rate
0            -5164.0429       No Move       0.0000      0            0 0.0000
64           -5164.0460     translate       1.0500      6           59 1.0000
128          -5737.8369     translate       1.0500      8          113 0.9912
192          -5164.0413     translate       1.0500      4          171 0.9884
256          -7459.1768     translate       1.0500      0          225 0.9912
320          -6885.3921     translate       1.0500      7          280 0.9929
384          -7459.1982     translate       1.0500     12          336 0.9912
448          -7459.1802     translate       1.0500     17          394 0.9899
512          -5737.8319     translate       1.0500     12          450 0.9912
576          -6311.6096     translate       1.0500     18          502 0.9901
640          -6311.5829        insert      11.0000     14           20 0.5405
704          -5164.0423     translate       1.0500     24          609 0.9919
768          -5737.8255     translate       1.0500     14          669 0.9926
832          -8032.9594     translate       1.0500     31          727 0.9932
896          -8032.9654     translate       1.0500     14          788 0.9937
960          -9180.5387     translate       1.0500     36          843 0.9929
1024         -9180.5352     translate       1.1025     22          901 0.9934
1088         -9754.3392     translate       1.1025     33          955 0.9917
1152         -9754.3369     translate       1.1025     24         1008 0.9902
1216        -10901.9087     translate       1.1025     35         1066 0.9907
1280        -10901.9018     translate       1.1025     10         1121 0.9868
1344        -11475.4818     translate       1.1025     45         1179 0.9858
1408        -10328.0885     translate       1.1025     49         1232 0.9856
1472         -9180.5314     translate       1.1025     44         1291 0.9862
1536         -7459.1974     translate       1.1025     17         1344 0.9868
1600         -6311.6110     translate       1.1025     38         1401 0.9866
1664         -4016.4844     translate       1.1025     38         1457 0.9858
1728         -5737.8353     translate       1.1025     45         1510 0.9850
1792         -6885.3891     translate       1.1025     56         1564 0.9849
1856         -6311.6095     translate       1.1025     53         1622 0.9854
1920         -4016.4770     translate       1.1025     46         1676 0.9859
1984         -2868.9123     translate       1.1025     56         1734 0.9852
2048         -4590.2598     translate       1.1576     61         1787 0.9857
2112         -5164.0426     translate       1.1576     56         1842 0.9861
2176         -5737.8329     translate       1.1576     60         1900 0.9865
2240         -5164.0568     translate       1.1576     62         1956 0.9864
2304         -5164.0428     translate       1.1576     71         2014 0.9868
2368         -4016.4772     translate       1.1576     70         2074 0.9867
2432         -4016.4842     translate       1.1576     70         2128 0.9870
2496         -2868.9199     translate       1.1576     61         2184 0.9856
2560         -2868.9125     translate       1.1576     72         2238 0.9850
2624         -3442.6958     translate       1.1576     70         2295 0.9854
2688         -3442.6938     translate       1.1576     74         2353 0.9858
2752         -2868.9113     translate       1.1576     76         2410 0.9861
2816         -3442.6937     translate       1.1576     75         2465 0.9864
2880         -4590.2600     translate       1.1576     80         2521 0.9867
2944         -4590.2592     translate       1.1576     75         2580 0.9870
3008         -4590.2601     translate       1.2155     84         2632 0.9869
3072         -5164.0458     translate       1.2155     81         2691 0.9872
3136         -4016.4777     translate       1.2155     72         2752 0.9874
3200         -4590.2635     translate       1.2155     89         2810 0.9877
3264         -4590.2594     translate       1.2155     74         2870 0.9880
3328         -5737.8428     translate       1.2155     90         2930 0.9882
3392         -6311.5607     translate       1.2155     74         2991 0.9884
3456         -6311.6116     translate       1.2155     74         3048 0.9874
3520         -6885.4040     translate       1.2155     93         3107 0.9876
3584         -5737.8286     translate       1.2155     74         3164 0.9872
3648         -5164.0415     translate       1.2155     87         3221 0.9874
3712         -5164.0407     translate       1.2155     74         3279 0.9877
3776         -6885.3893     translate       1.2155     98         3337 0.9879
3840         -7459.1801     translate       1.2155     98         3395 0.9881
3904         -7459.1958     translate       1.2155    100         3457 0.9883
3968         -7459.1865     translate       1.2155     98         3512 0.9876
4032         -9754.3381     translate       1.2763     97         3571 0.9878
4096         -9754.0420     translate       1.2763    101         3626 0.9875
4160         -9754.3246     translate       1.2763     92         3688 0.9877
4224         -8606.7474     translate       1.2763    105         3744 0.9871
4288         -9180.5334     translate       1.2763    107         3799 0.9862
4352         -8032.9572     translate       1.2763     99         3857 0.9864
4416         -6885.3913     translate       1.2763     98         3914 0.9866
4480         -7459.1801     translate       1.2763     90         3972 0.9868
4544         -7459.1792     translate       1.2763     90         4030 0.9870
4608         -6885.4042     translate       1.2763     99         4078 0.9862
4672         -6311.6136     translate       1.2763    109         4134 0.9862
4736         -6311.6183        delete      11.0000    110          117 0.4432
4800         -6311.6092     translate       1.2763    115         4248 0.9863
4864         -6311.6245     translate       1.2763    113         4306 0.9863
4928         -5737.8283     translate       1.2763    115         4364 0.9862
4992         -7459.1711     translate       1.2763    115         4421 0.9864
5056         -7459.1735     translate       1.3401    121         4478 0.9866
5120         -7459.0922     translate       1.3401    109         4534 0.9865
5184         -6885.3881        delete      12.0000    109          126 0.4468
5248         -6885.4031     translate       1.3401    112         4645 0.9864
5312         -7459.2033     translate       1.3401    130         4700 0.9855
5376         -6885.3981     translate       1.3401    122         4759 0.9857
5440         -7459.1720     translate       1.3401    118         4813 0.9859
5504         -7459.1727     translate       1.3401    119         4870 0.9860
5568         -6885.3949     translate       1.3401    128         4926 0.9862
5632         -7459.1826     translate       1.3401    123         4985 0.9863
5696         -8606.7564     translate       1.3401    118         5042 0.9861
5760         -8606.7419     translate       1.3401    123         5099 0.9863
5824         -7459.1726     translate       1.3401    133         5152 0.9862
5888         -8032.9690     translate       1.3401    119         5209 0.9864
5952         -9754.3160     translate       1.3401    123         5267 0.9863
6016         -9754.2983     translate       1.4071    146         5326 0.9861
6080         -9754.3026     translate       1.4071    142         5382 0.9859
6144        -10901.8740     translate       1.4071    146         5443 0.9859
6208         -9754.3141     translate       1.4071    153         5498 0.9860
