********************************************************************************
                ______                                __                        
               / ____/___ _______________ _____  ____/ /________ _              
              / /   / __ `/ ___/ ___/ __ `/ __ \/ __  / ___/ __ `/              
             / /___/ /_/ (__  |__  ) /_/ / / / / /_/ / /  / /_/ /               
             \____/\__,_/____/____/\__,_/_/ /_/\__,_/_/   \__,_/                
                                                                                
********************************************************************************
**********************************Log File**************************************
********************************************************************************

For any published work that uses Cassandra, cite the following reference:
    Shah JK, Marin‐Rimoldi E, Mullen RG, Keene BP, Khan S,
    Paluch AS, Rai N, Romanielo LL, Rosch TW, Yoo B, Maginn EJ.
    Cassandra: An open source Monte Carlo package for molecular simulation.
    Journal of Computational Chemistry. 2017, 38, 1727–1739.
    http://dx.doi.org/10.1002/jcc.24807

Run info
********************************************************************************
version: Cassandra Version 1.2.6
inputfile: gcmc.inp
name of run: gcmc.out
date (mm/dd/yyyy): 09/15/2022
time: 19:59:13
machine: pop-os
********************************************************************************

Verbose log
********************************************************************************
Normal output to logfile
********************************************************************************

Simulation type
********************************************************************************
GCMC                
********************************************************************************

Copy input file
********************************************************************************
                                                                                
                                                                                
# Run_Name                                                                      
gcmc.out                                                                        
                                                                                
# Sim_Type                                                                      
gcmc                                                                            
                                                                                
# Nbr_Species                                                                   
1                                                                               
                                                                                
# VDW_Style                                                                     
lj cut_tail 14.0                                                                
                                                                                
# Charge_Style                                                                  
none                                                                            
                                                                                
# Mixing_Rule                                                                   
lb                                                                              
                                                                                
                                                                                
# Seed_Info                                                                     
60902632 54609143                                                               
                                                                                
# Rcutoff_Low                                                                   
1.0                                                                             
                                                                                
# Pair_Energy                                                                   
true                                                                            
                                                                                
# Molecule_Files                                                                
species1.mcf 2064                                                               
                                                                                
# Box_Info                                                                      
1                                                                               
cubic                                                                           
30.0                                                                            
                                                                                
                                                                                
# Temperature_Info                                                              
100.0                                                                           
                                                                                
# Chemical_Potential_Info                                                       
-9.5                                                                            
                                                                                
# Move_Probability_Info                                                         
                                                                                
# Prob_Translation                                                              
0.8                                                                             
2.0                                                                             
                                                                                
# Prob_Insertion                                                                
0.1                                                                             
cbmc                                                                            
                                                                                
# Prob_Deletion                                                                 
0.1                                                                             
                                                                                
                                                                                
# Done_Probability_Info                                                         
                                                                                
# CBMC_Info                                                                     
kappa_ins 10                                                                    
kappa_dih 10                                                                    
rcut_cbmc 6.0                                                                   
                                                                                
# Start_Type                                                                    
make_config 64                                                                  
                                                                                
# Run_Type                                                                      
equilibration 1000                                                              
                                                                                
# Simulation_Length_Info                                                        
units steps                                                                     
prop_freq 64                                                                    
coord_freq 5000                                                                 
run 64000                                                                       
                                                                                
# Property_Info 1                                                               
energy_total                                                                    
energy_intra                                                                    
energy_inter                                                                    
enthalpy                                                                        
pressure                                                                        
volume                                                                          
nmols                                                                           
mass_density                                                                    
                                                                                
# Fragment_Files                                                                
species1/frag1/frag1.dat  1                                                     
                                                                                
END                                                                             
********************************************************************************

Number of species
********************************************************************************
1
********************************************************************************

Box info
********************************************************************************
Number of simulation boxes     1
Box 1 is CUBIC               
 Each Side Of :       30.0000     Angstrom
 Cell basis vector lengths in A,     30.0000      30.0000      30.0000
 Cosine of angles alpha, beta, gamma     0.0000       0.0000       0.0000
 Distance between box faces    30.0000      30.0000      30.0000
 Box volume, A^3         27000.0000
********************************************************************************

Pair style
********************************************************************************
VDW style used is:   LJ             in box:  1
 VDW sum style is:   cut_tail       in box:  1
 rcut =    14.000 Angstrom
Charge style in box 1 is NONE
Pair interaction energy array storage enabled
Lorentz-Berthelot mixing rule specified
********************************************************************************

Molecule info
********************************************************************************
 Reading molecular connectivity information
 Species:            1
 Molecular connectivity file: species1.mcf                                                                                                            
   1 atom(s) specified.
   0 bond(s) specified.
   0 angle(s) specified.
   0 dihedral(s) specified.
   0 improper(s) specified.
   1 fragment(s) specified.
   0 fragment bond(s) specified.

 Species  Max molecules
 -------  -------------
      1           2064

 Species     1
 -------------------------------------------------------------------------------
 Atom parameters read
 Bond parameters read
 Angle parameters read
 Dihedral parameters read
 Improper parameters read
 Intra molecule scaling factors for species            1
  VDW 1-2 scaling factor       0.000
  VDW 1-3 scaling factor       0.000
  VDW 1-4 scaling factor       0.000
  VDW 1-N scaling factor       1.000
 Total number of atoms in fragment     1  is   1
 Fragment info read
 Fragment file for fragment 1 is species1/frag1/frag1.dat
 -------------------------------------------------------------------------------

 Fragment coord info
 -------------------------------------------------------------------------------
 library_coords array successfully allocated
 Finished loading fragment coordinates from
 species1/frag1/frag1.dat
 -------------------------------------------------------------------------------
********************************************************************************

Start type
********************************************************************************
Initial configuration for box 1 will be made
 Will insert      64  molecules of species   1
********************************************************************************

Seed info
********************************************************************************
The starting seeds are:     60902632     54609143
********************************************************************************

Temperature
********************************************************************************
Temperature of box 1 is 100.000 K
********************************************************************************

Move probabilities
********************************************************************************
Probability for translation                0.800000
 Maximum displacement width for species  1 in box  1  is      2.00000
Probability for insertion                  0.100000
 Species 1 will be inserted using CBMC
 Number of insertable species is    1
Probability for deletion                   0.100000
Number of moves is :   3
********************************************************************************

Chemical potential
********************************************************************************
Species     1
 Chemical potential (internal units):     -950.000000000
 de Broglie wavelength (Angstroms):          0.276218102
********************************************************************************

Simulation length info
********************************************************************************
Thermodynamic quantities will be computed every        64 Steps     
Coordinates will be written to file every            5000 Steps     
 movie header file is                  gcmc.out.H
 movie_XYZ file is                     gcmc.out.xyz
The simulation will be run for                      64000 Steps     
Instantaneous values will be written every             64 Steps     
********************************************************************************

Property info
********************************************************************************
Total number of property files to be written is     1   for box 1
 Maximum number of properties per file is    8
 Writing the name of the property files and the corresponding property output
 Property file    1   is  gcmc.out.prp
 Properties output in these files are
 Energy_Total
 Energy_Intra
 Energy_Inter
 Enthalpy
 Pressure
 Volume
 Nmols
 Mass_Density
********************************************************************************

Minimum distance cutoff
********************************************************************************
MC low cutoff distance is   1.000    Angstrom
********************************************************************************

CBMC info
********************************************************************************
Kappa for first fragment insertion          10
Kappa for dihedral selection                10
 Cutoff for CBMC for box 1 is         6.00
********************************************************************************

Run type
********************************************************************************
 The input run type is equilibration
 Update frequency is         1000
********************************************************************************

********************************************************************************
************************ Begin Cassandra simulation ****************************
********************************************************************************

Initial configuration
********************************************************************************
 Inserting           64 molecules of species            1
********************************************************************************

Compute total energy
********************************************************************************

 Energy components for box 1     kJ/mol-Extensive
 ---------------------------------------------------------------------
 Total system energy                      -37.292
 Intra molecular energy                     0.000
   Bond energy                              0.000
   Bond angle energy                        0.000
   Dihedral angle energy                    0.000
   Improper angle energy                    0.000
   Intra molecule vdw                       0.000
   Intra molecule q                         0.000
 Inter molecular energy                   -37.292
   Inter molecule vdw                     -36.566
   Long range correction                   -0.725
   Inter molecule q                         0.000
 ---------------------------------------------------------------------

********************************************************************************

Run simulation
********************************************************************************
      Step       Move   Mol Spc Box  Success  MaxWidth
      1223  translate         1   1  0.53400   2.13600
      2463  translate         1   1  0.51200   2.18726
      3712  translate         1   1  0.65900   2.88281
      4979  translate         1   1  0.66500   3.83414
      6204  translate         1   1  0.63800   4.89237
      7453  translate         1   1  0.63500   6.21330
      8675  translate         1   1  0.78200   9.71761
      9903  translate         1   1  0.69100  13.42974
     11149  translate         1   1  0.50800  13.64461
     12387  translate         1   1  0.60100  14.00000
     13674  translate         1   1  0.60300  14.00000
     14927  translate         1   1  0.66100  14.00000
     16199  translate         1   1  0.56600  14.00000
     17443  translate         1   1  0.46700  13.07600
     18684  translate         1   1  0.58000  14.00000
     19928  translate         1   1  0.53700  14.00000
     21206  translate         1   1  0.59400  14.00000
     22451  translate         1   1  0.59100  14.00000
     23689  translate         1   1  0.63500  14.00000
     24906  translate         1   1  0.62700  14.00000
     26168  translate         1   1  0.68400  14.00000
     27421  translate         1   1  0.65400  14.00000
     28655  translate         1   1  0.66700  14.00000
     29883  translate         1   1  0.73500  14.00000
     31142  translate         1   1  0.61500  14.00000
     32387  translate         1   1  0.61100  14.00000
     33625  translate         1   1  0.59800  14.00000
     34896  translate         1   1  0.53400  14.00000
     36124  translate         1   1  0.39800  11.14400
     37389  translate         1   1  0.56900  12.68187
     38639  translate         1   1  0.59600  14.00000
     39891  translate         1   1  0.63100  14.00000
     41146  translate         1   1  0.61700  14.00000
     42403  translate         1   1  0.67100  14.00000
     43647  translate         1   1  0.65100  14.00000
     44897  translate         1   1  0.40300  11.28400
     46154  translate         1   1  0.43500   9.81708
     47415  translate         1   1  0.67700  13.29233
     48657  translate         1   1  0.62200  14.00000
     49911  translate         1   1  0.59700  14.00000
     51150  translate         1   1  0.58200  14.00000
     52428  translate         1   1  0.66700  14.00000
     53657  translate         1   1  0.60600  14.00000
     54923  translate         1   1  0.69600  14.00000
     56163  translate         1   1  0.60400  14.00000
     57407  translate         1   1  0.68900  14.00000
     58638  translate         1   1  0.65200  14.00000
     59911  translate         1   1  0.64500  14.00000
     61180  translate         1   1  0.67800  14.00000
     62437  translate         1   1  0.65800  14.00000
     63679  translate         1   1  0.67100  14.00000
********************************************************************************

Energy of final configuration
********************************************************************************

 Energy components for box 1     kJ/mol-Extensive       Relative_Error
 ---------------------------------------------------------------------
 Total system energy                       -9.828           -0.590E-14
 Intra molecular energy                     0.000            0.000E+00
   Bond energy                              0.000            0.000E+00
   Bond angle energy                        0.000            0.000E+00
   Dihedral angle energy                    0.000            0.000E+00
   Improper angle energy                    0.000            0.000E+00
   Intra molecule vdw                       0.000            0.000E+00
   Intra molecule q                         0.000            0.000E+00
 Inter molecular energy                    -9.828           -0.590E-14
   Inter molecule vdw                      -9.668           -0.169E-13
   Long range correction                   -0.159           -0.000E+00
   Inter molecule q                         0.000            0.000E+00
 ---------------------------------------------------------------------

********************************************************************************


Writing information for box  1
********************************************************************************

   ---------------------------------------------------------
   Writing information for species  1

                Move      Trials     Success   % Success
           Translate       51247       31338       61.15
              Insert        6306        5330       84.52
              Delete        6447        5364       83.20
   ---------------------------------------------------------

********************************************************************************

 Writing information about subroutine times
********************************************************************************
 Translation time =            0.748833 secs.
 Insertion time =              0.902844 secs.
 Deletion time =               0.854354 secs.
********************************************************************************

********************************************************************************
************************ Cassandra simulation complete *************************
********************************************************************************

 Program execution time
********************************************************************************
         0      Years
         0     Months
         0       Days
         0      Hours
         0    Minutes
        30    Seconds
       911         ms
********************************************************************************
