Step          Etot[eV]     MoveType     MaxDelta    Tag     Accepted   Rate
0               -0.0832       No Move       0.0000      0            0 0.0000
64              -0.0879     translate       1.0500      0           58 1.0000
128             -0.0986     translate       1.0500     43          115 1.0000
192             -0.0923     translate       1.0500      0          168 1.0000
256             -0.1198     translate       1.0500     31          225 0.9868
320             -0.0177     translate       1.0500     48          279 0.9859
384             -0.1352     translate       1.0500     32          339 0.9855
448             -0.0490     translate       1.0500     34          394 0.9825
512              0.1196     translate       1.0500     32          445 0.9780
576              0.2072     translate       1.0500     66          504 0.9805
640              0.0666     translate       1.0500     32          561 0.9757
704              0.2483     translate       1.0500     62          619 0.9763
768              0.1688     translate       1.0500     16          676 0.9741
832             -0.1420     translate       1.0500     19          733 0.9747
896             -0.0564        delete      41.0000      3           31 0.6739
960             -0.1407     translate       1.0500     31          838 0.9767
1024            -0.0763     translate       1.1025     46          893 0.9749
1088            -0.1208     translate       1.1025     21          949 0.9733
1152            -0.0292     translate       1.1025     46         1005 0.9720
1216            -0.0928     translate       1.1025      3         1064 0.9717
1280             0.0742     translate       1.1025     11         1115 0.9704
1344            -0.0433     translate       1.1025     31         1172 0.9710
1408            -0.0250     translate       1.1025     74         1230 0.9723
1472            -0.0407     translate       1.1025     22         1286 0.9713
1536             0.0012     translate       1.1025     46         1344 0.9711
1600            -0.0475     translate       1.1025     63         1403 0.9703
1664            -0.0391     translate       1.1025      0         1462 0.9701
1728            -0.0333     translate       1.1025     44         1518 0.9712
1792            -0.0215     translate       1.1025      7         1574 0.9722
1856            -0.0402     translate       1.1025     46         1631 0.9726
1920            -0.0112     translate       1.1025     70         1687 0.9729
1984            -0.0278     translate       1.1025     21         1744 0.9738
2048            -0.0644     translate       1.1576     12         1795 0.9734
2112            -0.0401     translate       1.1576     80         1847 0.9716
2176             0.0415     translate       1.1576     85         1896 0.9669
2240            -0.0372     translate       1.1576     78         1956 0.9674
2304            -0.0275     translate       1.1576     38         2011 0.9673
2368            -0.0104     translate       1.1576     81         2070 0.9682
2432            -0.0350     translate       1.1576     68         2127 0.9681
2496            -0.0059     translate       1.1576     86         2181 0.9685
2560            -0.0312     translate       1.1576     70         2236 0.9688
2624             0.0226        insert      18.0000     91           40 0.3200
2688            -0.0087        delete      17.0000     97           87 0.6397
2752            -0.0140     translate       1.1576     70         2409 0.9694
2816            -0.0195     translate       1.1576     68         2465 0.9697
2880            -0.0073     translate       1.1576     93         2523 0.9704
2944            -0.0183     translate       1.1576     97         2578 0.9710
3008            -0.0207     translate       1.2155     38         2633 0.9716
3072            -0.0166     translate       1.2155     93         2687 0.9714
3136            -0.0129     translate       1.2155     79         2743 0.9717
3200            -0.0137     translate       1.2155    101         2797 0.9712
3264            -0.0183     translate       1.2155    109         2853 0.9707
3328            -0.0062     translate       1.2155    102         2913 0.9713
3392            -0.0056     translate       1.2155    106         2969 0.9718
3456            -0.0304     translate       1.2155    109         3022 0.9717
3520             0.0722     translate       1.2155    115         3077 0.9716
3584             0.0140     translate       1.2155    112         3133 0.9715
3648            -0.0231     translate       1.2155     99         3191 0.9714
3712            -0.0156     translate       1.2155    105         3250 0.9719
3776            -0.0192     translate       1.2155    115         3304 0.9721
3840            -0.0332     translate       1.2155    121         3358 0.9711
3904            -0.0391     translate       1.2155     99         3417 0.9713
3968            -0.0254     translate       1.2155    118         3478 0.9718
4032            -0.0082     translate       1.2155    120         3533 0.9714
4096            -0.0392     translate       1.2155    106         3592 0.9716
4160            -0.0402     translate       1.2155    128         3645 0.9707
4224            -0.0367     translate       1.2155    120         3702 0.9706
4288            -0.0148     translate       1.2155    113         3756 0.9705
4352            -0.0183        insert      14.0000     11           78 0.3768
4416            -0.0129     translate       1.2155    132         3878 0.9714
4480            -0.0200        delete      13.0000     11          130 0.5882
4544            -0.0198     translate       1.2155    134         3989 0.9720
4608            -0.0176     translate       1.2155    118         4050 0.9722
4672            -0.0225     translate       1.2155    124         4105 0.9723
4736            -0.0311     translate       1.2155    128         4160 0.9726
4800            -0.0155     translate       1.2155    113         4213 0.9730
4864            -0.0241     translate       1.2155    130         4268 0.9729
4928            -0.0275     translate       1.2155    124         4325 0.9721
4992            -0.0447     translate       1.2155    119         4382 0.9723
5056            -0.0239     translate       1.2763    140         4438 0.9724
5120            -0.0130     translate       1.2763    139         4499 0.9728
5184             0.1251     translate       1.2763    124         4554 0.9725
5248            -0.0351     translate       1.2763    118         4611 0.9724
5312            -0.0108     translate       1.2763    113         4666 0.9719
5376            -0.0232     translate       1.2763    144         4728 0.9722
5440             0.0919     translate       1.2763    118         4785 0.9724
5504            -0.0153        delete      15.0000    136          145 0.5292
5568            -0.0303     translate       1.2763    137         4896 0.9728
5632            -0.0215     translate       1.2763    141         4955 0.9727
5696            -0.0026     translate       1.2763    136         5012 0.9728
5760             0.0155     translate       1.2763    152         5068 0.9724
5824            -0.0151     translate       1.2763    149         5121 0.9719
5888            -0.0058     translate       1.2763    146         5177 0.9722
5952            -0.0155     translate       1.2763    140         5238 0.9723
6016            -0.0137     translate       1.3401    150         5296 0.9726
6080             0.0040     translate       1.3401    128         5353 0.9727
6144            -0.0236     translate       1.3401    150         5409 0.9728
6208            -0.0149     translate       1.3401    159         5467 0.9729
6272            -0.0047     translate       1.3401    140         5522 0.9732
6336            -0.0104     translate       1.3401    144         5579 0.9735
6400            -0.0175     translate       1.3401    144         5634 0.9736
6464            -0.0074        delete      14.0000    163          167 0.5138
6528            -0.0044     translate       1.3401    144         5747 0.9737
6592            -0.0028     translate       1.3401    169         5805 0.9740
6656            -0.0071     translate       1.3401    169         5862 0.9739
6720            -0.0122     translate       1.3401    140         5919 0.9738
6784            -0.0230     translate       1.3401    167         5979 0.9739
6848            -0.0239     translate       1.3401    169         6033 0.9742
6912            -0.0102     translate       1.3401    171         6091 0.9741
6976            -0.0062     translate       1.3401    160         6147 0.9743
7040            -0.0082     translate       1.4071    160         6204 0.9744
7104             0.0134     translate       1.4071    168         6263 0.9745
7168             0.0241     translate       1.4071    140         6320 0.9743
7232            -0.0159     translate       1.4071    160         6375 0.9742
7296            -0.0232     translate       1.4071    168         6431 0.9740
7360            -0.0226     translate       1.4071    174         6485 0.9739
7424            -0.0211     translate       1.4071    144         6543 0.9738
7488            -0.0227     translate       1.4071    182         6598 0.9737
7552            -0.0153     translate       1.4071    182         6656 0.9738
7616            -0.0324     translate       1.4071    184         6711 0.9740
7680             0.0655     translate       1.4071    188         6762 0.9739
7744            -0.0166     translate       1.4071    170         6821 0.9742
7808            -0.0098     translate       1.4071    189         6881 0.9744
7872            -0.0245     translate       1.4071    186         6934 0.9746
7936            -0.0430     translate       1.4071    184         6988 0.9746
8000            -0.0147     translate       1.4071    195         7041 0.9748
8064            -0.0126        delete      13.0000    187          203 0.5012
8128            -0.0141     translate       1.4775    186         7150 0.9744
8192            -0.0134     translate       1.4775    205         7202 0.9739
8256            -0.0165     translate       1.4775    195         7260 0.9741
8320            -0.0050     translate       1.4775    186         7315 0.9742
8384            -0.0164     translate       1.4775    200         7374 0.9741
8448            -0.0097     translate       1.4775    199         7432 0.9742
8512            -0.0017     translate       1.4775    195         7492 0.9744
8576            -0.0016     translate       1.4775    209         7554 0.9746
8640            -0.0109     translate       1.4775    201         7614 0.9748
8704            -0.0105     translate       1.4775    200         7672 0.9748
8768            -0.0023     translate       1.4775    200         7732 0.9750
8832             0.0280     translate       1.4775    201         7786 0.9747
8896            -0.0041     translate       1.4775    211         7845 0.9747
8960            -0.0159     translate       1.4775    214         7901 0.9743
9024            -0.0138        insert      13.0000    189          171 0.4091
9088            -0.0081     translate       1.5513    214         8012 0.9742
9152            -0.0108        delete      12.0000    217          227 0.5044
9216            -0.0012     translate       1.5513    224         8120 0.9740
9280            -0.0005     translate       1.5513    221         8177 0.9741
9344            -0.0015     translate       1.5513    216         8233 0.9743
9408            -0.0116     translate       1.5513    221         8289 0.9740
9472            -0.0074     translate       1.5513    215         8343 0.9737
9536            -0.0045     translate       1.5513    227         8395 0.9736
9600            -0.0158     translate       1.5513    229         8451 0.9734
9664            -0.0078     translate       1.5513    233         8508 0.9735
9728            -0.0218     translate       1.5513    215         8567 0.9735
9792            -0.0077     translate       1.5513    233         8626 0.9736
9856            -0.0110     translate       1.5513    232         8677 0.9733
9920            -0.0065     translate       1.5513    227         8733 0.9734
9984            -0.0011     translate       1.5513    237         8791 0.9735
10048           -0.0109     translate       1.6289    235         8847 0.9736
10112           -0.0151     translate       1.6289    227         8904 0.9738
10176            0.0360        insert      17.0000    235          203 0.4347
10240           -0.0271        delete      15.0000    249          252 0.4932
10304            0.0573     translate       1.6289    248         9079 0.9740
10368           -0.0373     translate       1.6289    237         9135 0.9741
10432           -0.0280     translate       1.6289    246         9190 0.9739
10496           -0.0330     translate       1.6289    232         9245 0.9738
10560           -0.0137     translate       1.6289    253         9301 0.9737
10624           -0.0228     translate       1.6289    226         9359 0.9739
10688           -0.0317     translate       1.6289    245         9414 0.9738
10752            0.0716     translate       1.6289    258         9468 0.9736
10816           -0.0217     translate       1.6289    226         9524 0.9736
10880           -0.0176     translate       1.6289    263         9578 0.9737
10944           -0.0179     translate       1.6289    258         9638 0.9738
11008           -0.0130     translate       1.6289    258         9689 0.9737
11072           -0.0042     translate       1.6289    245         9743 0.9737
11136           -0.0118     translate       1.6289    258         9802 0.9739
11200           -0.0068     translate       1.6289    258         9860 0.9740
11264           -0.0170     translate       1.6289    272         9912 0.9740
11328            0.0058     translate       1.6289    272         9967 0.9736
11392           -0.0071     translate       1.6289    275        10022 0.9737
11456           -0.0050     translate       1.6289    226        10078 0.9737
11520           -0.0172     translate       1.6289    265        10134 0.9739
11584           -0.0108     translate       1.6289    280        10185 0.9738
11648           -0.0146     translate       1.6289    258        10246 0.9740
11712           -0.0146     translate       1.6289    285        10300 0.9739
11776           -0.0288     translate       1.6289    273        10359 0.9740
11840           -0.0279     translate       1.6289    277        10411 0.9735
11904            0.0666     translate       1.6289    226        10466 0.9734
11968           -0.0284     translate       1.6289    288        10523 0.9731
12032           -0.0321     translate       1.7103    283        10577 0.9729
12096           -0.0198     translate       1.7103    291        10633 0.9730
12160           -0.0260     translate       1.7103    293        10688 0.9731
12224           -0.0556     translate       1.7103    282        10737 0.9730
12288           -0.0205     translate       1.7103    282        10794 0.9729
12352           -0.0195     translate       1.7103    299        10848 0.9728
12416           -0.0100     translate       1.7103    273        10904 0.9728
12480           -0.0069     translate       1.7103    273        10963 0.9727
12544           -0.0217     translate       1.7103    303        11018 0.9725
12608           -0.0078     translate       1.7103    308        11072 0.9724
12672           -0.0107     translate       1.7103    306        11131 0.9724
12736           -0.0117        delete      11.0000    303          321 0.4954
12800           -0.0013     translate       1.7103    312        11238 0.9727
12864           -0.0099     translate       1.7103    312        11295 0.9728
12928           -0.0397     translate       1.7103    308        11352 0.9727
12992           -0.0029     translate       1.7103    310        11409 0.9726
13056            0.0465     translate       1.7959    273        11470 0.9725
13120           -0.0068     translate       1.7959    303        11520 0.9722
13184           -0.0032        delete       9.0000    273          334 0.5007
13248           -0.0008     translate       1.7959    310        11633 0.9723
13312           -0.0008        insert      10.0000    303          283 0.4572
13376           -0.0085     translate       1.7959    326        11741 0.9723
13440           -0.0185     translate       1.7959    315        11794 0.9724
13504           -0.0357     translate       1.7959    315        11844 0.9723
13568           -0.0426     translate       1.7959    331        11894 0.9720
13632           -0.0155     translate       1.7959    312        11954 0.9721
13696           -0.0150     translate       1.7959    337        12010 0.9722
13760            0.0036        delete      13.0000    339          351 0.5029
13824           -0.0113     translate       1.7959    330        12114 0.9720
13888            0.0008     translate       1.7959    312        12175 0.9721
13952           -0.0179     translate       1.7959    334        12225 0.9719
14016           -0.0036     translate       1.8856    343        12285 0.9721
14080           -0.0182     translate       1.8856    340        12336 0.9719
14144           -0.0073     translate       1.8856    330        12393 0.9718
14208           -0.0273     translate       1.8856    344        12445 0.9715
14272           -0.0247     translate       1.8856    344        12498 0.9712
14336           -0.0259     translate       1.8856    352        12550 0.9711
14400           -0.0294     translate       1.8856    338        12603 0.9710
14464           -0.0108     translate       1.8856    354        12662 0.9712
14528           -0.0426     translate       1.8856    331        12719 0.9713
14592           -0.0160     translate       1.8856    353        12776 0.9713
14656           -0.0170        insert      15.0000    334          321 0.4573
14720           -0.0364     translate       1.8856    361        12889 0.9715
14784            0.0124     translate       1.8856    352        12943 0.9712
14848           -0.0172     translate       1.8856    356        12997 0.9711
14912           -0.0604     translate       1.8856    364        13046 0.9709
14976           -0.0300     translate       1.8856    330        13098 0.9706
15040            0.2422     translate       1.9799    361        13155 0.9705
15104           -0.0193     translate       1.9799    358        13213 0.9705
15168           -0.0092     translate       1.9799    334        13270 0.9705
15232           -0.0151     translate       1.9799    356        13325 0.9705
15296           -0.0213     translate       1.9799    367        13379 0.9705
15360           -0.0112        insert      16.0000    364          338 0.4507
15424           -0.0350     translate       1.9799    368        13486 0.9704
15488           -0.0234     translate       1.9799    370        13541 0.9703
15552           -0.0157     translate       1.9799    370        13596 0.9703
15616           -0.0118     translate       1.9799    370        13652 0.9702
15680            0.0588     translate       1.9799    370        13705 0.9699
15744           -0.0128     translate       1.9799    373        13758 0.9698
15808           -0.0066     translate       1.9799    376        13808 0.9697
15872           -0.0111     translate       1.9799    380        13865 0.9697
15936           -0.0139     translate       1.9799    387        13920 0.9698
16000           -0.0129     translate       1.9799    387        13976 0.9699
16064           -0.0221        delete      17.0000    384          403 0.4981
16128           -0.0249     translate       2.0789    387        14084 0.9697
16192           -0.0173     translate       2.0789    382        14137 0.9696
16256           -0.0242     translate       2.0789    390        14186 0.9692
16320           -0.0260     translate       2.0789    390        14238 0.9692
16384           -0.0384     translate       2.0789    390        14295 0.9692
16448           -0.0355     translate       2.0789    396        14349 0.9691
16512           -0.0132     translate       2.0789    387        14408 0.9692
16576           -0.0306     translate       2.0789    402        14464 0.9691
16640           -0.0143     translate       2.0789    383        14521 0.9692
16704           -0.0077     translate       2.0789    376        14576 0.9690
16768           -0.0161     translate       2.0789    399        14631 0.9690
16832           -0.0082     translate       2.0789    406        14687 0.9689
16896           -0.0181     translate       2.0789    403        14741 0.9688
16960           -0.0135     translate       2.0789    373        14798 0.9688
17024           -0.0166     translate       2.1829    373        14859 0.9690
17088            0.0366     translate       2.1829    399        14919 0.9690
17152           -0.0168     translate       2.1829    407        14971 0.9688
17216           -0.0190     translate       2.1829    396        15023 0.9688
17280           -0.0321     translate       2.1829    417        15076 0.9686
17344           -0.0171        delete      16.0000    392          432 0.4988
17408           -0.0309     translate       2.1829    411        15181 0.9684
17472           -0.0477     translate       2.1829    407        15237 0.9684
17536           -0.0449     translate       2.1829    399        15292 0.9682
17600           -0.0304     translate       2.1829    407        15342 0.9681
17664           -0.0310     translate       2.1829    399        15394 0.9681
17728           -0.0299     translate       2.1829    405        15444 0.9679
17792           -0.0080     translate       2.1829    432        15494 0.9678
17856           -0.0162     translate       2.1829    429        15551 0.9679
17920           -0.0319     translate       2.1829    411        15612 0.9679
17984           -0.0208     translate       2.1829    437        15664 0.9679
18048           -0.0149     translate       2.2920    435        15721 0.9678
18112           -0.0328        insert      16.0000    405          405 0.4490
18176           -0.0489     translate       2.2920    435        15829 0.9675
18240           -0.0199        insert      14.0000    442          408 0.4464
18304           -0.0237        insert      13.0000    419          410 0.4466
18368           -0.0190     translate       2.2920    442        15980 0.9671
18432           -0.0175     translate       2.2920    440        16033 0.9669
18496            0.0370     translate       2.2920    432        16089 0.9669
18560           -0.0128     translate       2.2920    413        16143 0.9670
18624           -0.0054     translate       2.2920    433        16197 0.9669
18688            0.3658     translate       2.2920    433        16254 0.9669
18752           -0.0022     translate       2.2920    453        16310 0.9669
18816           -0.0091     translate       2.2920    448        16366 0.9669
18880           -0.0210     translate       2.2920    458        16422 0.9669
18944           -0.0119     translate       2.2920    455        16481 0.9669
19008           -0.0021     translate       2.4066    435        16532 0.9670
19072           -0.0012     translate       2.4066    454        16591 0.9669
19136           -0.0060     translate       2.4066    457        16652 0.9670
19200           -0.0074     translate       2.4066    458        16707 0.9670
19264           -0.0039     translate       2.4066    460        16766 0.9671
19328           -0.0004     translate       2.4066    460        16823 0.9670
19392           -0.0000     translate       2.4066    459        16879 0.9669
19456           -0.0011     translate       2.4066    459        16935 0.9669
19520           -0.0026     translate       2.4066    467        16987 0.9669
19584           -0.0129     translate       2.4066    446        17044 0.9669
19648            0.0376     translate       2.4066    470        17099 0.9669
19712           -0.0011     translate       2.4066    463        17153 0.9666
19776           -0.0023     translate       2.4066    469        17211 0.9667
19840           -0.0013     translate       2.4066    471        17264 0.9667
19904           -0.0010     translate       2.4066    469        17321 0.9668
19968           -0.0054     translate       2.4066    473        17379 0.9668
20032           -0.0028     translate       2.4066    479        17431 0.9669
20096           -0.0032     translate       2.4066    481        17484 0.9669
20160           -0.0026        insert      12.0000    485          454 0.4504
20224           -0.0074     translate       2.4066    484        17596 0.9670
20288           -0.0143     translate       2.4066    485        17652 0.9670
20352           -0.0151     translate       2.4066    480        17713 0.9671
20416           -0.0241     translate       2.4066    487        17768 0.9671
20480           -0.0131     translate       2.4066    485        17825 0.9671
20544           -0.0277     translate       2.4066    473        17880 0.9670
20608           -0.0017     translate       2.4066    488        17942 0.9671
20672           -0.0025     translate       2.4066    486        18000 0.9672
20736           -0.0077     translate       2.4066    495        18059 0.9673
20800           -0.0102     translate       2.4066    486        18113 0.9672
20864           -0.0124     translate       2.4066    487        18167 0.9671
20928           -0.0142     translate       2.4066    488        18225 0.9672
20992           -0.0175     translate       2.4066    494        18279 0.9671
21056           -0.0137     translate       2.5270    494        18331 0.9668
21120           -0.0008     translate       2.5270    488        18387 0.9668
21184           -0.0119     translate       2.5270    493        18446 0.9669
21248           -0.0102     translate       2.5270    488        18499 0.9670
21312           -0.0010     translate       2.5270    505        18556 0.9671
21376            0.0165        insert       7.0000    497          476 0.4482
21440           -0.0014     translate       2.5270    500        18666 0.9667
21504           -0.0009     translate       2.5270    497        18729 0.9669
21568           -0.0016     translate       2.5270    509        18788 0.9670
21632           -0.0116     translate       2.5270    505        18842 0.9668
21696           -0.0090     translate       2.5270    497        18896 0.9668
21760           -0.0021     translate       2.5270    510        18952 0.9669
21824           -0.0029     translate       2.5270    516        19007 0.9670
21888           -0.0233     translate       2.5270    500        19063 0.9669
21952           -0.0251     translate       2.5270    513        19115 0.9666
22016           -0.0379     translate       2.6533    515        19166 0.9665
22080           -0.0348        insert      20.0000    513          499 0.4520
22144            0.0302     translate       2.6533    519        19272 0.9664
22208           -0.0179     translate       2.6533    526        19326 0.9663
22272            0.5350     translate       2.6533    488        19377 0.9661
22336            0.4976     translate       2.6533    525        19433 0.9660
22400            0.0267     translate       2.6533    534        19487 0.9660
22464           -0.0615        insert      27.0000    520          511 0.4518
22528            0.0025     translate       2.6533    529        19587 0.9654
22592           -0.0568     translate       2.6533    525        19638 0.9653
22656           -0.1041     translate       2.6533    510        19692 0.9653
22720           -0.0257     translate       2.6533    522        19746 0.9651
22784           -0.0466     translate       2.6533    523        19804 0.9651
22848           -0.0689     translate       2.6533    525        19858 0.9650
22912           -0.0330     translate       2.6533    545        19914 0.9650
22976           -0.0491     translate       2.6533    544        19966 0.9649
23040           -0.0469     translate       2.7860    529        20021 0.9648
23104           -0.0111     translate       2.7860    528        20074 0.9647
23168           -0.0295     translate       2.7860    528        20128 0.9646
23232            0.2674     translate       2.7860    548        20182 0.9644
23296           -0.0315     translate       2.7860    514        20233 0.9643
23360           -0.0458     translate       2.7860    535        20288 0.9641
23424           -0.0288     translate       2.7860    532        20343 0.9641
23488           -0.0314     translate       2.7860    532        20396 0.9639
23552            0.0597     translate       2.7860    532        20448 0.9639
23616           -0.0148     translate       2.7860    552        20503 0.9639
23680            0.0136     translate       2.7860    555        20560 0.9640
23744           -0.0070     translate       2.7860    554        20614 0.9640
23808           -0.0221        delete      15.0000    551          580 0.4907
23872           -0.0027     translate       2.7860    528        20724 0.9640
23936           -0.0061     translate       2.7860    555        20780 0.9640
24000           -0.0039     translate       2.7860    551        20838 0.9641
24064           -0.0065        insert      10.0000    560          536 0.4489
24128           -0.0017     translate       2.9253    552        20950 0.9639
24192           -0.0060     translate       2.9253    563        21003 0.9640
24256           -0.0179     translate       2.9253    566        21057 0.9639
24320            0.0073     translate       2.9253    552        21110 0.9639
24384           -0.0216     translate       2.9253    562        21167 0.9639
24448           -0.0286     translate       2.9253    565        21223 0.9638
24512           -0.0036     translate       2.9253    571        21275 0.9635
24576           -0.0034     translate       2.9253    565        21332 0.9635
24640           -0.0041     translate       2.9253    565        21387 0.9636
24704           -0.0331     translate       2.9253    579        21441 0.9636
24768           -0.0151     translate       2.9253    552        21493 0.9636
24832           -0.0362     translate       2.9253    567        21548 0.9635
24896           -0.0163     translate       2.9253    571        21601 0.9634
24960           -0.0073     translate       2.9253    581        21654 0.9634
25024            0.0340        insert      16.0000    579          565 0.4538
25088           -0.0259     translate       3.0715    581        21766 0.9634
25152           -0.0112     translate       3.0715    590        21818 0.9634
25216           -0.0091     translate       3.0715    586        21870 0.9633
25280           -0.0170     translate       3.0715    591        21924 0.9633
25344            0.0062     translate       3.0715    571        21975 0.9631
25408           -0.0238     translate       3.0715    590        22030 0.9631
25472            0.0316     translate       3.0715    591        22080 0.9628
25536           -0.0159     translate       3.0715    592        22130 0.9626
25600           -0.0043     translate       3.0715    592        22190 0.9626
25664           -0.0111     translate       3.0715    604        22247 0.9627
25728           -0.0126     translate       3.0715    574        22302 0.9627
25792           -0.0082     translate       3.0715    602        22359 0.9627
25856           -0.0081     translate       3.0715    602        22419 0.9628
25920           -0.0028     translate       3.0715    593        22476 0.9628
25984           -0.0027     translate       3.0715    608        22535 0.9629
26048           -0.0135     translate       3.0715    602        22587 0.9628
26112           -0.0084     translate       3.0715    602        22642 0.9629
26176           -0.0112     translate       3.0715    604        22697 0.9628
26240           -0.0245     translate       3.0715    602        22753 0.9628
26304            0.0355     translate       3.0715    607        22808 0.9626
26368           -0.0097        insert      17.0000    618          599 0.4580
26432           -0.0186     translate       3.0715    602        22916 0.9626
26496           -0.0135        delete      21.0000    622          647 0.4924
26560           -0.0472     translate       3.0715    625        23022 0.9625
26624            0.0607        insert      22.0000    604          609 0.4582
26688            0.0053     translate       3.0715    632        23122 0.9623
26752           -0.0077     translate       3.0715    633        23176 0.9622
26816           -0.0554        delete      20.0000    633          657 0.4918
26880            0.0969     translate       3.0715    635        23280 0.9618
26944            0.0613     translate       3.0715    623        23337 0.9619
27008            0.0957     translate       3.2251    630        23391 0.9618
27072           -0.0070     translate       3.2251    618        23447 0.9617
27136           -0.0088     translate       3.2251    612        23505 0.9617
27200           -0.0219        insert      17.0000    603          617 0.4570
27264           -0.0344     translate       3.2251    607        23608 0.9616
27328           -0.0164     translate       3.2251    639        23661 0.9615
27392           -0.0399     translate       3.2251    638        23714 0.9614
27456           -0.0093     translate       3.2251    643        23766 0.9613
27520           -0.0057     translate       3.2251    619        23818 0.9612
27584           -0.0212     translate       3.2251    633        23875 0.9612
27648           -0.0056     translate       3.2251    646        23926 0.9609
27712           -0.0185     translate       3.2251    619        23979 0.9609
27776           -0.0073     translate       3.2251    617        24034 0.9609
27840           -0.0095     translate       3.2251    648        24092 0.9610
27904           -0.0153     translate       3.2251    648        24145 0.9610
27968           -0.0290     translate       3.2251    657        24192 0.9607
28032           -0.0073     translate       3.3864    654        24249 0.9607
28096           -0.0026     translate       3.3864    643        24303 0.9607
28160           -0.0275     translate       3.3864    661        24358 0.9607
28224           -0.0084     translate       3.3864    645        24415 0.9607
28288           -0.0139     translate       3.3864    636        24472 0.9608
28352           -0.0029     translate       3.3864    657        24528 0.9609
28416           -0.0145     translate       3.3864    663        24578 0.9607
28480           -0.0119     translate       3.3864    661        24632 0.9606
28544           -0.0110     translate       3.3864    636        24685 0.9606
28608           -0.0045     translate       3.3864    674        24736 0.9606
28672           -0.0187     translate       3.3864    667        24794 0.9607
28736           -0.0228     translate       3.3864    673        24848 0.9606
28800           -0.0386     translate       3.3864    673        24900 0.9605
28864           -0.0187     translate       3.3864    673        24948 0.9603
28928           -0.0067     translate       3.3864    658        25000 0.9603
28992           -0.0165     translate       3.3864    660        25054 0.9602
29056           -0.0093     translate       3.3864    636        25110 0.9601
29120           -0.0061     translate       3.3864    657        25166 0.9601
29184           -0.0094     translate       3.3864    678        25222 0.9600
29248           -0.0105     translate       3.3864    660        25273 0.9599
29312           -0.0101     translate       3.3864    682        25327 0.9600
29376           -0.0152     translate       3.3864    684        25377 0.9599
29440           -0.0110     translate       3.3864    683        25432 0.9600
29504           -0.0045     translate       3.3864    688        25484 0.9598
29568           -0.0065     translate       3.3864    691        25537 0.9597
29632           -0.0338        delete      17.0000    685          728 0.4889
29696           -0.0157     translate       3.3864    695        25636 0.9595
29760           -0.0094        insert      16.0000    686          684 0.4584
29824           -0.0111     translate       3.3864    694        25743 0.9594
29888           -0.0175     translate       3.3864    686        25802 0.9594
29952            0.0107        delete      13.0000    689          736 0.4890
30016           -0.0047     translate       3.5557    701        25914 0.9594
30080           -0.0172     translate       3.5557    660        25971 0.9594
30144           -0.0060     translate       3.5557    704        26026 0.9594
30208            0.0822        delete       6.0000    686          747 0.4902
30272           -0.0001     translate       3.5557    702        26134 0.9594
30336           -0.0006     translate       3.5557    705        26187 0.9595
30400           -0.0009     translate       3.5557    705        26238 0.9595
30464           -0.0002     translate       3.5557    701        26293 0.9595
30528           -0.0020     translate       3.5557    710        26350 0.9596
30592           -0.0023     translate       3.5557    706        26402 0.9597
30656           -0.0087     translate       3.5557    710        26457 0.9597
30720           -0.0048        delete      10.0000    706          762 0.4860
30784           -0.0050     translate       3.5557    714        26567 0.9597
30848           -0.0017     translate       3.5557    723        26625 0.9598
30912           -0.0121     translate       3.5557    723        26677 0.9597
30976           -0.0080        delete      11.0000    724          767 0.4836
31040           -0.0024        insert      12.0000    726          715 0.4649
31104           -0.0131     translate       3.7335    725        26845 0.9597
31168           -0.0211     translate       3.7335    709        26900 0.9598
31232           -0.0240     translate       3.7335    714        26950 0.9596
31296           -0.0139     translate       3.7335    727        27005 0.9596
31360           -0.0278     translate       3.7335    729        27062 0.9595
31424           -0.0087     translate       3.7335    722        27116 0.9595
31488            0.0325     translate       3.7335    732        27172 0.9594
31552           -0.0022     translate       3.7335    731        27227 0.9594
31616           -0.0112     translate       3.7335    731        27280 0.9594
31680           -0.0126     translate       3.7335    722        27337 0.9594
31744           -0.0035     translate       3.7335    737        27391 0.9593
31808           -0.0027     translate       3.7335    729        27444 0.9593
31872           -0.0025     translate       3.7335    745        27498 0.9593
31936           -0.0098     translate       3.7335    744        27550 0.9593
32000           -0.0137     translate       3.7335    737        27602 0.9592
32064           -0.0123     translate       3.9201    742        27657 0.9592
32128            0.1293     translate       3.9201    751        27711 0.9592
32192           -0.0097     translate       3.9201    753        27764 0.9592
32256           -0.0169     translate       3.9201    744        27816 0.9591
32320           -0.0014     translate       3.9201    754        27874 0.9591
32384           -0.0301     translate       3.9201    741        27928 0.9591
32448           -0.0067     translate       3.9201    729        27985 0.9591
32512           -0.0051     translate       3.9201    741        28041 0.9591
32576           -0.0063     translate       3.9201    747        28094 0.9590
32640           -0.0224        insert      13.0000    734          754 0.4657
32704           -0.0110     translate       3.9201    758        28195 0.9587
32768           -0.0229     translate       3.9201    734        28251 0.9586
32832           -0.0090     translate       3.9201    748        28310 0.9587
32896           -0.0254     translate       3.9201    767        28368 0.9586
32960           -0.0133     translate       3.9201    758        28425 0.9586
33024           -0.0349     translate       4.1161    770        28483 0.9585
33088           -0.0180     translate       4.1161    729        28536 0.9584
33152           -0.0048     translate       4.1161    746        28595 0.9584
33216           -0.0106        delete      16.0000    747          814 0.4839
33280           -0.0095     translate       4.1161    762        28696 0.9581
33344           -0.0323     translate       4.1161    754        28746 0.9580
33408            0.0056     translate       4.1161    763        28798 0.9579
33472           -0.0200     translate       4.1161    762        28854 0.9579
33536            0.4803        delete      17.0000    768          820 0.4841
33600           -0.0058     translate       4.1161    781        28959 0.9577
33664           -0.0417     translate       4.1161    763        29012 0.9577
33728           -0.0020     translate       4.1161    774        29065 0.9577
33792           -0.0184     translate       4.1161    771        29117 0.9575
33856            0.0026     translate       4.1161    789        29161 0.9574
33920            0.0212     translate       4.1161    788        29216 0.9574
33984           -0.0156     translate       4.1161    778        29275 0.9574
34048           -0.0049     translate       4.3219    791        29331 0.9574
34112           -0.0163     translate       4.3219    778        29390 0.9574
34176           -0.0014     translate       4.3219    790        29450 0.9575
34240           -0.0046     translate       4.3219    785        29503 0.9574
34304           -0.0043     translate       4.3219    787        29557 0.9573
34368           -0.0111        delete      12.0000    794          841 0.4847
34432           -0.0123     translate       4.3219    778        29673 0.9573
34496            0.0112     translate       4.3219    779        29721 0.9573
34560           -0.0177     translate       4.3219    763        29780 0.9573
34624           -0.0154        insert      14.0000    763          795 0.4644
34688            0.0405     translate       4.3219    797        29888 0.9572
34752            0.0787     translate       4.3219    797        29944 0.9572
34816           -0.0016     translate       4.3219    788        30002 0.9573
34880           -0.0120     translate       4.3219    778        30052 0.9572
34944           -0.0058     translate       4.3219    788        30108 0.9572
35008           -0.0100     translate       4.5380    778        30168 0.9572
35072           -0.0135     translate       4.5380    788        30224 0.9572
35136           -0.0053     translate       4.5380    801        30278 0.9571
35200           -0.0157     translate       4.5380    794        30336 0.9572
35264           -0.0037     translate       4.5380    801        30395 0.9572
35328           -0.0019     translate       4.5380    800        30454 0.9573
35392           -0.0176     translate       4.5380    792        30507 0.9573
35456           -0.0005     translate       4.5380    804        30564 0.9573
35520           -0.0037     translate       4.5380    809        30618 0.9573
35584           -0.0036     translate       4.5380    809        30673 0.9573
35648           -0.0024     translate       4.5380    778        30732 0.9573
35712           -0.0030     translate       4.5380    778        30789 0.9574
35776           -0.0055     translate       4.5380    811        30843 0.9574
35840           -0.0000     translate       4.5380    801        30897 0.9573
35904           -0.0082     translate       4.5380    818        30952 0.9573
35968           -0.0172     translate       4.5380    812        31011 0.9574
36032           -0.0051     translate       4.7649    816        31058 0.9574
36096           -0.0102     translate       4.7649    810        31114 0.9574
36160           -0.0099     translate       4.7649    824        31161 0.9573
36224           -0.0053     translate       4.7649    828        31218 0.9573
36288           -0.0215     translate       4.7649    824        31271 0.9573
36352           -0.0103     translate       4.7649    826        31321 0.9572
36416            0.0468     translate       4.7649    829        31371 0.9571
36480            0.0913     translate       4.7649    837        31426 0.9570
36544           -0.0141     translate       4.7649    835        31483 0.9570
36608            0.0985     translate       4.7649    833        31534 0.9568
36672           -0.0253     translate       4.7649    839        31589 0.9568
36736           -0.0009     translate       4.7649    830        31642 0.9568
36800           -0.0091     translate       4.7649    820        31695 0.9568
36864           -0.0218     translate       4.7649    825        31746 0.9567
36928           -0.0173     translate       4.7649    842        31798 0.9566
36992           -0.0128     translate       4.7649    843        31853 0.9566
37056           -0.0297     translate       5.0032    820        31913 0.9567
37120           -0.0050     translate       5.0032    837        31963 0.9567
37184           -0.0297     translate       5.0032    820        32009 0.9564
37248           -0.0189     translate       5.0032    835        32062 0.9563
37312            0.0679        insert      15.0000    842          854 0.4659
37376           -0.0150     translate       5.0032    850        32167 0.9563
37440           -0.0112     translate       5.0032    855        32221 0.9563
37504           -0.0154     translate       5.0032    848        32271 0.9562
37568           -0.0016     translate       5.0032    828        32324 0.9561
37632           -0.0044     translate       5.0032    843        32381 0.9560
37696           -0.0160     translate       5.0032    850        32436 0.9560
37760           -0.0147     translate       5.0032    862        32493 0.9561
37824           -0.0089     translate       5.0032    842        32549 0.9561
37888           -0.0035     translate       5.0032    861        32602 0.9560
37952           -0.0093     translate       5.0032    863        32661 0.9560
38016           -0.0207     translate       5.2533    843        32714 0.9560
38080           -0.0040     translate       5.2533    867        32770 0.9559
38144           -0.0076     translate       5.2533    843        32825 0.9559
38208           -0.0103     translate       5.2533    866        32880 0.9558
38272           -0.0309     translate       5.2533    828        32928 0.9557
38336           -0.0147     translate       5.2533    874        32984 0.9557
38400           -0.0087     translate       5.2533    861        33036 0.9557
38464           -0.0248     translate       5.2533    861        33086 0.9557
38528           -0.0057     translate       5.2533    854        33138 0.9556
38592           -0.0065     translate       5.2533    860        33189 0.9555
38656           -0.0299     translate       5.2533    876        33248 0.9555
38720           -0.0144     translate       5.2533    886        33300 0.9554
38784           -0.0156     translate       5.2533    874        33353 0.9554
38848           -0.0185     translate       5.2533    887        33409 0.9554
38912           -0.0282     translate       5.2533    876        33464 0.9554
38976           -0.0334     translate       5.2533    889        33519 0.9554
39040           -0.0087     translate       5.5160    879        33576 0.9554
39104           -0.0424     translate       5.5160    889        33631 0.9553
39168           -0.0164     translate       5.5160    861        33690 0.9553
39232           -0.0148     translate       5.5160    884        33746 0.9554
39296           -0.0058     translate       5.5160    890        33803 0.9553
39360           -0.0122     translate       5.5160    894        33860 0.9554
39424           -0.0107     translate       5.5160    874        33916 0.9554
39488           -0.0099     translate       5.5160    895        33968 0.9554
39552           -0.0033     translate       5.5160    890        34014 0.9553
39616           -0.0133     translate       5.5160    890        34072 0.9553
39680           -0.0158     translate       5.5160    899        34126 0.9553
39744           -0.0140     translate       5.5160    897        34181 0.9552
39808           -0.0077     translate       5.5160    903        34237 0.9552
39872           -0.0067     translate       5.5160    906        34295 0.9553
39936           -0.0117     translate       5.5160    904        34350 0.9553
40000           -0.0161     translate       5.5160    910        34407 0.9553
40064           -0.0100     translate       5.7918    902        34457 0.9552
40128           -0.0243     translate       5.7918    899        34514 0.9553
40192           -0.0147     translate       5.7918    907        34573 0.9553
40256           -0.0010     translate       5.7918    909        34629 0.9554
40320           -0.0008     translate       5.7918    899        34679 0.9553
40384           -0.0002     translate       5.7918    912        34739 0.9554
40448           -0.0012     translate       5.7918    913        34793 0.9554
40512           -0.0003     translate       5.7918    899        34847 0.9554
40576           -0.0035     translate       5.7918    921        34898 0.9554
40640           -0.0055     translate       5.7918    902        34958 0.9554
40704           -0.0044     translate       5.7918    912        35011 0.9554
40768           -0.0114     translate       5.7918    912        35065 0.9554
40832           -0.0018     translate       5.7918    915        35122 0.9554
40896           -0.0240     translate       5.7918    924        35172 0.9553
40960           -0.0170        insert      13.0000    914          931 0.4657
41024           -0.0175     translate       6.0814    924        35278 0.9551
41088           -0.0032     translate       6.0814    919        35332 0.9550
41152            0.1736     translate       6.0814    923        35384 0.9550
41216           -0.0065     translate       6.0814    912        35435 0.9549
41280            0.1128     translate       6.0814    930        35484 0.9548
41344           -0.0077     translate       6.0814    935        35544 0.9549
41408           -0.0293     translate       6.0814    926        35596 0.9549
41472            0.0097     translate       6.0814    939        35653 0.9548
41536           -0.0069     translate       6.0814    940        35713 0.9548
41600           -0.0153     translate       6.0814    933        35769 0.9548
41664           -0.0055     translate       6.0814    932        35821 0.9547
41728           -0.0023     translate       6.0814    930        35875 0.9547
41792           -0.0048     translate       6.0814    928        35930 0.9547
41856           -0.0148     translate       6.0814    939        35981 0.9546
41920           -0.0111     translate       6.0814    933        36033 0.9546
41984           -0.0123     translate       6.0814    919        36086 0.9546
42048           -0.0209     translate       6.3855    919        36141 0.9545
42112           -0.0115     translate       6.3855    947        36194 0.9545
42176           -0.0090     translate       6.3855    940        36246 0.9544
42240           -0.0077     translate       6.3855    936        36299 0.9544
42304           -0.0070     translate       6.3855    942        36345 0.9543
42368           -0.0180     translate       6.3855    945        36398 0.9542
42432           -0.0185     translate       6.3855    958        36447 0.9542
42496           -0.0094        insert      12.0000    951          969 0.4636
42560           -0.0008        delete      10.0000    954         1023 0.4738
42624           -0.0134     translate       6.3855    957        36605 0.9540
42688           -0.0084     translate       6.3855    936        36658 0.9539
42752           -0.0050     translate       6.3855    962        36715 0.9539
42816           -0.0138     translate       6.3855    962        36773 0.9539
42880           -0.0064        insert      14.0000    963          977 0.4639
42944           -0.0023     translate       6.3855    968        36877 0.9538
43008           -0.0192     translate       6.7048    964        36932 0.9538
43072           -0.0100     translate       6.7048    958        36989 0.9538
43136           -0.0099     translate       6.7048    946        37045 0.9538
43200           -0.0344     translate       6.7048    967        37099 0.9538
43264           -0.0212     translate       6.7048    946        37155 0.9537
43328           -0.0179     translate       6.7048    976        37199 0.9536
43392           -0.0455     translate       6.7048    966        37254 0.9535
43456           -0.0198     translate       6.7048    975        37304 0.9534
43520           -0.0186     translate       6.7048    968        37357 0.9534
43584           -0.0209     translate       6.7048    973        37409 0.9534
43648           -0.0227     translate       6.7048    970        37459 0.9533
43712           -0.0136     translate       6.7048    958        37510 0.9532
43776            0.0153     translate       6.7048    970        37562 0.9531
43840           -0.0170     translate       6.7048    986        37616 0.9531
43904           -0.0096     translate       6.7048    985        37670 0.9531
43968           -0.0257     translate       6.7048    984        37723 0.9531
44032           -0.0152     translate       7.0400    989        37777 0.9530
44096           -0.0079     translate       7.0400    985        37833 0.9529
44160            0.1070     translate       7.0400   1002        37881 0.9529
44224            0.0002     translate       7.0400    985        37929 0.9527
44288           -0.0196     translate       7.0400   1001        37979 0.9527
44352           -0.0194     translate       7.0400   1004        38026 0.9525
44416           -0.0195     translate       7.0400   1008        38080 0.9525
44480           -0.0249        delete      18.0000    998         1068 0.4768
44544           -0.0349     translate       7.0400    990        38185 0.9524
44608           -0.0193     translate       7.0400    950        38242 0.9524
44672           -0.0240     translate       7.0400   1002        38295 0.9523
44736           -0.0128     translate       7.0400    998        38350 0.9523
44800           -0.0188     translate       7.0400   1011        38403 0.9523
44864           -0.0064     translate       7.0400   1016        38456 0.9523
44928           -0.0262     translate       7.0400   1013        38510 0.9523
44992            0.0736     translate       7.0400   1018        38564 0.9522
45056           -0.0123     translate       7.0400   1020        38614 0.9522
45120           -0.0219     translate       7.0400   1020        38670 0.9521
45184           -0.0081     translate       7.0400   1019        38727 0.9521
45248           -0.0150     translate       7.0400   1017        38783 0.9521
45312           -0.0058        delete      18.0000   1011         1083 0.4760
45376           -0.0119     translate       7.0400   1026        38887 0.9519
45440           -0.0172        insert      16.0000   1016         1040 0.4616
45504           -0.0601     translate       7.0400   1034        38987 0.9518
45568           -0.0452     translate       7.0400   1014        39036 0.9518
45632            0.5079     translate       7.0400   1026        39093 0.9517
45696           -0.0496     translate       7.0400   1021        39137 0.9515
45760           -0.0392     translate       7.0400   1038        39188 0.9514
45824            0.0105     translate       7.0400   1018        39243 0.9514
45888           -0.0193     translate       7.0400   1003        39295 0.9514
45952           -0.0302     translate       7.0400   1039        39351 0.9513
46016           -0.0514     translate       7.3920   1039        39407 0.9513
46080           -0.0445     translate       7.3920   1042        39457 0.9512
46144           -0.0390     translate       7.3920   1050        39511 0.9512
46208           -0.0531        delete      21.0000   1051         1107 0.4776
46272           -0.0232     translate       7.3920   1049        39606 0.9510
46336           -0.0317     translate       7.3920   1051        39660 0.9509
46400           -0.0389     translate       7.3920   1047        39715 0.9509
46464           -0.0444     translate       7.3920   1045        39773 0.9509
46528           -0.0249     translate       7.3920   1039        39828 0.9509
46592           -0.0160     translate       7.3920   1052        39882 0.9508
46656            0.0873     translate       7.3920   1062        39931 0.9508
46720           -0.0522        delete      20.0000   1024         1119 0.4786
46784            0.0733     translate       7.3920   1054        40037 0.9507
46848           -0.0188     translate       7.3920   1061        40091 0.9507
46912            0.0160     translate       7.3920   1065        40148 0.9507
46976           -0.0432     translate       7.3920   1043        40200 0.9506
47040           -0.0396     translate       7.7616   1069        40252 0.9506
47104           -0.0637     translate       7.7616   1050        40301 0.9506
47168           -0.0238     translate       7.7616   1052        40357 0.9506
47232            0.0202     translate       7.7616   1061        40412 0.9505
47296           -0.0417        delete      19.0000   1070         1134 0.4797
47360           -0.0477     translate       7.7616   1050        40521 0.9505
47424           -0.0141     translate       7.7616   1063        40572 0.9504
47488           -0.0269     translate       7.7616   1063        40624 0.9504
47552           -0.0399     translate       7.7616   1065        40680 0.9504
47616           -0.0581     translate       7.7616   1063        40736 0.9504
47680           -0.0268     translate       7.7616   1082        40785 0.9504
47744           -0.0340     translate       7.7616   1065        40835 0.9502
47808           -0.0086     translate       7.7616   1076        40884 0.9502
47872           -0.0258        insert      19.0000   1086         1101 0.4603
47936           -0.0275     translate       7.7616   1090        40993 0.9501
48000           -0.0249     translate       7.7616   1090        41038 0.9499
48064           -0.0389     translate       8.1497   1087        41093 0.9499
48128           -0.0181        insert      16.0000   1092         1106 0.4601
48192           -0.0211     translate       8.1497   1074        41198 0.9498
48256           -0.0066     translate       8.1497   1073        41251 0.9498
48320           -0.0243     translate       8.1497   1096        41307 0.9498
48384           -0.0238     translate       8.1497   1098        41357 0.9498
48448           -0.0202     translate       8.1497   1090        41411 0.9498
48512           -0.0306     translate       8.1497   1073        41463 0.9498
48576           -0.0122     translate       8.1497   1100        41511 0.9497
48640           -0.0031     translate       8.1497   1090        41566 0.9497
48704           -0.0274     translate       8.1497   1102        41618 0.9497
48768           -0.0221     translate       8.1497   1102        41674 0.9496
48832           -0.0060     translate       8.1497   1084        41729 0.9496
48896           -0.0207     translate       8.1497   1106        41786 0.9496
48960           -0.0357        delete      21.0000   1101         1172 0.4784
49024            0.0131        delete      18.0000   1107         1175 0.4790
49088            0.1047     translate       8.5572   1097        41932 0.9493
49152            0.0124     translate       8.5572   1118        41983 0.9493
49216           -0.0274     translate       8.5572   1109        42032 0.9493
49280           -0.0068        delete      11.0000   1104         1188 0.4802
49344           -0.0036     translate       8.5572   1116        42136 0.9492
49408           -0.0012     translate       8.5572   1112        42189 0.9492
49472           -0.0024     translate       8.5572   1073        42245 0.9492
49536           -0.0112        insert       9.0000   1119         1139 0.4598
49600           -0.0010     translate       8.5572   1073        42354 0.9492
49664           -0.0000     translate       8.5572   1116        42405 0.9491
49728           -0.0097     translate       8.5572   1122        42458 0.9491
49792           -0.0009     translate       8.5572   1124        42516 0.9492
49856           -0.0027     translate       8.5572   1128        42572 0.9493
49920           -0.0043     translate       8.5572   1128        42628 0.9492
49984           -0.0181     translate       8.5572   1126        42685 0.9492
50048           -0.0071     translate       8.9850   1127        42740 0.9492
50112           -0.0194     translate       8.9850   1135        42797 0.9492
50176           -0.0192     translate       8.9850   1127        42849 0.9492
50240           -0.0118     translate       8.9850   1138        42905 0.9493
50304           -0.0152        delete      14.0000   1138         1210 0.4781
50368           -0.0135     translate       8.9850   1137        43011 0.9492
50432           -0.0178     translate       8.9850   1126        43065 0.9491
50496           -0.0437     translate       8.9850   1144        43121 0.9491
50560           -0.0266     translate       8.9850   1136        43179 0.9492
50624           -0.0219     translate       8.9850   1139        43231 0.9491
50688           -0.0139     translate       8.9850   1143        43284 0.9490
50752           -0.0335     translate       8.9850   1147        43342 0.9491
50816           -0.0207     translate       8.9850   1145        43399 0.9491
50880           -0.0261     translate       8.9850   1152        43454 0.9490
50944           -0.0127     translate       8.9850   1136        43510 0.9490
51008           -0.0269     translate       9.4343   1143        43569 0.9491
51072           -0.0141     translate       9.4343   1153        43621 0.9490
51136           -0.0136     translate       9.4343   1136        43672 0.9490
51200           -0.0118     translate       9.4343   1158        43726 0.9490
51264           -0.0238     translate       9.4343   1161        43781 0.9490
51328           -0.0298     translate       9.4343   1159        43830 0.9490
51392           -0.0180     translate       9.4343   1156        43883 0.9489
51456           -0.0146     translate       9.4343   1139        43938 0.9489
51520           -0.0088     translate       9.4343   1138        43990 0.9489
51584           -0.0066     translate       9.4343   1163        44045 0.9489
51648            0.1758     translate       9.4343   1165        44105 0.9490
51712            0.0513     translate       9.4343   1158        44159 0.9489
51776           -0.0250     translate       9.4343   1157        44213 0.9489
51840            0.0058     translate       9.4343   1158        44266 0.9488
51904           -0.0138     translate       9.4343   1165        44322 0.9488
51968           -0.0106     translate       9.4343   1169        44378 0.9488
52032           -0.0013     translate       9.9060   1155        44432 0.9488
52096           -0.0035     translate       9.9060   1158        44486 0.9488
52160           -0.0013     translate       9.9060   1176        44541 0.9488
52224           -0.0039     translate       9.9060   1158        44594 0.9488
52288           -0.0081     translate       9.9060   1174        44643 0.9487
52352           -0.0003     translate       9.9060   1179        44700 0.9487
52416           -0.0016     translate       9.9060   1158        44753 0.9487
52480           -0.0056     translate       9.9060   1158        44804 0.9487
52544           -0.0033     translate       9.9060   1186        44855 0.9486
52608           -0.0203        insert      12.0000   1186         1214 0.4625
52672           -0.0075     translate       9.9060   1180        44959 0.9485
52736           -0.0122     translate       9.9060   1192        45010 0.9485
52800           -0.0022     translate       9.9060   1193        45066 0.9485
52864           -0.0142     translate       9.9060   1180        45124 0.9485
52928           -0.0075     translate       9.9060   1186        45175 0.9485
52992           -0.0090     translate       9.9060   1192        45228 0.9484
53056           -0.0121     translate      10.4013   1196        45285 0.9484
53120           -0.0021        delete       8.0000   1189         1279 0.4785
53184           -0.0002     translate      10.4013   1177        45396 0.9484
53248           -0.0021     translate      10.4013   1192        45454 0.9485
53312           -0.0013     translate      10.4013   1180        45508 0.9485
53376           -0.0071     translate      10.4013   1198        45564 0.9485
53440           -0.0123     translate      10.4013   1201        45619 0.9485
53504           -0.0113     translate      10.4013   1203        45669 0.9485
53568           -0.0179     translate      10.4013   1208        45720 0.9484
53632           -0.0067     translate      10.4013   1205        45776 0.9484
53696           -0.0110        insert      15.0000   1203         1244 0.4659
53760           -0.0111     translate      10.4013   1209        45879 0.9482
53824            0.0137     translate      10.4013   1192        45928 0.9482
53888            0.0145     translate      10.4013   1208        45982 0.9481
53952           -0.0386     translate      10.4013   1211        46033 0.9481
54016           -0.0137     translate      10.9213   1203        46087 0.9480
54080           -0.0227     translate      10.9213   1219        46142 0.9480
54144           -0.0348     translate      10.9213   1198        46197 0.9480
54208           -0.0372     translate      10.9213   1221        46252 0.9480
54272            0.1144     translate      10.9213   1225        46305 0.9480
54336           -0.0282     translate      10.9213   1227        46356 0.9479
54400           -0.0200     translate      10.9213   1229        46413 0.9479
54464           -0.0462     translate      10.9213   1199        46462 0.9478
54528           -0.0321     translate      10.9213   1199        46516 0.9478
54592           -0.0183     translate      10.9213   1227        46570 0.9479
54656           -0.0232        insert      21.0000   1203         1266 0.4656
54720           -0.0246     translate      10.9213   1222        46678 0.9478
54784           -0.0254     translate      10.9213   1208        46732 0.9478
54848           -0.0267     translate      10.9213   1234        46783 0.9477
54912           -0.0403     translate      10.9213   1231        46836 0.9477
54976           -0.0354        insert      20.0000   1199         1274 0.4651
55040           -0.0540     translate      11.4674   1208        46940 0.9476
55104           -0.0238     translate      11.4674   1214        46993 0.9475
55168           -0.0130     translate      11.4674   1227        47046 0.9475
55232            0.0952     translate      11.4674   1225        47101 0.9475
55296            0.0262     translate      11.4674   1242        47153 0.9475
55360           -0.0207     translate      11.4674   1234        47209 0.9475
55424           -0.0375     translate      11.4674   1252        47263 0.9475
55488           -0.0116     translate      11.4674   1225        47317 0.9474
55552           -0.0340     translate      11.4674   1243        47368 0.9474
55616            0.0804     translate      11.4674   1251        47422 0.9474
55680           -0.0294     translate      11.4674   1254        47470 0.9473
55744           -0.0043        delete      13.0000   1237         1339 0.4769
55808           -0.0168     translate      11.4674   1252        47576 0.9473
55872           -0.0019     translate      11.4674   1250        47633 0.9473
55936           -0.0127     translate      11.4674   1251        47689 0.9472
56000           -0.0236     translate      11.4674   1244        47743 0.9473
56064           -0.0135     translate      12.0408   1263        47796 0.9472
56128           -0.0201     translate      12.0408   1266        47850 0.9473
56192           -0.0034     translate      12.0408   1228        47905 0.9472
56256           -0.0174     translate      12.0408   1267        47963 0.9473
56320           -0.0044     translate      12.0408   1257        48017 0.9473
56384           -0.0198     translate      12.0408   1262        48069 0.9473
56448           -0.0048     translate      12.0408   1255        48125 0.9472
56512           -0.0267        insert      16.0000   1255         1305 0.4639
56576           -0.0147     translate      12.0408   1257        48228 0.9472
56640           -0.0059     translate      12.0408   1258        48286 0.9472
56704           -0.0173        insert      15.0000   1257         1309 0.4640
56768           -0.0181     translate      12.0408   1274        48394 0.9472
56832           -0.0077     translate      12.0408   1267        48443 0.9471
56896           -0.0189        insert      13.0000   1261         1313 0.4638
56960           -0.0162     translate      12.0408   1258        48552 0.9470
57024            0.0009     translate      12.6428   1280        48606 0.9470
57088           -0.0344     translate      12.6428   1280        48659 0.9470
57152           -0.0337     translate      12.6428   1284        48707 0.9469
57216           -0.0184     translate      12.6428   1287        48756 0.9469
57280           -0.0368     translate      12.6428   1285        48806 0.9469
57344           -0.0229     translate      12.6428   1286        48862 0.9469
57408           -0.0065     translate      12.6428   1283        48922 0.9469
57472           -0.0177     translate      12.6428   1286        48973 0.9469
57536           -0.0017     translate      12.6428   1257        49026 0.9469
57600           -0.0071     translate      12.6428   1291        49079 0.9468
57664           -0.0059     translate      12.6428   1261        49133 0.9469
57728           -0.0165     translate      12.6428   1286        49187 0.9469
57792            0.0120     translate      12.6428   1297        49240 0.9469
57856           -0.0092     translate      12.6428   1301        49296 0.9468
57920           -0.0035     translate      12.6428   1301        49349 0.9468
57984           -0.0185        insert      15.0000   1306         1344 0.4642
58048           -0.0141        insert      15.0000   1297         1347 0.4648
58112           -0.0124     translate      13.2749   1313        49509 0.9467
58176           -0.0146     translate      13.2749   1303        49567 0.9467
58240           -0.0088     translate      13.2749   1289        49624 0.9468
58304           -0.0044        insert      13.0000   1313         1352 0.4648
58368           -0.0134     translate      13.2749   1315        49731 0.9468
58432           -0.0115     translate      13.2749   1312        49787 0.9468
58496           -0.0210     translate      13.2749   1296        49842 0.9468
58560           -0.0090     translate      13.2749   1297        49899 0.9468
58624           -0.0166     translate      13.2749   1317        49959 0.9469
58688           -0.0110     translate      13.2749   1319        50010 0.9468
58752           -0.0112     translate      13.2749   1297        50067 0.9468
58816           -0.0140     translate      13.2749   1319        50123 0.9469
58880           -0.0091     translate      13.2749   1323        50166 0.9467
58944           -0.0023     translate      13.2749   1297        50221 0.9467
59008            0.2103     translate      13.9387   1297        50274 0.9467
59072           -0.0038     translate      13.9387   1318        50326 0.9467
59136           -0.0211     translate      13.9387   1327        50384 0.9467
59200           -0.0026     translate      13.9387   1333        50436 0.9467
59264           -0.0036     translate      13.9387   1334        50491 0.9467
59328           -0.0288     translate      13.9387   1336        50544 0.9467
59392            0.1248     translate      13.9387   1293        50600 0.9467
59456           -0.0049     translate      13.9387   1296        50656 0.9467
59520           -0.0154     translate      13.9387   1332        50707 0.9467
59584           -0.0030        insert      13.0000   1318         1379 0.4635
59648           -0.0033     translate      13.9387   1312        50811 0.9466
59712           -0.0357     translate      13.9387   1296        50862 0.9466
59776           -0.0086     translate      13.9387   1337        50915 0.9465
59840           -0.0183     translate      13.9387   1334        50970 0.9465
59904           -0.0019     translate      13.9387   1341        51024 0.9465
59968           -0.0017     translate      13.9387   1343        51082 0.9466
60032           -0.0137     translate      14.6356   1347        51135 0.9466
60096           -0.0134     translate      14.6356   1347        51188 0.9466
60160           -0.0114     translate      14.6356   1318        51240 0.9465
60224           -0.0103     translate      14.6356   1340        51296 0.9466
60288           -0.0006     translate      14.6356   1348        51350 0.9465
60352           -0.0054     translate      14.6356   1338        51404 0.9466
60416           -0.0042        insert      11.0000   1353         1394 0.4624
60480           -0.0083     translate      14.6356   1353        51518 0.9466
60544           -0.0192     translate      14.6356   1348        51572 0.9466
60608           -0.0144        insert      16.0000   1355         1402 0.4632
60672           -0.0153     translate      14.6356   1334        51673 0.9465
60736           -0.0155     translate      14.6356   1354        51725 0.9464
60800           -0.0077     translate      14.6356   1364        51776 0.9464
60864           -0.0173     translate      14.6356   1365        51829 0.9464
60928           -0.0150     translate      14.6356   1357        51882 0.9464
60992           -0.0016     translate      14.6356   1357        51936 0.9464
61056           -0.0184     translate      15.3674   1358        51987 0.9464
61120           -0.0048     translate      15.3674   1348        52041 0.9464
61184           -0.0090        delete       9.0000   1375         1472 0.4781
61248           -0.0025     translate      15.3674   1373        52150 0.9464
61312            0.0098     translate      15.3674   1367        52207 0.9465
61376           -0.0056     translate      15.3674   1378        52259 0.9464
61440           -0.0063     translate      15.3674   1380        52317 0.9464
61504           -0.0069     translate      15.3674   1379        52373 0.9464
61568           -0.0015     translate      15.3674   1377        52430 0.9464
61632           -0.0010     translate      15.3674   1369        52482 0.9464
61696           -0.0014     translate      15.3674   1378        52535 0.9464
61760           -0.0065     translate      15.3674   1378        52593 0.9465
61824           -0.0026     translate      15.3674   1382        52650 0.9465
61888           -0.0016     translate      15.3674   1378        52705 0.9466
61952           -0.0004     translate      15.3674   1382        52762 0.9466
62016           -0.0172        delete       8.0000   1384         1494 0.4787
62080           -0.0018     translate      16.1358   1391        52878 0.9467
62144           -0.0113     translate      16.1358   1399        52929 0.9466
62208           -0.0173     translate      16.1358   1369        52986 0.9466
62272           -0.0033     translate      16.1358   1402        53040 0.9467
62336           -0.0103        delete      14.0000   1400         1501 0.4786
62400           -0.0100     translate      16.1358   1405        53147 0.9466
62464           -0.0369     translate      16.1358   1406        53199 0.9466
62528           -0.0147     translate      16.1358   1396        53253 0.9466
62592           -0.0098     translate      16.1358   1402        53301 0.9466
62656           -0.0057     translate      16.1358   1406        53351 0.9465
62720           -0.0073     translate      16.1358   1395        53409 0.9465
62784           -0.0052     translate      16.1358   1391        53467 0.9465
62848           -0.0077        insert       9.0000   1408         1458 0.4645
62912           -0.0006     translate      16.1358   1400        53573 0.9465
62976           -0.0138     translate      16.1358   1404        53626 0.9465
63040           -0.0178     translate      16.9426   1408        53679 0.9465
63104           -0.0088     translate      16.9426   1416        53732 0.9465
63168           -0.0074     translate      16.9426   1415        53788 0.9465
63232            0.2351     translate      16.9426   1416        53841 0.9465
63296           -0.0353     translate      16.9426   1413        53898 0.9465
63360           -0.0085     translate      16.9426   1418        53955 0.9465
63424           -0.0050     translate      16.9426   1410        54010 0.9465
63488           -0.0011     translate      16.9426   1421        54062 0.9465
63552           -0.0036     translate      16.9426   1413        54114 0.9465
63616           -0.0052     translate      16.9426   1427        54170 0.9465
63680           -0.0174     translate      16.9426   1423        54224 0.9465
63744           -0.0161     translate      16.9426   1423        54276 0.9465
63808           -0.0224     translate      16.9426   1434        54326 0.9465
63872           -0.0024     translate      16.9426   1428        54384 0.9465
63936           -0.0174     translate      16.9426   1425        54441 0.9466
64000           -0.0122     translate      16.9426   1425        54497 0.9465
