Time[ps]      Etot[eV]     Epot[eV]     Ekin[eV]    T[K]
0.0000      -278577.118  -278577.118        0.000     0.0
0.0010      -278577.106  -278577.232        0.126     7.1
0.0020      -278577.112  -278577.573        0.462    25.9
0.0030      -278577.135  -278578.132        0.996    55.9
0.0040      -278577.147  -278578.916        1.769    99.1
0.0050      -278577.211  -278579.901        2.690   150.8
0.0060      -278577.254  -278581.011        3.757   210.6
0.0070      -278577.286  -278582.064        4.778   267.9
0.0080      -278577.327  -278582.739        5.412   303.4
0.0090      -278577.380  -278582.683        5.303   297.3
0.0100      -278577.301  -278581.943        4.641   260.2
0.0110      -278577.204  -278581.426        4.223   236.7
0.0120      -278577.201  -278582.206        5.005   280.6
0.0130      -278577.312  -278583.971        6.659   373.3
0.0140      -278577.255  -278585.534        8.279   464.1
0.0150      -278577.217  -278586.334        9.117   511.1
0.0160      -278577.211  -278586.518        9.307   521.7
0.0170      -278577.133  -278586.443        9.310   521.9
0.0180      -278577.211  -278586.292        9.081   509.1
0.0190      -278577.177  -278586.153        8.976   503.2
0.0200      -278577.302  -278586.068        8.766   491.4
0.0210      -278577.245  -278586.033        8.787   492.6
0.0220      -278577.299  -278586.037        8.738   489.9
0.0230      -278577.360  -278586.121        8.761   491.1
0.0240      -278577.398  -278586.253        8.855   496.4
0.0250      -278577.433  -278586.430        8.997   504.4
0.0260      -278577.437  -278586.635        9.198   515.6
0.0270      -278577.292  -278586.850        9.558   535.8
0.0280      -278577.266  -278587.102        9.836   551.4
0.0290      -278577.299  -278587.488       10.189   571.2
0.0300      -278577.283  -278587.883       10.600   594.2
0.0310      -278577.173  -278588.241       11.067   620.4
0.0320      -278577.168  -278588.726       11.558   648.0
0.0330      -278577.298  -278589.384       12.086   677.6
0.0340      -278577.369  -278589.969       12.600   706.4
0.0350      -278577.305  -278590.463       13.159   737.7
0.0360      -278577.318  -278591.065       13.748   770.7
0.0370      -278577.328  -278591.609       14.281   800.6
0.0380      -278577.221  -278592.107       14.886   834.5
0.0390      -278577.332  -278592.854       15.521   870.1
0.0400      -278577.420  -278593.508       16.089   902.0
0.0410      -278577.360  -278593.745       16.385   918.5
0.0420      -278577.393  -278593.914       16.521   926.2
0.0430      -278577.659  -278593.900       16.241   910.5
0.0440      -278577.463  -278592.883       15.420   864.5
0.0450      -278577.372  -278591.285       13.913   780.0
0.0460      -278577.417  -278589.191       11.774   660.1
0.0470      -278577.366  -278586.954        9.588   537.5
0.0480      -278577.266  -278585.549        8.282   464.3
0.0490      -278577.365  -278586.023        8.659   485.4
0.0500      -278577.431  -278588.012       10.581   593.2
0.0510      -278577.381  -278590.513       13.132   736.2
0.0520      -278577.628  -278592.924       15.296   857.5
0.0530      -278577.639  -278594.402       16.763   939.7
0.0540      -278577.564  -278595.045       17.480   980.0
0.0550      -278577.632  -278595.199       17.567   984.8
0.0560      -278577.581  -278595.074       17.493   980.7
0.0570      -278577.638  -278594.796       17.159   961.9
0.0580      -278577.516  -278594.298       16.781   940.8
0.0590      -278577.631  -278593.921       16.291   913.3
0.0600      -278577.713  -278593.654       15.941   893.7
0.0610      -278577.606  -278593.175       15.569   872.8
0.0620      -278577.566  -278592.731       15.165   850.1
0.0630      -278577.666  -278592.544       14.878   834.1
0.0640      -278577.722  -278592.381       14.659   821.8
0.0650      -278577.803  -278592.217       14.414   808.1
0.0660      -278577.700  -278591.888       14.188   795.4
0.0670      -278577.619  -278591.653       14.034   786.8
0.0680      -278577.689  -278591.545       13.856   776.8
0.0690      -278577.604  -278591.269       13.664   766.0
0.0700      -278577.804  -278591.258       13.454   754.3
0.0710      -278577.855  -278591.000       13.144   736.9
0.0720      -278577.730  -278590.545       12.815   718.4
0.0730      -278577.585  -278589.936       12.351   692.4
0.0740      -278577.594  -278589.308       11.714   656.7
0.0750      -278577.802  -278588.695       10.893   610.7
0.0760      -278577.751  -278587.698        9.947   557.7
0.0770      -278577.490  -278586.415        8.925   500.3
0.0780      -278577.593  -278585.418        7.825   438.7
0.0790      -278577.708  -278584.536        6.828   382.8
0.0800      -278577.639  -278583.474        5.835   327.1
0.0810      -278577.447  -278582.475        5.028   281.9
0.0820      -278577.632  -278582.031        4.399   246.6
0.0830      -278577.665  -278581.642        3.977   223.0
0.0840      -278577.623  -278581.368        3.745   209.9
0.0850      -278577.572  -278581.305        3.733   209.3
0.0860      -278577.686  -278581.537        3.850   215.9
0.0870      -278577.793  -278581.811        4.018   225.2
0.0880      -278577.659  -278581.990        4.331   242.8
0.0890      -278577.633  -278582.309        4.676   262.1
0.0900      -278577.630  -278582.754        5.124   287.3
0.0910      -278577.732  -278583.298        5.566   312.0
0.0920      -278577.764  -278583.819        6.056   339.5
0.0930      -278577.678  -278584.299        6.621   371.2
0.0940      -278577.509  -278584.712        7.203   403.8
0.0950      -278577.665  -278585.530        7.865   440.9
0.0960      -278577.713  -278586.206        8.493   476.1
0.0970      -278577.742  -278586.850        9.108   510.6
0.0980      -278577.836  -278587.551        9.715   544.6
0.0990      -278577.642  -278588.009       10.367   581.2
0.1000      -278577.578  -278588.478       10.899   611.0
0.1010      -278577.444  -278588.849       11.406   639.4
0.1020      -278577.509  -278589.435       11.926   668.6
0.1030      -278577.683  -278590.042       12.359   692.8
0.1040      -278577.657  -278590.437       12.780   716.4
0.1050      -278577.687  -278590.778       13.090   733.8
0.1060      -278577.896  -278591.247       13.351   748.5
0.1070      -278578.008  -278591.670       13.662   765.9
0.1080      -278577.683  -278591.788       14.105   790.7
0.1090      -278577.896  -278592.272       14.377   806.0
0.1100      -278578.131  -278592.634       14.503   813.1
0.1110      -278578.007  -278592.816       14.809   830.2
0.1120      -278578.129  -278593.098       14.969   839.2
0.1130      -278578.228  -278593.402       15.174   850.7
0.1140      -278578.119  -278593.525       15.406   863.6
0.1150      -278578.089  -278593.614       15.525   870.4
0.1160      -278577.994  -278593.602       15.608   875.0
0.1170      -278577.989  -278593.538       15.549   871.7
0.1180      -278578.126  -278593.311       15.185   851.3
0.1190      -278578.142  -278592.554       14.412   807.9
0.1200      -278578.151  -278591.253       13.103   734.5
0.1210      -278578.164  -278589.566       11.402   639.2
0.1220      -278578.193  -278587.750        9.558   535.8
0.1230      -278578.117  -278586.234        8.117   455.0
0.1240      -278577.948  -278585.666        7.718   432.7
0.1250      -278578.188  -278586.495        8.307   465.7
0.1260      -278578.196  -278587.877        9.681   542.7
0.1270      -278578.041  -278589.231       11.190   627.3
0.1280      -278578.195  -278590.637       12.442   697.5
0.1290      -278578.131  -278591.442       13.312   746.3
0.1300      -278578.190  -278591.911       13.721   769.2
0.1310      -278578.249  -278592.055       13.806   774.0
0.1320      -278578.192  -278591.883       13.691   767.5
0.1330      -278578.214  -278591.644       13.429   752.9
0.1340      -278578.255  -278591.340       13.085   733.6
0.1350      -278578.272  -278591.035       12.763   715.5
0.1360      -278578.277  -278590.753       12.476   699.4
0.1370      -278578.264  -278590.494       12.231   685.7
0.1380      -278578.271  -278590.251       11.980   671.6
0.1390      -278578.341  -278590.061       11.721   657.1
0.1400      -278578.162  -278589.823       11.661   653.7
0.1410      -278578.261  -278589.743       11.482   643.7
0.1420      -278578.326  -278589.729       11.402   639.2
0.1430      -278578.428  -278589.736       11.308   633.9
0.1440      -278578.458  -278589.695       11.237   629.9
0.1450      -278578.362  -278589.588       11.226   629.3
0.1460      -278578.329  -278589.531       11.202   628.0
0.1470      -278578.451  -278589.468       11.017   617.6
0.1480      -278578.416  -278589.262       10.846   608.0
0.1490      -278578.447  -278588.995       10.549   591.4
0.1500      -278578.499  -278588.711       10.211   572.5
0.1510      -278578.535  -278588.245        9.710   544.3
0.1520      -278578.583  -278587.812        9.229   517.4
0.1530      -278578.672  -278587.435        8.763   491.3
0.1540      -278578.624  -278587.168        8.544   479.0
0.1550      -278578.545  -278586.942        8.397   470.8
0.1560      -278578.573  -278586.855        8.282   464.3
0.1570      -278578.583  -278586.666        8.083   453.1
0.1580      -278578.593  -278586.398        7.805   437.5
0.1590      -278578.593  -278586.067        7.474   419.0
0.1600      -278578.619  -278585.748        7.129   399.7
0.1610      -278578.650  -278585.403        6.753   378.5
0.1620      -278578.512  -278585.029        6.517   365.4
0.1630      -278578.569  -278584.856        6.287   352.4
0.1640      -278578.506  -278584.649        6.143   344.4
0.1650      -278578.614  -278584.680        6.066   340.1
0.1660      -278578.561  -278584.702        6.141   344.3
0.1670      -278578.559  -278584.820        6.260   351.0
0.1680      -278578.475  -278584.936        6.460   362.2
0.1690      -278578.489  -278585.131        6.642   372.4
0.1700      -278578.526  -278585.389        6.862   384.7
0.1710      -278578.548  -278585.689        7.142   400.4
0.1720      -278578.507  -278585.946        7.439   417.0
0.1730      -278578.488  -278586.206        7.718   432.7
0.1740      -278578.466  -278586.483        8.016   449.4
0.1750      -278578.495  -278586.795        8.301   465.3
0.1760      -278578.456  -278586.911        8.455   474.0
0.1770      -278578.457  -278587.104        8.647   484.7
0.1780      -278578.577  -278587.405        8.829   494.9
0.1790      -278578.565  -278587.570        9.005   504.8
0.1800      -278578.588  -278587.749        9.161   513.6
0.1810      -278578.565  -278587.965        9.401   527.0
0.1820      -278578.623  -278588.297        9.674   542.3
0.1830      -278578.601  -278588.558        9.957   558.2
0.1840      -278578.629  -278588.796       10.167   570.0
0.1850      -278578.593  -278588.930       10.338   579.5
0.1860      -278578.658  -278589.087       10.429   584.6
0.1870      -278578.547  -278589.108       10.561   592.0
0.1880      -278578.560  -278589.148       10.588   593.6
0.1890      -278578.531  -278589.081       10.551   591.5
0.1900      -278578.584  -278589.060       10.476   587.3
0.1910      -278578.621  -278588.961       10.339   579.6
0.1920      -278578.587  -278588.897       10.310   578.0
0.1930      -278578.698  -278588.886       10.188   571.1
0.1940      -278578.820  -278588.928       10.108   566.7
0.1950      -278578.854  -278588.938       10.085   565.4
0.1960      -278578.892  -278588.964       10.072   564.6
0.1970      -278578.861  -278589.040       10.179   570.7
0.1980      -278578.813  -278589.026       10.213   572.5
0.1990      -278578.736  -278588.959       10.223   573.1
0.2000      -278578.773  -278588.902       10.129   567.8
0.2010      -278578.779  -278588.866       10.087   565.5
0.2020      -278578.799  -278588.764        9.965   558.6
0.2030      -278578.674  -278588.666        9.991   560.1
0.2040      -278578.682  -278588.805       10.123   567.5
0.2050      -278578.656  -278588.903       10.248   574.5
0.2060      -278578.684  -278588.971       10.287   576.7
0.2070      -278578.691  -278588.800       10.109   566.7
0.2080      -278578.807  -278588.540        9.733   545.6
0.2090      -278578.709  -278588.141        9.431   528.7
0.2100      -278578.669  -278587.975        9.306   521.7
0.2110      -278578.696  -278588.140        9.444   529.4
0.2120      -278578.637  -278588.571        9.934   556.9
0.2130      -278578.649  -278589.055       10.406   583.4
0.2140      -278578.700  -278589.316       10.616   595.1
0.2150      -278578.655  -278589.221       10.566   592.3
0.2160      -278578.556  -278588.843       10.288   576.7
0.2170      -278578.578  -278588.462        9.884   554.1
0.2180      -278578.716  -278588.318        9.602   538.3
0.2190      -278578.746  -278588.295        9.549   535.3
0.2200      -278578.719  -278588.462        9.743   546.2
0.2210      -278578.532  -278588.663       10.132   568.0
0.2220      -278578.577  -278589.123       10.546   591.2
0.2230      -278578.660  -278589.479       10.819   606.5
0.2240      -278578.667  -278589.654       10.987   616.0
0.2250      -278578.585  -278589.688       11.103   622.5
0.2260      -278578.523  -278589.554       11.031   618.4
0.2270      -278578.634  -278589.571       10.937   613.1
0.2280      -278578.690  -278589.440       10.750   602.7
0.2290      -278578.629  -278589.192       10.563   592.2
0.2300      -278578.716  -278588.957       10.241   574.1
0.2310      -278578.672  -278588.674       10.002   560.7
0.2320      -278578.802  -278588.587        9.785   548.5
0.2330      -278578.706  -278588.458        9.752   546.7
0.2340      -278578.763  -278588.418        9.655   541.3
0.2350      -278578.681  -278588.306        9.625   539.6
0.2360      -278578.595  -278588.269        9.674   542.3
0.2370      -278578.703  -278588.422        9.719   544.8
0.2380      -278578.672  -278588.412        9.739   546.0
0.2390      -278578.664  -278588.291        9.628   539.7
0.2400      -278578.593  -278588.184        9.591   537.7
0.2410      -278578.790  -278588.236        9.446   529.5
0.2420      -278578.852  -278588.140        9.288   520.7
0.2430      -278578.814  -278587.968        9.154   513.2
0.2440      -278578.841  -278587.883        9.042   506.9
0.2450      -278578.849  -278587.752        8.903   499.1
0.2460      -278578.810  -278587.550        8.740   490.0
0.2470      -278578.975  -278587.471        8.496   476.3
0.2480      -278578.992  -278587.304        8.312   466.0
0.2490      -278578.979  -278587.105        8.126   455.5
0.2500      -278578.853  -278586.879        8.026   450.0
0.2510      -278578.934  -278586.981        8.047   451.1
0.2520      -278578.991  -278587.147        8.156   457.2
0.2530      -278579.056  -278587.366        8.310   465.9
0.2540      -278579.051  -278587.542        8.492   476.0
0.2550      -278578.983  -278587.673        8.690   487.2
0.2560      -278578.976  -278587.839        8.863   496.9
0.2570      -278578.984  -278587.962        8.978   503.3
0.2580      -278578.905  -278588.043        9.138   512.3
0.2590      -278578.871  -278588.119        9.248   518.4
0.2600      -278578.888  -278588.230        9.342   523.7
0.2610      -278578.830  -278588.259        9.429   528.6
0.2620      -278578.837  -278588.296        9.459   530.3
0.2630      -278578.787  -278588.321        9.533   534.4
0.2640      -278578.896  -278588.430        9.535   534.5
0.2650      -278578.838  -278588.389        9.551   535.4
0.2660      -278578.947  -278588.411        9.464   530.5
0.2670      -278578.927  -278588.349        9.422   528.2
0.2680      -278578.945  -278588.299        9.355   524.4
0.2690      -278578.974  -278588.247        9.273   519.9
0.2700      -278579.091  -278588.287        9.197   515.6
0.2710      -278579.038  -278588.313        9.275   519.9
0.2720      -278578.980  -278588.381        9.401   527.0
0.2730      -278578.997  -278588.562        9.565   536.2
0.2740      -278579.043  -278588.782        9.739   546.0
0.2750      -278578.913  -278588.918       10.005   560.9
0.2760      -278578.953  -278589.107       10.154   569.2
0.2770      -278578.980  -278589.253       10.272   575.9
0.2780      -278579.022  -278589.339       10.317   578.4
0.2790      -278578.945  -278589.330       10.384   582.2
0.2800      -278578.904  -278589.290       10.386   582.3
0.2810      -278578.864  -278589.292       10.428   584.6
0.2820      -278578.914  -278589.323       10.409   583.5
0.2830      -278578.996  -278589.332       10.337   579.5
0.2840      -278578.910  -278589.172       10.262   575.3
0.2850      -278578.934  -278589.154       10.220   572.9
0.2860      -278578.996  -278589.173       10.177   570.5
0.2870      -278578.882  -278589.047       10.164   569.8
0.2880      -278578.848  -278588.963       10.115   567.1
0.2890      -278578.833  -278588.860       10.027   562.1
0.2900      -278578.806  -278588.783        9.977   559.3
0.2910      -278578.820  -278588.710        9.890   554.4
0.2920      -278578.741  -278588.617        9.877   553.7
0.2930      -278578.768  -278588.564        9.796   549.2
0.2940      -278578.815  -278588.608        9.793   549.0
0.2950      -278578.907  -278588.678        9.771   547.8
0.2960      -278578.875  -278588.777        9.902   555.1
0.2970      -278578.794  -278588.866       10.072   564.7
0.2980      -278578.872  -278589.127       10.255   574.9
0.2990      -278578.881  -278589.299       10.418   584.0
0.3000      -278578.952  -278589.580       10.628   595.8
0.3010      -278578.907  -278589.717       10.810   606.0
0.3020      -278578.729  -278589.581       10.852   608.4
0.3030      -278578.772  -278589.540       10.768   603.7
0.3040      -278578.853  -278589.456       10.602   594.4
0.3050      -278578.866  -278589.211       10.345   580.0
0.3060      -278578.842  -278588.880       10.038   562.7
0.3070      -278578.920  -278588.625        9.705   544.1
0.3080      -278579.079  -278588.443        9.364   524.9
0.3090      -278579.034  -278588.216        9.182   514.7
0.3100      -278579.124  -278588.048        8.924   500.3
0.3110      -278579.030  -278587.769        8.739   489.9
0.3120      -278579.043  -278587.539        8.496   476.3
0.3130      -278579.051  -278587.347        8.296   465.1
0.3140      -278579.123  -278587.190        8.067   452.2
0.3150      -278579.110  -278587.054        7.945   445.4
0.3160      -278579.026  -278586.915        7.888   442.2
0.3170      -278578.993  -278586.934        7.941   445.2
0.3180      -278579.051  -278587.076        8.025   449.9
0.3190      -278579.086  -278587.212        8.126   455.6
0.3200      -278579.108  -278587.393        8.285   464.5
0.3210      -278579.251  -278587.675        8.425   472.3
0.3220      -278579.253  -278587.795        8.542   478.9
0.3230      -278579.214  -278587.906        8.692   487.3
0.3240      -278579.150  -278588.000        8.850   496.1
0.3250      -278579.243  -278588.257        9.013   505.3
0.3260      -278579.233  -278588.439        9.205   516.0
0.3270      -278579.109  -278588.512        9.403   527.1
0.3280      -278579.005  -278588.541        9.536   534.6
0.3290      -278579.034  -278588.608        9.574   536.7
0.3300      -278579.173  -278588.674        9.501   532.6
0.3310      -278579.192  -278588.637        9.445   529.5
0.3320      -278579.192  -278588.501        9.308   521.8
0.3330      -278579.105  -278588.364        9.258   519.0
0.3340      -278579.105  -278588.287        9.181   514.7
0.3350      -278579.212  -278588.328        9.116   511.1
0.3360      -278579.167  -278588.362        9.194   515.4
0.3370      -278579.280  -278588.589        9.309   521.9
0.3380      -278579.344  -278588.864        9.520   533.7
0.3390      -278579.283  -278589.003        9.720   544.9
0.3400      -278579.225  -278589.060        9.835   551.4
0.3410      -278579.179  -278589.073        9.894   554.7
0.3420      -278579.307  -278589.279        9.972   559.0
0.3430      -278579.255  -278589.348       10.093   565.8
0.3440      -278579.250  -278589.541       10.290   576.9
0.3450      -278579.252  -278589.730       10.478   587.4
0.3460      -278579.366  -278590.119       10.752   602.8
0.3470      -278579.423  -278590.456       11.033   618.5
0.3480      -278579.353  -278590.635       11.282   632.5
0.3490      -278579.429  -278590.846       11.417   640.1
0.3500      -278579.480  -278591.015       11.535   646.7
0.3510      -278579.529  -278591.022       11.493   644.3
0.3520      -278579.461  -278590.933       11.472   643.1
0.3530      -278579.511  -278590.769       11.258   631.1
0.3540      -278579.586  -278590.584       10.998   616.5
0.3550      -278579.568  -278590.287       10.719   600.9
0.3560      -278579.411  -278589.887       10.477   587.3
0.3570      -278579.251  -278589.586       10.335   579.4
0.3580      -278579.369  -278589.490       10.121   567.4
0.3590      -278579.327  -278589.323        9.996   560.4
0.3600      -278579.285  -278589.178        9.894   554.6
0.3610      -278579.306  -278589.165        9.859   552.7
0.3620      -278579.270  -278589.089        9.820   550.5
0.3630      -278579.260  -278589.056        9.796   549.2
0.3640      -278579.328  -278589.062        9.734   545.7
0.3650      -278579.305  -278589.017        9.712   544.4
0.3660      -278579.302  -278588.988        9.686   543.0
0.3670      -278579.336  -278589.000        9.664   541.8
0.3680      -278579.276  -278588.963        9.687   543.0
0.3690      -278579.285  -278588.880        9.596   538.0
0.3700      -278579.280  -278588.821        9.541   534.9
0.3710      -278579.402  -278588.879        9.476   531.2
0.3720      -278579.436  -278588.929        9.494   532.2
0.3730      -278579.429  -278589.064        9.635   540.2
0.3740      -278579.324  -278589.093        9.769   547.6
0.3750      -278579.362  -278589.255        9.893   554.6
0.3760      -278579.366  -278589.313        9.947   557.6
0.3770      -278579.350  -278589.253        9.903   555.2
0.3780      -278579.447  -278589.287        9.840   551.6
0.3790      -278579.389  -278589.234        9.845   551.9
0.3800      -278579.418  -278589.191        9.774   547.9
0.3810      -278579.423  -278589.177        9.753   546.8
0.3820      -278579.418  -278589.238        9.820   550.5
0.3830      -278579.385  -278589.238        9.853   552.4
0.3840      -278579.360  -278589.232        9.872   553.4
0.3850      -278579.222  -278589.135        9.914   555.8
0.3860      -278579.345  -278589.152        9.807   549.8
0.3870      -278579.343  -278589.054        9.711   544.4
0.3880      -278579.406  -278588.919        9.513   533.3
0.3890      -278579.351  -278588.685        9.334   523.3
0.3900      -278579.340  -278588.512        9.172   514.2
0.3910      -278579.440  -278588.498        9.057   507.8
0.3920      -278579.325  -278588.373        9.048   507.2
0.3930      -278579.425  -278588.448        9.022   505.8
0.3940      -278579.469  -278588.482        9.013   505.2
0.3950      -278579.365  -278588.430        9.065   508.2
0.3960      -278579.359  -278588.494        9.135   512.1
0.3970      -278579.372  -278588.537        9.165   513.8
0.3980      -278579.392  -278588.463        9.070   508.5
0.3990      -278579.366  -278588.373        9.008   505.0
0.4000      -278579.273  -278588.209        8.936   501.0
0.4010      -278579.525  -278588.302        8.777   492.0
0.4020      -278579.583  -278588.281        8.697   487.6
0.4030      -278579.522  -278588.153        8.631   483.9
0.4040      -278579.396  -278588.042        8.646   484.7
0.4050      -278579.503  -278588.114        8.611   482.8
0.4060      -278579.499  -278588.166        8.667   485.9
0.4070      -278579.454  -278588.070        8.617   483.1
0.4080      -278579.588  -278588.210        8.622   483.4
0.4090      -278579.547  -278588.241        8.694   487.4
0.4100      -278579.473  -278588.260        8.787   492.6
0.4110      -278579.485  -278588.367        8.882   497.9
0.4120      -278579.537  -278588.594        9.057   507.7
0.4130      -278579.541  -278588.820        9.279   520.2
0.4140      -278579.618  -278589.022        9.404   527.2
0.4150      -278579.687  -278589.221        9.534   534.5
0.4160      -278579.573  -278589.248        9.675   542.4
0.4170      -278579.639  -278589.355        9.716   544.7
0.4180      -278579.706  -278589.456        9.750   546.6
0.4190      -278579.754  -278589.468        9.714   544.6
0.4200      -278579.775  -278589.439        9.664   541.8
0.4210      -278579.802  -278589.406        9.605   538.5
0.4220      -278579.716  -278589.290        9.573   536.7
0.4230      -278579.680  -278589.235        9.555   535.7
0.4240      -278579.677  -278589.200        9.523   533.8
0.4250      -278579.619  -278589.057        9.438   529.1
0.4260      -278579.738  -278589.042        9.304   521.6
0.4270      -278579.755  -278589.051        9.296   521.1
0.4280      -278579.737  -278589.034        9.298   521.2
0.4290      -278579.666  -278588.945        9.278   520.1
0.4300      -278579.747  -278589.024        9.277   520.1
0.4310      -278579.769  -278589.158        9.389   526.4
0.4320      -278579.674  -278589.148        9.473   531.1
0.4330      -278579.684  -278589.208        9.525   534.0
0.4340      -278579.685  -278589.266        9.580   537.1
0.4350      -278579.702  -278589.225        9.523   533.8
0.4360      -278579.640  -278589.123        9.482   531.6
0.4370      -278579.709  -278589.177        9.468   530.8
0.4380      -278579.791  -278589.304        9.513   533.3
0.4390      -278579.653  -278589.293        9.640   540.4
0.4400      -278579.630  -278589.407        9.777   548.1
0.4410      -278579.739  -278589.582        9.843   551.8
0.4420      -278579.757  -278589.644        9.887   554.3
0.4430      -278579.751  -278589.644        9.893   554.6
0.4440      -278579.717  -278589.557        9.840   551.7
0.4450      -278579.838  -278589.591        9.753   546.8
0.4460      -278579.709  -278589.450        9.741   546.1
0.4470      -278579.516  -278589.216        9.700   543.8
0.4480      -278579.460  -278589.076        9.617   539.1
0.4490      -278579.578  -278589.228        9.650   541.0
0.4500      -278579.565  -278589.185        9.620   539.3
0.4510      -278579.518  -278589.123        9.605   538.5
0.4520      -278579.660  -278589.134        9.475   531.2
0.4530      -278579.668  -278589.062        9.394   526.7
0.4540      -278579.690  -278588.922        9.232   517.5
0.4550      -278579.703  -278588.788        9.085   509.3
0.4560      -278579.671  -278588.692        9.020   505.7
0.4570      -278579.749  -278588.719        8.970   502.9
0.4580      -278579.663  -278588.673        9.010   505.1
0.4590      -278579.584  -278588.750        9.166   513.8
0.4600      -278579.764  -278589.070        9.306   521.7
0.4610      -278579.758  -278589.303        9.545   535.1
0.4620      -278579.713  -278589.386        9.673   542.3
0.4630      -278579.697  -278589.507        9.811   550.0
0.4640      -278579.671  -278589.604        9.933   556.8
0.4650      -278579.619  -278589.601        9.982   559.6
0.4660      -278579.774  -278589.691        9.917   555.9
0.4670      -278579.820  -278589.694        9.874   553.6
0.4680      -278579.685  -278589.553        9.868   553.2
0.4690      -278579.650  -278589.448        9.798   549.3
0.4700      -278579.618  -278589.284        9.667   541.9
0.4710      -278579.751  -278589.239        9.489   531.9
0.4720      -278579.749  -278589.120        9.371   525.3
0.4730      -278579.770  -278589.017        9.247   518.4
0.4740      -278579.718  -278588.889        9.171   514.1
0.4750      -278579.698  -278588.757        9.059   507.8
0.4760      -278579.831  -278588.800        8.969   502.8
0.4770      -278579.685  -278588.713        9.028   506.1
0.4780      -278579.759  -278588.831        9.072   508.6
0.4790      -278579.828  -278588.903        9.075   508.8
0.4800      -278579.772  -278588.927        9.155   513.2
0.4810      -278579.737  -278589.016        9.279   520.2
0.4820      -278579.759  -278589.172        9.413   527.7
0.4830      -278579.786  -278589.319        9.533   534.5
0.4840      -278579.798  -278589.413        9.615   539.0
0.4850      -278579.827  -278589.583        9.757   547.0
0.4860      -278579.647  -278589.533        9.886   554.2
0.4870      -278579.595  -278589.596       10.000   560.6
0.4880      -278579.643  -278589.784       10.141   568.5
0.4890      -278579.755  -278589.980       10.225   573.2
0.4900      -278579.654  -278589.944       10.290   576.9
0.4910      -278579.630  -278589.937       10.307   577.8
0.4920      -278579.732  -278590.002       10.270   575.8
0.4930      -278579.724  -278589.989       10.265   575.5
0.4940      -278579.529  -278589.733       10.204   572.0
0.4950      -278579.590  -278589.783       10.194   571.5
0.4960      -278579.714  -278589.977       10.263   575.3
0.4970      -278579.683  -278590.057       10.374   581.6
0.4980      -278579.809  -278590.274       10.466   586.7
0.4990      -278579.830  -278590.405       10.575   592.9
0.5000      -278579.719  -278590.418       10.700   599.8
0.5010      -278579.600  -278590.375       10.775   604.0
0.5020      -278579.689  -278590.440       10.752   602.7
0.5030      -278579.780  -278590.485       10.705   600.1
0.5040      -278579.728  -278590.377       10.650   597.0
0.5050      -278579.646  -278590.191       10.545   591.2
0.5060      -278579.749  -278590.158       10.409   583.5
0.5070      -278579.798  -278590.107       10.309   577.9
0.5080      -278579.692  -278590.025       10.333   579.3
0.5090      -278579.791  -278590.171       10.380   581.9
0.5100      -278579.830  -278590.305       10.475   587.2
0.5110      -278579.699  -278590.336       10.637   596.3
0.5120      -278579.654  -278590.367       10.712   600.5
0.5130      -278579.791  -278590.580       10.789   604.8
0.5140      -278579.773  -278590.519       10.746   602.4
0.5150      -278579.718  -278590.405       10.687   599.1
0.5160      -278579.811  -278590.394       10.583   593.3
0.5170      -278579.846  -278590.379       10.533   590.5
0.5180      -278579.865  -278590.271       10.406   583.4
0.5190      -278579.816  -278590.111       10.295   577.2
0.5200      -278579.811  -278589.937       10.126   567.7
0.5210      -278579.975  -278589.897        9.923   556.3
0.5220      -278579.997  -278589.715        9.718   544.8
0.5230      -278579.996  -278589.551        9.555   535.6
0.5240      -278579.985  -278589.393        9.408   527.4
0.5250      -278579.928  -278589.238        9.310   521.9
0.5260      -278579.916  -278589.153        9.237   517.8
0.5270      -278579.958  -278589.082        9.124   511.5
0.5280      -278580.059  -278589.162        9.104   510.4
0.5290      -278579.999  -278589.026        9.027   506.1
0.5300      -278579.961  -278589.012        9.051   507.4
0.5310      -278579.928  -278589.004        9.077   508.8
0.5320      -278579.972  -278589.068        9.096   509.9
0.5330      -278579.937  -278589.055        9.118   511.1
0.5340      -278579.980  -278589.104        9.123   511.5
0.5350      -278579.918  -278589.109        9.191   515.2
0.5360      -278579.854  -278588.981        9.126   511.6
0.5370      -278579.826  -278588.983        9.157   513.4
0.5380      -278579.821  -278588.943        9.122   511.4
0.5390      -278579.802  -278588.836        9.034   506.5
0.5400      -278579.738  -278588.722        8.984   503.7
0.5410      -278579.848  -278588.684        8.836   495.3
0.5420      -278579.816  -278588.590        8.774   491.9
0.5430      -278579.768  -278588.489        8.722   489.0
0.5440      -278579.734  -278588.428        8.694   487.4
0.5450      -278579.655  -278588.354        8.699   487.6
0.5460      -278579.714  -278588.434        8.720   488.8
0.5470      -278579.694  -278588.496        8.802   493.5
0.5480      -278579.675  -278588.491        8.816   494.2
0.5490      -278579.787  -278588.678        8.890   498.4
0.5500      -278579.745  -278588.743        8.998   504.4
0.5510      -278579.767  -278588.783        9.016   505.4
0.5520      -278579.798  -278588.823        9.025   506.0
0.5530      -278579.872  -278588.952        9.079   509.0
0.5540      -278579.865  -278589.062        9.197   515.6
0.5550      -278579.913  -278589.120        9.207   516.2
0.5560      -278579.932  -278589.226        9.294   521.0
0.5570      -278579.765  -278589.099        9.333   523.2
0.5580      -278579.777  -278589.073        9.296   521.1
0.5590      -278579.800  -278589.095        9.295   521.1
0.5600      -278579.726  -278589.056        9.330   523.1
0.5610      -278579.765  -278589.043        9.277   520.1
0.5620      -278579.866  -278589.006        9.140   512.4
0.5630      -278579.816  -278588.937        9.121   511.3
0.5640      -278579.754  -278588.884        9.130   511.8
0.5650      -278579.771  -278588.861        9.090   509.6
0.5660      -278579.767  -278588.811        9.045   507.0
0.5670      -278579.792  -278588.775        8.983   503.6
0.5680      -278579.720  -278588.747        9.027   506.1
0.5690      -278579.734  -278588.805        9.072   508.6
0.5700      -278579.765  -278588.899        9.133   512.0
0.5710      -278579.763  -278589.008        9.245   518.3
0.5720      -278579.777  -278589.115        9.338   523.5
0.5730      -278579.848  -278589.322        9.474   531.1
0.5740      -278579.852  -278589.500        9.648   540.9
0.5750      -278579.844  -278589.753        9.908   555.5
0.5760      -278579.774  -278589.869       10.096   566.0
0.5770      -278579.719  -278590.019       10.300   577.4
0.5780      -278579.733  -278590.188       10.455   586.1
0.5790      -278579.795  -278590.372       10.577   592.9
0.5800      -278579.876  -278590.475       10.600   594.2
0.5810      -278579.766  -278590.505       10.738   602.0
0.5820      -278579.694  -278590.539       10.845   608.0
0.5830      -278579.760  -278590.670       10.910   611.6
0.5840      -278579.869  -278590.750       10.881   610.0
0.5850      -278579.775  -278590.677       10.902   611.2
0.5860      -278579.669  -278590.516       10.846   608.0
0.5870      -278579.749  -278590.510       10.761   603.3
0.5880      -278579.890  -278590.509       10.619   595.3
0.5890      -278579.971  -278590.470       10.499   588.6
0.5900      -278579.868  -278590.268       10.400   583.0
0.5910      -278579.863  -278590.198       10.335   579.4
0.5920      -278579.999  -278590.232       10.233   573.7
0.5930      -278579.932  -278590.110       10.178   570.6
0.5940      -278580.023  -278590.142       10.119   567.3
0.5950      -278580.030  -278590.108       10.078   565.0
0.5960      -278580.087  -278590.121       10.034   562.5
0.5970      -278580.078  -278590.062        9.984   559.7
0.5980      -278580.074  -278590.077       10.002   560.7
0.5990      -278580.134  -278590.021        9.886   554.2
0.6000      -278580.048  -278589.874        9.826   550.9
0.6010      -278580.142  -278589.966        9.824   550.7
0.6020      -278580.137  -278589.848        9.711   544.4
0.6030      -278580.014  -278589.683        9.668   542.0
0.6040      -278580.048  -278589.560        9.512   533.3
0.6050      -278580.161  -278589.595        9.433   528.8
0.6060      -278580.247  -278589.575        9.328   522.9
0.6070      -278580.285  -278589.495        9.210   516.3
0.6080      -278580.235  -278589.355        9.120   511.3
0.6090      -278580.249  -278589.327        9.078   508.9
0.6100      -278580.369  -278589.298        8.928   500.5
0.6110      -278580.409  -278589.241        8.832   495.1
0.6120      -278580.402  -278589.160        8.759   491.0
0.6130      -278580.284  -278589.010        8.726   489.2
0.6140      -278580.355  -278589.061        8.706   488.0
0.6150      -278580.358  -278589.018        8.659   485.5
0.6160      -278580.310  -278588.945        8.636   484.1
0.6170      -278580.336  -278588.956        8.620   483.2
0.6180      -278580.302  -278588.912        8.610   482.7
0.6190      -278580.257  -278588.934        8.677   486.4
0.6200      -278580.170  -278588.944        8.774   491.9
0.6210      -278580.210  -278589.073        8.863   496.9
0.6220      -278580.157  -278589.176        9.019   505.6
0.6230      -278580.169  -278589.380        9.211   516.4
0.6240      -278580.178  -278589.522        9.344   523.8
0.6250      -278580.171  -278589.603        9.431   528.7
0.6260      -278580.163  -278589.738        9.575   536.8
0.6270      -278580.098  -278589.766        9.668   542.0
0.6280      -278580.129  -278589.822        9.693   543.4
0.6290      -278580.206  -278589.871        9.666   541.9
0.6300      -278580.296  -278589.922        9.626   539.6
0.6310      -278580.286  -278589.952        9.665   541.8
0.6320      -278580.096  -278589.755        9.659   541.5
0.6330      -278580.216  -278589.783        9.567   536.3
0.6340      -278580.359  -278589.789        9.430   528.6
0.6350      -278580.363  -278589.749        9.386   526.2
0.6360      -278580.248  -278589.551        9.304   521.6
0.6370      -278580.287  -278589.533        9.245   518.3
0.6380      -278580.360  -278589.510        9.149   512.9
0.6390      -278580.376  -278589.470        9.094   509.8
0.6400      -278580.359  -278589.436        9.077   508.9
0.6410      -278580.389  -278589.425        9.036   506.6
0.6420      -278580.346  -278589.395        9.049   507.3
0.6430      -278580.399  -278589.420        9.022   505.8
0.6440      -278580.323  -278589.382        9.059   507.8
0.6450      -278580.292  -278589.388        9.096   509.9
0.6460      -278580.351  -278589.451        9.100   510.2
0.6470      -278580.346  -278589.517        9.171   514.1
0.6480      -278580.343  -278589.544        9.201   515.8
0.6490      -278580.311  -278589.652        9.341   523.7
0.6500      -278580.428  -278589.787        9.359   524.7
0.6510      -278580.393  -278589.818        9.426   528.4
0.6520      -278580.391  -278589.874        9.483   531.6
0.6530      -278580.456  -278589.981        9.525   534.0
0.6540      -278580.402  -278589.958        9.556   535.7
0.6550      -278580.457  -278589.958        9.502   532.7
0.6560      -278580.457  -278589.925        9.468   530.8
0.6570      -278580.501  -278589.956        9.455   530.1
0.6580      -278580.440  -278589.977        9.538   534.7
0.6590      -278580.467  -278590.029        9.562   536.0
0.6600      -278580.476  -278590.122        9.646   540.8
0.6610      -278580.443  -278590.201        9.758   547.0
0.6620      -278580.470  -278590.321        9.851   552.3
0.6630      -278580.409  -278590.386        9.977   559.3
0.6640      -278580.334  -278590.403       10.069   564.5
0.6650      -278580.398  -278590.440       10.042   563.0
0.6660      -278580.452  -278590.513       10.061   564.0
0.6670      -278580.448  -278590.509       10.062   564.1
0.6680      -278580.390  -278590.469       10.079   565.0
0.6690      -278580.380  -278590.421       10.041   562.9
0.6700      -278580.420  -278590.438       10.018   561.6
0.6710      -278580.420  -278590.461       10.041   562.9
0.6720      -278580.337  -278590.500       10.163   569.7
0.6730      -278580.405  -278590.543       10.138   568.4
0.6740      -278580.556  -278590.680       10.124   567.6
0.6750      -278580.528  -278590.672       10.144   568.7
0.6760      -278580.382  -278590.508       10.126   567.7
0.6770      -278580.345  -278590.533       10.188   571.1
0.6780      -278580.388  -278590.526       10.137   568.3
0.6790      -278580.369  -278590.457       10.088   565.5
0.6800      -278580.258  -278590.233        9.975   559.2
0.6810      -278580.518  -278590.353        9.835   551.4
0.6820      -278580.567  -278590.311        9.744   546.3
0.6830      -278580.481  -278590.160        9.679   542.6
0.6840      -278580.409  -278590.065        9.657   541.4
0.6850      -278580.571  -278590.198        9.627   539.7
0.6860      -278580.630  -278590.265        9.635   540.1
0.6870      -278580.695  -278590.277        9.582   537.2
0.6880      -278580.645  -278590.173        9.528   534.2
0.6890      -278580.675  -278590.094        9.420   528.1
0.6900      -278580.590  -278589.952        9.362   524.8
0.6910      -278580.669  -278589.956        9.287   520.6
0.6920      -278580.789  -278589.890        9.101   510.2
0.6930      -278580.834  -278589.779        8.945   501.5
0.6940      -278580.803  -278589.616        8.813   494.0
0.6950      -278580.765  -278589.505        8.739   489.9
0.6960      -278580.740  -278589.429        8.689   487.1
0.6970      -278580.691  -278589.355        8.665   485.7
0.6980      -278580.683  -278589.360        8.678   486.5
0.6990      -278580.752  -278589.470        8.718   488.7
0.7000      -278580.781  -278589.509        8.728   489.3
0.7010      -278580.727  -278589.488        8.761   491.2
0.7020      -278580.700  -278589.493        8.792   492.9
0.7030      -278580.719  -278589.570        8.850   496.2
0.7040      -278580.839  -278589.677        8.838   495.5
0.7050      -278580.785  -278589.659        8.874   497.5
0.7060      -278580.752  -278589.674        8.922   500.2
0.7070      -278580.766  -278589.698        8.932   500.7
0.7080      -278580.710  -278589.686        8.976   503.2
0.7090      -278580.783  -278589.718        8.935   500.9
0.7100      -278580.784  -278589.735        8.951   501.8
0.7110      -278580.713  -278589.743        9.030   506.2
0.7120      -278580.873  -278589.942        9.069   508.4
0.7130      -278580.849  -278590.021        9.171   514.2
0.7140      -278580.985  -278590.129        9.145   512.6
0.7150      -278581.000  -278590.168        9.168   514.0
0.7160      -278580.935  -278590.088        9.153   513.1
0.7170      -278581.028  -278590.143        9.115   511.0
0.7180      -278581.044  -278590.101        9.057   507.7
0.7190      -278581.092  -278590.182        9.090   509.6
0.7200      -278581.166  -278590.214        9.048   507.2
0.7210      -278581.114  -278590.154        9.040   506.8
0.7220      -278581.098  -278590.125        9.027   506.0
0.7230      -278581.065  -278590.127        9.062   508.0
0.7240      -278581.047  -278590.214        9.167   513.9
0.7250      -278581.038  -278590.266        9.228   517.3
0.7260      -278581.063  -278590.327        9.264   519.3
0.7270      -278581.024  -278590.399        9.375   525.6
0.7280      -278581.019  -278590.376        9.357   524.6
0.7290      -278581.124  -278590.434        9.310   521.9
0.7300      -278581.197  -278590.487        9.290   520.8
0.7310      -278581.206  -278590.439        9.233   517.6
0.7320      -278581.195  -278590.351        9.155   513.2
0.7330      -278581.193  -278590.261        9.068   508.4
0.7340      -278581.185  -278590.206        9.021   505.7
0.7350      -278581.154  -278590.123        8.969   502.8
0.7360      -278581.127  -278590.114        8.987   503.8
0.7370      -278581.263  -278590.229        8.966   502.7
0.7380      -278581.190  -278590.270        9.080   509.0
0.7390      -278581.096  -278590.209        9.113   510.9
0.7400      -278581.088  -278590.295        9.207   516.2
0.7410      -278581.110  -278590.420        9.310   521.9
0.7420      -278581.057  -278590.504        9.447   529.6
0.7430      -278581.096  -278590.592        9.496   532.4
0.7440      -278581.123  -278590.666        9.543   535.0
0.7450      -278581.184  -278590.742        9.558   535.8
0.7460      -278581.115  -278590.767        9.652   541.1
0.7470      -278581.059  -278590.761        9.702   543.9
0.7480      -278580.904  -278590.691        9.787   548.7
0.7490      -278581.034  -278590.910        9.876   553.6
0.7500      -278581.151  -278591.151       10.000   560.6
0.7510      -278581.088  -278591.256       10.168   570.0
0.7520      -278580.999  -278591.310       10.311   578.0
0.7530      -278581.038  -278591.449       10.411   583.7
0.7540      -278580.991  -278591.519       10.527   590.2
0.7550      -278580.965  -278591.530       10.565   592.3
0.7560      -278580.995  -278591.598       10.604   594.5
0.7570      -278580.971  -278591.600       10.629   595.9
0.7580      -278581.070  -278591.605       10.535   590.6
0.7590      -278581.145  -278591.536       10.391   582.5
0.7600      -278581.118  -278591.454       10.336   579.5
0.7610      -278581.121  -278591.323       10.203   572.0
0.7620      -278581.199  -278591.196        9.997   560.5
0.7630      -278581.311  -278591.139        9.828   551.0
0.7640      -278581.357  -278591.000        9.643   540.6
0.7650      -278581.262  -278590.810        9.549   535.3
0.7660      -278581.375  -278590.780        9.405   527.3
0.7670      -278581.461  -278590.728        9.267   519.5
0.7680      -278581.530  -278590.671        9.141   512.5
0.7690      -278581.498  -278590.612        9.115   511.0
0.7700      -278581.522  -278590.582        9.061   507.9
0.7710      -278581.549  -278590.597        9.047   507.2
0.7720      -278581.414  -278590.467        9.053   507.5
0.7730      -278581.498  -278590.543        9.045   507.0
0.7740      -278581.628  -278590.655        9.027   506.0
0.7750      -278581.582  -278590.605        9.022   505.8
0.7760      -278581.590  -278590.582        8.992   504.1
0.7770      -278581.568  -278590.562        8.994   504.2
0.7780      -278581.563  -278590.588        9.026   506.0
0.7790      -278581.489  -278590.554        9.065   508.2
0.7800      -278581.505  -278590.582        9.076   508.8
0.7810      -278581.489  -278590.615        9.126   511.6
0.7820      -278581.546  -278590.638        9.092   509.7
0.7830      -278581.512  -278590.584        9.072   508.6
0.7840      -278581.469  -278590.608        9.139   512.3
0.7850      -278581.545  -278590.632        9.087   509.4
0.7860      -278581.502  -278590.624        9.122   511.4
0.7870      -278581.486  -278590.596        9.111   510.7
0.7880      -278581.427  -278590.589        9.162   513.6
0.7890      -278581.417  -278590.556        9.139   512.3
0.7900      -278581.398  -278590.518        9.120   511.3
0.7910      -278581.440  -278590.505        9.065   508.2
0.7920      -278581.405  -278590.444        9.039   506.7
0.7930      -278581.406  -278590.434        9.028   506.1
0.7940      -278581.423  -278590.400        8.977   503.2
0.7950      -278581.411  -278590.407        8.996   504.3
0.7960      -278581.539  -278590.475        8.937   501.0
0.7970      -278581.567  -278590.474        8.908   499.4
0.7980      -278581.564  -278590.471        8.907   499.4
0.7990      -278581.527  -278590.458        8.931   500.7
0.8000      -278581.539  -278590.543        9.004   504.8
0.8010      -278581.489  -278590.595        9.106   510.5
0.8020      -278581.587  -278590.726        9.139   512.3
0.8030      -278581.593  -278590.768        9.175   514.3
0.8040      -278581.541  -278590.733        9.193   515.3
0.8050      -278581.574  -278590.695        9.120   511.3
0.8060      -278581.594  -278590.656        9.063   508.1
0.8070      -278581.585  -278590.590        9.006   504.9
0.8080      -278581.409  -278590.360        8.950   501.8
0.8090      -278581.423  -278590.265        8.842   495.7
0.8100      -278581.455  -278590.174        8.718   488.8
0.8110      -278581.433  -278590.025        8.592   481.7
0.8120      -278581.328  -278589.849        8.520   477.7
0.8130      -278581.320  -278589.781        8.461   474.3
0.8140      -278581.431  -278589.887        8.456   474.0
0.8150      -278581.415  -278589.945        8.530   478.2
0.8160      -278581.330  -278589.974        8.644   484.6
0.8170      -278581.189  -278590.046        8.857   496.5
0.8180      -278581.310  -278590.308        8.998   504.5
0.8190      -278581.378  -278590.582        9.204   516.0
0.8200      -278581.373  -278590.681        9.308   521.8
0.8210      -278581.349  -278590.776        9.427   528.5
0.8220      -278581.382  -278590.846        9.464   530.6
0.8230      -278581.363  -278590.924        9.561   536.0
0.8240      -278581.295  -278590.860        9.566   536.3
0.8250      -278581.294  -278590.835        9.542   534.9
0.8260      -278581.305  -278590.887        9.582   537.2
0.8270      -278581.360  -278590.895        9.535   534.5
0.8280      -278581.378  -278590.864        9.486   531.8
0.8290      -278581.327  -278590.816        9.489   532.0
0.8300      -278581.274  -278590.795        9.521   533.7
0.8310      -278581.400  -278590.882        9.483   531.6
0.8320      -278581.372  -278590.879        9.507   533.0
0.8330      -278581.258  -278590.840        9.582   537.2
0.8340      -278581.246  -278590.875        9.629   539.8
0.8350      -278581.329  -278590.960        9.631   539.9
0.8360      -278581.372  -278591.055        9.683   542.8
0.8370      -278581.376  -278591.104        9.729   545.4
0.8380      -278581.306  -278591.107        9.800   549.4
0.8390      -278581.419  -278591.249        9.830   551.1
0.8400      -278581.336  -278591.220        9.885   554.1
0.8410      -278581.330  -278591.196        9.865   553.1
0.8420      -278581.286  -278591.184        9.898   554.9
0.8430      -278581.423  -278591.234        9.811   550.0
0.8440      -278581.467  -278591.286        9.820   550.5
0.8450      -278581.431  -278591.203        9.771   547.8
0.8460      -278581.470  -278591.202        9.732   545.6
0.8470      -278581.435  -278591.060        9.625   539.6
0.8480      -278581.448  -278591.032        9.584   537.3
0.8490      -278581.570  -278591.075        9.505   532.9
0.8500      -278581.538  -278591.026        9.488   531.9
0.8510      -278581.440  -278590.945        9.505   532.8
0.8520      -278581.338  -278590.816        9.478   531.3
0.8530      -278581.462  -278590.892        9.430   528.7
0.8540      -278581.481  -278590.936        9.455   530.1
0.8550      -278581.466  -278590.944        9.478   531.3
0.8560      -278581.516  -278590.936        9.420   528.1
0.8570      -278581.437  -278590.890        9.452   529.9
0.8580      -278581.475  -278590.933        9.459   530.3
0.8590      -278581.520  -278590.905        9.386   526.2
0.8600      -278581.531  -278590.847        9.317   522.3
0.8610      -278581.568  -278590.797        9.230   517.4
0.8620      -278581.467  -278590.661        9.194   515.4
0.8630      -278581.421  -278590.555        9.134   512.1
0.8640      -278581.480  -278590.534        9.054   507.6
0.8650      -278581.519  -278590.484        8.964   502.5
0.8660      -278581.558  -278590.445        8.887   498.2
0.8670      -278581.547  -278590.342        8.795   493.1
0.8680      -278581.635  -278590.359        8.724   489.1
0.8690      -278581.645  -278590.343        8.698   487.6
0.8700      -278581.688  -278590.291        8.603   482.3
0.8710      -278581.652  -278590.314        8.663   485.6
0.8720      -278581.718  -278590.374        8.656   485.3
0.8730      -278581.734  -278590.401        8.667   485.9
0.8740      -278581.602  -278590.326        8.724   489.1
0.8750      -278581.572  -278590.317        8.744   490.2
0.8760      -278581.703  -278590.420        8.717   488.7
0.8770      -278581.682  -278590.370        8.687   487.0
0.8780      -278581.656  -278590.290        8.634   484.0
0.8790      -278581.578  -278590.165        8.588   481.4
0.8800      -278581.703  -278590.192        8.489   475.9
0.8810      -278581.627  -278590.125        8.498   476.4
0.8820      -278581.660  -278590.101        8.441   473.2
0.8830      -278581.622  -278590.029        8.406   471.3
0.8840      -278581.628  -278590.002        8.374   469.4
0.8850      -278581.667  -278590.007        8.340   467.5
0.8860      -278581.751  -278590.021        8.270   463.6
0.8870      -278581.720  -278590.085        8.365   468.9
0.8880      -278581.812  -278590.150        8.338   467.4
0.8890      -278581.742  -278590.099        8.358   468.5
0.8900      -278581.752  -278590.105        8.353   468.3
0.8910      -278581.773  -278590.154        8.381   469.8
0.8920      -278581.839  -278590.238        8.399   470.8
0.8930      -278581.831  -278590.228        8.396   470.7
0.8940      -278581.760  -278590.183        8.423   472.2
0.8950      -278581.861  -278590.283        8.422   472.2
0.8960      -278581.840  -278590.212        8.372   469.3
0.8970      -278581.820  -278590.224        8.404   471.2
0.8980      -278581.863  -278590.314        8.452   473.8
0.8990      -278581.817  -278590.214        8.397   470.8
0.9000      -278581.922  -278590.280        8.358   468.6
0.9010      -278582.029  -278590.379        8.350   468.1
0.9020      -278582.081  -278590.452        8.371   469.3
0.9030      -278582.130  -278590.649        8.519   477.6
0.9040      -278582.107  -278590.665        8.558   479.8
0.9050      -278582.136  -278590.778        8.642   484.5
0.9060      -278582.143  -278590.929        8.785   492.5
0.9070      -278582.190  -278591.068        8.877   497.7
0.9080      -278582.089  -278591.115        9.026   506.0
0.9090      -278582.124  -278591.240        9.116   511.0
0.9100      -278582.079  -278591.340        9.260   519.1
0.9110      -278582.031  -278591.467        9.436   529.0
0.9120      -278582.097  -278591.642        9.545   535.1
0.9130      -278582.160  -278591.797        9.637   540.3
0.9140      -278582.186  -278591.900        9.713   544.5
0.9150      -278582.199  -278591.923        9.724   545.1
0.9160      -278582.160  -278591.893        9.733   545.6
0.9170      -278582.216  -278591.976        9.760   547.1
0.9180      -278582.240  -278591.951        9.711   544.4
0.9190      -278582.151  -278591.826        9.675   542.4
0.9200      -278582.375  -278592.016        9.641   540.5
0.9210      -278582.263  -278591.927        9.665   541.8
0.9220      -278582.150  -278591.869        9.719   544.8
0.9230      -278582.148  -278591.855        9.707   544.2
0.9240      -278582.208  -278591.913        9.704   544.0
0.9250      -278582.204  -278591.938        9.735   545.7
0.9260      -278582.263  -278592.017        9.753   546.8
0.9270      -278582.270  -278592.072        9.802   549.5
0.9280      -278582.378  -278592.117        9.740   546.0
0.9290      -278582.376  -278592.144        9.768   547.6
0.9300      -278582.321  -278592.182        9.861   552.8
0.9310      -278582.324  -278592.182        9.858   552.6
0.9320      -278582.364  -278592.209        9.845   551.9
0.9330      -278582.295  -278592.087        9.792   548.9
0.9340      -278582.391  -278592.139        9.748   546.5
0.9350      -278582.439  -278592.097        9.658   541.4
0.9360      -278582.419  -278591.994        9.576   536.8
0.9370      -278582.353  -278591.910        9.557   535.8
0.9380      -278582.377  -278591.856        9.479   531.4
0.9390      -278582.264  -278591.752        9.489   531.9
0.9400      -278582.196  -278591.629        9.433   528.8
0.9410      -278582.285  -278591.634        9.348   524.1
0.9420      -278582.309  -278591.630        9.321   522.5
0.9430      -278582.275  -278591.603        9.327   522.9
0.9440      -278582.225  -278591.464        9.239   518.0
0.9450      -278582.147  -278591.294        9.147   512.8
0.9460      -278582.263  -278591.333        9.070   508.5
0.9470      -278582.219  -278591.225        9.006   504.9
0.9480      -278582.214  -278591.149        8.935   500.9
0.9490      -278582.218  -278591.062        8.844   495.8
0.9500      -278582.301  -278591.082        8.781   492.3
0.9510      -278582.303  -278591.034        8.731   489.5
0.9520      -278582.248  -278590.928        8.679   486.6
0.9530      -278582.240  -278590.851        8.611   482.7
0.9540      -278582.352  -278590.824        8.472   474.9
0.9550      -278582.306  -278590.733        8.427   472.4
0.9560      -278582.269  -278590.592        8.323   466.6
0.9570      -278582.303  -278590.563        8.261   463.1
0.9580      -278582.305  -278590.487        8.182   458.7
0.9590      -278582.228  -278590.356        8.128   455.7
0.9600      -278582.233  -278590.258        8.025   449.9
0.9610      -278582.177  -278590.115        7.938   445.0
0.9620      -278582.280  -278590.048        7.768   435.5
0.9630      -278582.253  -278589.931        7.678   430.4
0.9640      -278582.306  -278589.842        7.537   422.5
0.9650      -278582.194  -278589.682        7.488   419.8
0.9660      -278582.296  -278589.688        7.392   414.4
0.9670      -278582.257  -278589.588        7.331   411.0
0.9680      -278582.226  -278589.584        7.358   412.5
0.9690      -278582.270  -278589.639        7.369   413.1
0.9700      -278582.217  -278589.618        7.400   414.9
0.9710      -278582.171  -278589.632        7.461   418.3
0.9720      -278582.165  -278589.709        7.544   422.9
0.9730      -278582.142  -278589.792        7.650   428.8
0.9740      -278582.192  -278589.863        7.671   430.1
0.9750      -278582.264  -278589.975        7.711   432.3
0.9760      -278582.260  -278590.007        7.747   434.3
0.9770      -278582.214  -278590.064        7.850   440.1
0.9780      -278582.241  -278590.119        7.878   441.6
0.9790      -278582.307  -278590.173        7.865   440.9
0.9800      -278582.307  -278590.200        7.893   442.5
0.9810      -278582.298  -278590.176        7.878   441.6
0.9820      -278582.327  -278590.161        7.834   439.2
0.9830      -278582.282  -278590.104        7.822   438.5
0.9840      -278582.349  -278590.164        7.814   438.1
0.9850      -278582.320  -278590.153        7.833   439.1
0.9860      -278582.224  -278590.078        7.854   440.3
0.9870      -278582.175  -278590.002        7.827   438.8
0.9880      -278582.174  -278590.004        7.830   438.9
0.9890      -278582.196  -278590.047        7.852   440.2
0.9900      -278582.172  -278590.063        7.891   442.4
0.9910      -278582.121  -278590.022        7.901   443.0
0.9920      -278582.054  -278589.971        7.917   443.8
0.9930      -278582.037  -278590.008        7.971   446.9
0.9940      -278582.157  -278590.166        8.010   449.0
0.9950      -278582.196  -278590.249        8.053   451.4
0.9960      -278582.190  -278590.246        8.056   451.6
0.9970      -278582.228  -278590.359        8.131   455.8
0.9980      -278582.268  -278590.488        8.221   460.9
0.9990      -278582.252  -278590.544        8.292   464.8
1.0000      -278582.232  -278590.596        8.364   468.9
