Time[ps]      Etot[eV]     Epot[eV]     Ekin[eV]    T[K]
0.0000     -104575.2873 -104575.2873       0.0000     0.0
0.0010     -104575.2844 -104575.3884       0.1040    14.9
0.0020     -104575.2934 -104575.6897       0.3963    56.8
0.0030     -104575.3068 -104576.1939       0.8871   127.1
0.0040     -104575.3384 -104576.9049       1.5665   224.4
0.0050     -104575.3757 -104577.8040       2.4283   347.9
0.0060     -104575.3979 -104578.8249       3.4270   491.0
0.0070     -104575.4019 -104579.8133       4.4114   632.0
0.0080     -104575.4252 -104580.4922       5.0670   725.9
0.0090     -104575.4157 -104580.4649       5.0492   723.4
0.0100     -104575.3960 -104579.5386       4.1426   593.5
0.0110     -104575.2937 -104578.2827       2.9890   428.2
0.0120     -104575.2357 -104577.9564       2.7207   389.8
0.0130     -104575.3032 -104579.1943       3.8911   557.5
0.0140     -104575.4261 -104581.1519       5.7258   820.3
0.0150     -104575.5285 -104582.7125       7.1841  1029.2
0.0160     -104575.5142 -104583.4833       7.9690  1141.7
0.0170     -104575.5494 -104583.6864       8.1370  1165.8
0.0180     -104575.5429 -104583.6592       8.1163  1162.8
0.0190     -104575.5983 -104583.6092       8.0108  1147.7
0.0200     -104575.5736 -104583.6394       8.0658  1155.5
0.0210     -104575.5935 -104583.8231       8.2297  1179.0
0.0220     -104575.5137 -104584.1606       8.6469  1238.8
0.0230     -104575.5492 -104584.6141       9.0649  1298.7
0.0240     -104575.6472 -104585.1440       9.4967  1360.6
0.0250     -104575.7656 -104585.7342       9.9686  1428.2
0.0260     -104575.8215 -104586.3792      10.5578  1512.6
0.0270     -104575.7455 -104587.0431      11.2976  1618.6
0.0280     -104575.9125 -104587.6999      11.7874  1688.7
0.0290     -104575.9813 -104588.4217      12.4403  1782.3
0.0300     -104576.0246 -104589.1246      13.0999  1876.8
0.0310     -104576.1433 -104589.7772      13.6339  1953.3
0.0320     -104575.9651 -104590.2228      14.2577  2042.6
0.0330     -104576.0552 -104590.8140      14.7588  2114.4
0.0340     -104576.2339 -104591.5093      15.2754  2188.4
0.0350     -104576.1786 -104592.0225      15.8439  2269.9
0.0360     -104576.2012 -104592.5150      16.3138  2337.2
0.0370     -104575.9971 -104592.9733      16.9762  2432.1
0.0380     -104576.0233 -104593.3602      17.3369  2483.8
0.0390     -104576.1766 -104593.6089      17.4322  2497.4
0.0400     -104576.0569 -104593.5579      17.5010  2507.3
0.0410     -104576.2257 -104593.0297      16.8040  2407.4
0.0420     -104576.3626 -104591.8872      15.5245  2224.1
0.0430     -104576.1035 -104590.0667      13.9632  2000.4
0.0440     -104576.1860 -104587.8024      11.6164  1664.2
0.0450     -104576.1731 -104585.7597       9.5865  1373.4
0.0460     -104576.1718 -104584.6353       8.4635  1212.5
0.0470     -104576.2161 -104584.7322       8.5161  1220.1
0.0480     -104576.2921 -104585.7357       9.4436  1352.9
0.0490     -104576.3795 -104586.9686      10.5891  1517.1
0.0500     -104576.3893 -104587.7788      11.3895  1631.7
0.0510     -104576.3955 -104587.9803      11.5848  1659.7
0.0520     -104576.3597 -104587.6606      11.3008  1619.0
0.0530     -104576.3856 -104586.9331      10.5475  1511.1
0.0540     -104576.4338 -104586.0059       9.5722  1371.4
0.0550     -104576.5194 -104585.0916       8.5721  1228.1
0.0560     -104576.5530 -104584.1981       7.6452  1095.3
0.0570     -104576.5495 -104583.3628       6.8133   976.1
0.0580     -104576.4985 -104582.6042       6.1056   874.7
0.0590     -104576.5249 -104582.0182       5.4932   787.0
0.0600     -104576.5626 -104581.5765       5.0139   718.3
0.0610     -104576.5228 -104581.2577       4.7349   678.4
0.0620     -104576.5262 -104581.1160       4.5898   657.6
0.0630     -104576.5939 -104581.1670       4.5731   655.2
0.0640     -104576.6327 -104581.3569       4.7241   676.8
0.0650     -104576.6060 -104581.6687       5.0627   725.3
0.0660     -104576.6005 -104582.1448       5.5442   794.3
0.0670     -104576.6070 -104582.7358       6.1288   878.0
0.0680     -104576.5379 -104583.5362       6.9983  1002.6
0.0690     -104576.6373 -104584.5216       7.8843  1129.6
0.0700     -104576.6503 -104585.5621       8.9117  1276.7
0.0710     -104576.7534 -104586.6039       9.8506  1411.2
0.0720     -104576.8325 -104587.4005      10.5680  1514.0
0.0730     -104576.8691 -104587.6725      10.8034  1547.8
0.0740     -104576.8235 -104587.4257      10.6021  1518.9
0.0750     -104576.9964 -104587.5459      10.5495  1511.4
0.0760     -104577.0104 -104587.6223      10.6118  1520.3
0.0770     -104576.9038 -104587.2884      10.3846  1487.8
0.0780     -104576.9056 -104587.0522      10.1466  1453.7
0.0790     -104576.9732 -104587.2709      10.2977  1475.3
0.0800     -104577.1864 -104587.9219      10.7354  1538.0
0.0810     -104577.2539 -104588.6635      11.4096  1634.6
0.0820     -104577.2989 -104589.1373      11.8384  1696.0
0.0830     -104577.2519 -104589.2327      11.9808  1716.4
0.0840     -104577.3173 -104589.0710      11.7537  1683.9
0.0850     -104577.2706 -104588.8694      11.5988  1661.7
0.0860     -104577.2787 -104588.7120      11.4334  1638.0
0.0870     -104577.2598 -104588.5750      11.3152  1621.1
0.0880     -104577.2626 -104588.4042      11.1416  1596.2
0.0890     -104577.2679 -104588.1945      10.9267  1565.4
0.0900     -104577.2636 -104588.0041      10.7405  1538.8
0.0910     -104577.2047 -104588.0400      10.8353  1552.3
0.0920     -104577.1514 -104588.4703      11.3189  1621.6
0.0930     -104577.1822 -104589.0997      11.9175  1707.4
0.0940     -104577.2975 -104589.6456      12.3480  1769.0
0.0950     -104577.4328 -104589.9143      12.4815  1788.2
0.0960     -104577.4466 -104589.9762      12.5296  1795.1
0.0970     -104577.4402 -104589.9528      12.5125  1792.6
0.0980     -104577.5736 -104589.9331      12.3595  1770.7
0.0990     -104577.5141 -104590.0159      12.5018  1791.1
0.1000     -104577.5670 -104590.0685      12.5016  1791.0
0.1010     -104577.6535 -104589.9483      12.2948  1761.4
0.1020     -104577.7034 -104589.7382      12.0348  1724.2
0.1030     -104577.7534 -104589.6062      11.8528  1698.1
0.1040     -104577.8024 -104589.3768      11.5744  1658.2
0.1050     -104577.8286 -104588.9725      11.1439  1596.5
0.1060     -104577.8382 -104588.5656      10.7274  1536.9
0.1070     -104577.8513 -104588.2943      10.4430  1496.1
0.1080     -104577.8530 -104588.1800      10.3270  1479.5
0.1090     -104577.8339 -104588.1679      10.3340  1480.5
0.1100     -104577.9047 -104588.1017      10.1970  1460.9
0.1110     -104577.9119 -104587.8744       9.9626  1427.3
0.1120     -104577.9024 -104587.5871       9.6847  1387.5
0.1130     -104577.9964 -104587.4078       9.4114  1348.3
0.1140     -104578.0383 -104587.1956       9.1572  1311.9
0.1150     -104578.0689 -104586.9120       8.8431  1266.9
0.1160     -104578.0372 -104586.6701       8.6329  1236.8
0.1170     -104578.0034 -104586.5777       8.5744  1228.4
0.1180     -104578.1133 -104586.6703       8.5569  1225.9
0.1190     -104578.2113 -104586.8173       8.6060  1232.9
0.1200     -104578.2562 -104586.7869       8.5307  1222.2
0.1210     -104578.2380 -104586.4215       8.1835  1172.4
0.1220     -104578.2893 -104586.0756       7.7863  1115.5
0.1230     -104578.3324 -104586.0443       7.7118  1104.8
0.1240     -104578.3135 -104585.9957       7.6822  1100.6
0.1250     -104578.2334 -104585.7895       7.5561  1082.5
0.1260     -104578.2426 -104585.6102       7.3676  1055.5
0.1270     -104578.1530 -104585.5890       7.4360  1065.3
0.1280     -104578.1612 -104585.7454       7.5842  1086.6
0.1290     -104578.2015 -104585.9268       7.7253  1106.8
0.1300     -104578.1642 -104585.9532       7.7890  1115.9
0.1310     -104578.1808 -104585.8597       7.6789  1100.1
0.1320     -104578.2067 -104585.9732       7.7665  1112.7
0.1330     -104578.1905 -104586.3625       8.1720  1170.8
0.1340     -104578.2215 -104586.7678       8.5464  1224.4
0.1350     -104578.2486 -104587.0968       8.8482  1267.7
0.1360     -104578.2840 -104587.4068       9.1228  1307.0
0.1370     -104578.3434 -104587.8016       9.4583  1355.0
0.1380     -104578.3674 -104588.2198       9.8524  1411.5
0.1390     -104578.3682 -104588.5494      10.1812  1458.6
0.1400     -104578.3881 -104588.6175      10.2294  1465.5
0.1410     -104578.3467 -104588.4773      10.1306  1451.4
0.1420     -104578.3716 -104588.4092      10.0376  1438.0
0.1430     -104578.3387 -104588.3650      10.0263  1436.4
0.1440     -104578.3403 -104588.1679       9.8277  1408.0
0.1450     -104578.3524 -104587.8683       9.5159  1363.3
0.1460     -104578.3544 -104587.5832       9.2288  1322.2
0.1470     -104578.3724 -104587.5988       9.2263  1321.8
0.1480     -104578.5266 -104587.8786       9.3520  1339.8
0.1490     -104578.5966 -104588.0579       9.4613  1355.5
0.1500     -104578.6087 -104588.0219       9.4132  1348.6
0.1510     -104578.6276 -104587.9001       9.2725  1328.4
0.1520     -104578.6711 -104588.0022       9.3311  1336.8
0.1530     -104578.6944 -104588.0661       9.3717  1342.6
0.1540     -104578.6885 -104587.9984       9.3099  1333.8
0.1550     -104578.6669 -104588.0737       9.4068  1347.7
0.1560     -104578.6937 -104588.4096       9.7159  1392.0
0.1570     -104578.7012 -104589.0011      10.2999  1475.6
0.1580     -104578.7884 -104589.6919      10.9035  1562.1
0.1590     -104578.7049 -104590.1372      11.4323  1637.9
0.1600     -104578.6384 -104590.1894      11.5510  1654.9
0.1610     -104578.6789 -104590.1008      11.4219  1636.4
0.1620     -104578.8017 -104589.9533      11.1515  1597.6
0.1630     -104578.7661 -104589.4640      10.6979  1532.6
0.1640     -104578.7333 -104588.7885      10.0551  1440.6
0.1650     -104578.5999 -104588.2532       9.6533  1383.0
0.1660     -104578.6551 -104588.1746       9.5195  1363.8
0.1670     -104578.6200 -104588.4069       9.7869  1402.1
0.1680     -104578.5496 -104588.7972      10.2476  1468.1
0.1690     -104578.5641 -104589.2063      10.6422  1524.7
0.1700     -104578.4753 -104589.4737      10.9984  1575.7
0.1710     -104578.4437 -104589.5296      11.0859  1588.2
0.1720     -104578.4535 -104589.2285      10.7750  1543.7
0.1730     -104578.4373 -104588.5686      10.1312  1451.5
0.1740     -104578.4767 -104587.7459       9.2692  1328.0
0.1750     -104578.4807 -104587.0888       8.6080  1233.2
0.1760     -104578.4586 -104586.8871       8.4285  1207.5
0.1770     -104578.4789 -104587.1094       8.6305  1236.5
0.1780     -104578.3930 -104587.4411       9.0481  1296.3
0.1790     -104578.4109 -104587.7605       9.3496  1339.5
0.1800     -104578.6019 -104588.0473       9.4454  1353.2
0.1810     -104578.6021 -104588.3742       9.7721  1400.0
0.1820     -104578.5982 -104588.6236      10.0254  1436.3
0.1830     -104578.6370 -104588.6075       9.9705  1428.4
0.1840     -104578.5583 -104588.4721       9.9138  1420.3
0.1850     -104578.5507 -104588.3958       9.8451  1410.5
0.1860     -104578.6424 -104588.5776       9.9351  1423.4
0.1870     -104578.7479 -104588.9979      10.2500  1468.5
0.1880     -104578.7420 -104589.4012      10.6592  1527.1
0.1890     -104578.8589 -104589.4719      10.6130  1520.5
0.1900     -104578.8320 -104589.3726      10.5407  1510.1
0.1910     -104578.8641 -104589.2905      10.4264  1493.7
0.1920     -104578.8562 -104588.9999      10.1437  1453.2
0.1930     -104578.9243 -104588.5397       9.6154  1377.6
0.1940     -104578.9007 -104588.1505       9.2498  1325.2
0.1950     -104578.9374 -104588.0130       9.0756  1300.2
0.1960     -104578.9524 -104588.1801       9.2277  1322.0
0.1970     -104579.0348 -104588.5659       9.5311  1365.5
0.1980     -104579.0761 -104588.9245       9.8484  1410.9
0.1990     -104579.0603 -104589.1003      10.0399  1438.4
0.2000     -104579.0309 -104589.2328      10.2019  1461.6
0.2010     -104579.1044 -104589.2185      10.1141  1449.0
0.2020     -104579.0742 -104588.8229       9.7486  1396.6
0.2030     -104579.0089 -104588.2693       9.2603  1326.7
0.2040     -104579.0252 -104587.8235       8.7983  1260.5
0.2050     -104579.0484 -104587.5514       8.5030  1218.2
0.2060     -104579.0614 -104587.4604       8.3990  1203.3
0.2070     -104579.0648 -104587.5397       8.4749  1214.2
0.2080     -104578.9878 -104587.6624       8.6746  1242.8
0.2090     -104578.9200 -104587.8061       8.8860  1273.1
0.2100     -104578.9651 -104588.1804       9.2153  1320.2
0.2110     -104579.0402 -104588.4571       9.4169  1349.1
0.2120     -104579.0517 -104588.3724       9.3208  1335.3
0.2130     -104579.0786 -104588.1718       9.0932  1302.7
0.2140     -104579.0524 -104588.0325       8.9801  1286.5
0.2150     -104579.0500 -104587.9564       8.9064  1276.0
0.2160     -104579.0644 -104587.9102       8.8458  1267.3
0.2170     -104579.1304 -104587.8437       8.7134  1248.3
0.2180     -104579.1671 -104587.6180       8.4510  1210.7
0.2190     -104579.1486 -104587.5212       8.3726  1199.5
0.2200     -104579.1887 -104587.8722       8.6835  1244.0
0.2210     -104579.2521 -104588.2187       8.9666  1284.6
0.2220     -104579.1639 -104588.2228       9.0589  1297.8
0.2230     -104579.2167 -104588.1720       8.9553  1283.0
0.2240     -104579.1885 -104588.1490       8.9605  1283.7
0.2250     -104579.2191 -104588.2667       9.0476  1296.2
0.2260     -104579.2276 -104588.4161       9.1885  1316.4
0.2270     -104579.2008 -104588.5291       9.3283  1336.4
0.2280     -104579.2312 -104588.5558       9.3246  1335.9
0.2290     -104579.2007 -104588.6068       9.4061  1347.6
0.2300     -104579.2196 -104588.7172       9.4976  1360.7
0.2310     -104579.2444 -104588.6182       9.3738  1343.0
0.2320     -104579.2592 -104588.2994       9.0402  1295.2
0.2330     -104579.2578 -104587.9447       8.6869  1244.5
0.2340     -104579.2073 -104587.7833       8.5761  1228.7
0.2350     -104579.2352 -104588.0329       8.7977  1260.4
0.2360     -104579.2303 -104588.4884       9.2581  1326.4
0.2370     -104579.2736 -104588.8062       9.5326  1365.7
0.2380     -104579.1632 -104588.8054       9.6422  1381.4
0.2390     -104579.1551 -104588.8446       9.6895  1388.2
0.2400     -104579.3310 -104588.9570       9.6260  1379.1
0.2410     -104579.3477 -104588.8098       9.4621  1355.6
0.2420     -104579.3947 -104588.5914       9.1966  1317.6
0.2430     -104579.3491 -104588.4636       9.1145  1305.8
0.2440     -104579.3253 -104588.4812       9.1559  1311.7
0.2450     -104579.2712 -104588.6151       9.3439  1338.7
0.2460     -104579.2995 -104588.7424       9.4429  1352.8
0.2470     -104579.3274 -104588.6968       9.3695  1342.3
0.2480     -104579.3341 -104588.5249       9.1907  1316.7
0.2490     -104579.2966 -104588.4057       9.1092  1305.0
0.2500     -104579.3400 -104588.3782       9.0383  1294.9
0.2510     -104579.3755 -104588.4603       9.0848  1301.5
0.2520     -104579.3744 -104588.6056       9.2312  1322.5
0.2530     -104579.3045 -104588.7632       9.4587  1355.1
0.2540     -104579.3992 -104588.9005       9.5013  1361.2
0.2550     -104579.3773 -104588.9707       9.5934  1374.4
0.2560     -104579.3438 -104588.8793       9.5355  1366.1
0.2570     -104579.3574 -104588.6238       9.2664  1327.6
0.2580     -104579.3558 -104588.3787       9.0229  1292.7
0.2590     -104579.3888 -104588.1988       8.8100  1262.2
0.2600     -104579.4200 -104587.9649       8.5449  1224.2
0.2610     -104579.4179 -104587.6605       8.2426  1180.9
0.2620     -104579.4255 -104587.3304       7.9050  1132.5
0.2630     -104579.4711 -104587.0078       7.5366  1079.7
0.2640     -104579.5332 -104586.7328       7.1996  1031.5
0.2650     -104579.6075 -104586.5993       6.9918  1001.7
0.2660     -104579.6166 -104586.6191       7.0025  1003.2
0.2670     -104579.6584 -104586.6833       7.0249  1006.4
0.2680     -104579.7078 -104586.7547       7.0469  1009.6
0.2690     -104579.7799 -104586.8210       7.0411  1008.8
0.2700     -104579.7644 -104586.8015       7.0371  1008.2
0.2710     -104579.7766 -104586.7398       6.9632   997.6
0.2720     -104579.7228 -104586.7449       7.0221  1006.0
0.2730     -104579.7759 -104586.9135       7.1376  1022.6
0.2740     -104579.8310 -104587.2375       7.4064  1061.1
0.2750     -104579.8549 -104587.5906       7.7356  1108.2
0.2760     -104579.8704 -104587.8064       7.9360  1137.0
0.2770     -104579.8022 -104587.8591       8.0569  1154.3
0.2780     -104579.8247 -104587.8493       8.0246  1149.6
0.2790     -104579.9382 -104587.6939       7.7558  1111.1
0.2800     -104579.9343 -104587.3800       7.4457  1066.7
0.2810     -104579.8822 -104587.1908       7.3086  1047.1
0.2820     -104579.8703 -104587.4203       7.5500  1081.7
0.2830     -104579.8724 -104587.9466       8.0742  1156.8
0.2840     -104579.8697 -104588.4580       8.5884  1230.4
0.2850     -104579.9356 -104588.7843       8.8487  1267.7
0.2860     -104579.9914 -104588.8687       8.8773  1271.8
0.2870     -104579.9725 -104588.7880       8.8156  1263.0
0.2880     -104579.9454 -104588.7537       8.8083  1261.9
0.2890     -104580.0093 -104588.8226       8.8133  1262.6
0.2900     -104580.0072 -104588.8690       8.8618  1269.6
0.2910     -104579.9191 -104588.8960       8.9769  1286.1
0.2920     -104579.8934 -104588.9934       9.1000  1303.7
0.2930     -104580.0428 -104589.1122       9.0694  1299.3
0.2940     -104580.1592 -104589.0323       8.8732  1271.2
0.2950     -104580.1597 -104588.6742       8.5145  1219.8
0.2960     -104580.1848 -104588.2597       8.0750  1156.9
0.2970     -104580.1938 -104588.0622       7.8685  1127.3
0.2980     -104580.1944 -104588.0859       7.8915  1130.6
0.2990     -104580.1700 -104588.1605       7.9905  1144.8
0.3000     -104580.2508 -104588.2056       7.9548  1139.6
0.3010     -104580.2551 -104588.2077       7.9526  1139.3
0.3020     -104580.2315 -104588.2491       8.0176  1148.6
0.3030     -104580.2618 -104588.3941       8.1323  1165.1
0.3040     -104580.3234 -104588.5791       8.2558  1182.8
0.3050     -104580.2547 -104588.7178       8.4631  1212.5
0.3060     -104580.2856 -104588.8778       8.5922  1231.0
0.3070     -104580.4310 -104589.1551       8.7241  1249.9
0.3080     -104580.4561 -104589.3487       8.8926  1274.0
0.3090     -104580.4004 -104589.3297       8.9292  1279.2
0.3100     -104580.4268 -104589.2908       8.8640  1269.9
0.3110     -104580.5383 -104589.3032       8.7649  1255.7
0.3120     -104580.4730 -104589.2957       8.8227  1264.0
0.3130     -104580.4714 -104589.3826       8.9112  1276.7
0.3140     -104580.5494 -104589.4997       8.9503  1282.3
0.3150     -104580.5123 -104589.5682       9.0558  1297.4
0.3160     -104580.5788 -104589.6745       9.0957  1303.1
0.3170     -104580.6710 -104589.8255       9.1545  1311.5
0.3180     -104580.6588 -104589.8392       9.1804  1315.2
0.3190     -104580.5826 -104589.6860       9.1034  1304.2
0.3200     -104580.6961 -104589.5300       8.8339  1265.6
0.3210     -104580.7736 -104589.4098       8.6361  1237.3
0.3220     -104580.7697 -104589.3514       8.5817  1229.5
0.3230     -104580.8117 -104589.3964       8.5847  1229.9
0.3240     -104580.7697 -104589.3990       8.6293  1236.3
0.3250     -104580.7669 -104589.2942       8.5274  1221.7
0.3260     -104580.7567 -104589.2258       8.4691  1213.3
0.3270     -104580.8882 -104589.2585       8.3703  1199.2
0.3280     -104580.8352 -104589.2347       8.3995  1203.4
0.3290     -104580.7546 -104589.0946       8.3400  1194.8
0.3300     -104580.7404 -104588.9779       8.2376  1180.2
0.3310     -104580.7990 -104588.8898       8.0909  1159.1
0.3320     -104580.8284 -104588.7982       7.9699  1141.8
0.3330     -104580.8183 -104588.7536       7.9353  1136.9
0.3340     -104580.8645 -104588.7470       7.8825  1129.3
0.3350     -104580.9491 -104588.6839       7.7348  1108.1
0.3360     -104580.9143 -104588.4422       7.5279  1078.5
0.3370     -104580.9659 -104588.3904       7.4246  1063.7
0.3380     -104581.0250 -104588.3031       7.2781  1042.7
0.3390     -104580.9529 -104588.1372       7.1843  1029.3
0.3400     -104581.0069 -104588.0259       7.0189  1005.6
0.3410     -104581.0327 -104587.9682       6.9355   993.6
0.3420     -104581.0398 -104587.9808       6.9410   994.4
0.3430     -104580.9897 -104588.0508       7.0611  1011.6
0.3440     -104580.9967 -104588.1538       7.1571  1025.4
0.3450     -104581.0001 -104588.2386       7.2385  1037.0
0.3460     -104581.0064 -104588.3149       7.3085  1047.1
0.3470     -104581.0345 -104588.3588       7.3244  1049.3
0.3480     -104581.0446 -104588.4259       7.3813  1057.5
0.3490     -104581.0599 -104588.4783       7.4184  1062.8
0.3500     -104581.0711 -104588.4786       7.4074  1061.2
0.3510     -104581.1046 -104588.4825       7.3779  1057.0
0.3520     -104581.1366 -104588.4345       7.2979  1045.5
0.3530     -104581.1360 -104588.3270       7.1910  1030.2
0.3540     -104581.1075 -104588.2008       7.0933  1016.2
0.3550     -104581.1836 -104588.1676       6.9840  1000.6
0.3560     -104581.1337 -104588.0690       6.9353   993.6
0.3570     -104581.0840 -104587.9180       6.8340   979.1
0.3580     -104581.1635 -104587.8555       6.6920   958.7
0.3590     -104581.2326 -104587.7887       6.5561   939.3
0.3600     -104581.2472 -104587.7379       6.4907   929.9
0.3610     -104581.2566 -104587.7459       6.4893   929.7
0.3620     -104581.2944 -104587.9264       6.6319   950.1
0.3630     -104581.2913 -104588.2677       6.9764   999.5
0.3640     -104581.3194 -104588.6315       7.3121  1047.6
0.3650     -104581.2873 -104588.8694       7.5821  1086.3
0.3660     -104581.2590 -104589.0038       7.7447  1109.6
0.3670     -104581.2632 -104589.0329       7.7697  1113.1
0.3680     -104581.2649 -104589.0006       7.7357  1108.3
0.3690     -104581.3306 -104588.9334       7.6028  1089.2
0.3700     -104581.3025 -104588.8521       7.5496  1081.6
0.3710     -104581.3147 -104588.7713       7.4567  1068.3
0.3720     -104581.2776 -104588.6890       7.4114  1061.8
0.3730     -104581.2494 -104588.6591       7.4096  1061.5
0.3740     -104581.2383 -104588.6780       7.4396  1065.8
0.3750     -104581.2550 -104588.7675       7.5125  1076.3
0.3760     -104581.2601 -104588.9104       7.6503  1096.0
0.3770     -104581.2618 -104589.1066       7.8449  1123.9
0.3780     -104581.2291 -104589.3248       8.0957  1159.8
0.3790     -104581.2656 -104589.5198       8.2542  1182.5
0.3800     -104581.3191 -104589.6237       8.3046  1189.8
0.3810     -104581.3567 -104589.0977       7.7410  1109.0
0.3820     -104581.1944 -104588.2605       7.0662  1012.3
0.3830     -104581.4114 -104588.9259       7.5145  1076.6
0.3840     -104581.4557 -104589.3645       7.9088  1133.1
0.3850     -104581.4377 -104589.0818       7.6441  1095.1
0.3860     -104581.4393 -104588.6247       7.1854  1029.4
0.3870     -104581.5220 -104588.2316       6.7095   961.2
0.3880     -104581.5570 -104587.9545       6.3975   916.5
0.3890     -104581.5571 -104587.7751       6.2181   890.8
0.3900     -104581.5922 -104587.7934       6.2012   888.4
0.3910     -104581.5172 -104587.9344       6.4172   919.4
0.3920     -104581.5729 -104588.3006       6.7277   963.9
0.3930     -104581.6333 -104588.8519       7.2187  1034.2
0.3940     -104581.7234 -104589.3868       7.6634  1097.9
0.3950     -104581.7685 -104589.3376       7.5690  1084.4
0.3960     -104581.6047 -104588.4534       6.8487   981.2
0.3970     -104581.7295 -104588.9708       7.2413  1037.4
0.3980     -104581.7621 -104589.8608       8.0987  1160.3
0.3990     -104581.7660 -104589.8253       8.0593  1154.6
0.4000     -104581.8182 -104589.5206       7.7024  1103.5
0.4010     -104581.8114 -104589.1356       7.3242  1049.3
0.4020     -104581.7945 -104588.8066       7.0121  1004.6
0.4030     -104581.8406 -104588.5583       6.7178   962.4
0.4040     -104581.8130 -104588.3603       6.5473   938.0
0.4050     -104581.8135 -104588.2473       6.4338   921.7
0.4060     -104581.8793 -104588.2876       6.4083   918.1
0.4070     -104581.8658 -104588.4611       6.5953   944.9
0.4080     -104581.9252 -104588.7011       6.7759   970.8
0.4090     -104581.9601 -104588.6842       6.7241   963.3
0.4100     -104581.9473 -104587.8690       5.9217   848.4
0.4110     -104581.8466 -104587.4652       5.6186   805.0
0.4120     -104581.9671 -104588.3844       6.4173   919.4
0.4130     -104581.8868 -104588.5790       6.6922   958.8
0.4140     -104581.8641 -104588.3889       6.5248   934.8
0.4150     -104581.9117 -104588.2322       6.3205   905.5
0.4160     -104581.9094 -104588.1330       6.2237   891.6
0.4170     -104581.9394 -104588.0732       6.1338   878.8
0.4180     -104581.9649 -104587.9552       5.9903   858.2
0.4190     -104581.9456 -104587.7695       5.8239   834.4
0.4200     -104581.9814 -104587.6560       5.6746   813.0
0.4210     -104581.9671 -104587.5809       5.6138   804.3
0.4220     -104581.9369 -104587.6554       5.7185   819.3
0.4230     -104581.9155 -104587.8671       5.9516   852.7
0.4240     -104581.9585 -104588.2608       6.3022   902.9
0.4250     -104582.0163 -104588.6767       6.6604   954.2
0.4260     -104582.0479 -104588.8080       6.7600   968.5
0.4270     -104581.9212 -104588.2265       6.3052   903.3
0.4280     -104581.8119 -104587.7067       5.8948   844.5
0.4290     -104581.9705 -104588.3737       6.4032   917.4
0.4300     -104581.9319 -104588.6394       6.7075   961.0
0.4310     -104581.8648 -104588.4359       6.5711   941.4
0.4320     -104581.9153 -104588.2082       6.2929   901.6
0.4330     -104581.9479 -104588.0392       6.0912   872.7
0.4340     -104581.9135 -104587.8691       5.9555   853.2
0.4350     -104581.8708 -104587.7814       5.9106   846.8
0.4360     -104581.8905 -104587.8712       5.9807   856.8
0.4370     -104581.9704 -104588.0350       6.0646   868.9
0.4380     -104581.9153 -104588.1094       6.1941   887.4
0.4390     -104581.9363 -104588.2899       6.3536   910.2
0.4400     -104582.0251 -104588.5505       6.5255   934.9
0.4410     -104582.0248 -104588.6979       6.6731   956.0
0.4420     -104582.0412 -104588.7630       6.7217   963.0
0.4430     -104582.1059 -104588.8068       6.7009   960.0
0.4440     -104582.1353 -104588.7855       6.6502   952.7
0.4450     -104582.0922 -104588.6966       6.6044   946.2
0.4460     -104582.1115 -104588.7088       6.5973   945.2
0.4470     -104582.1381 -104588.8360       6.6979   959.6
0.4480     -104582.2048 -104589.0515       6.8467   980.9
0.4490     -104582.0937 -104589.2277       7.1340  1022.1
0.4500     -104582.0851 -104589.3339       7.2487  1038.5
0.4510     -104582.0645 -104589.3276       7.2631  1040.6
0.4520     -104582.0335 -104589.1375       7.1041  1017.8
0.4530     -104582.0339 -104588.7922       6.7583   968.2
0.4540     -104582.0703 -104588.5061       6.4357   922.0
0.4550     -104582.0893 -104588.4468       6.3575   910.8
0.4560     -104582.1438 -104588.6988       6.5550   939.1
0.4570     -104582.1551 -104589.1402       6.9851  1000.7
0.4580     -104582.2149 -104589.5614       7.3466  1052.5
0.4590     -104582.2022 -104589.8040       7.6019  1089.1
0.4600     -104582.2479 -104589.8512       7.6033  1089.3
0.4610     -104582.3104 -104589.7643       7.4539  1067.9
0.4620     -104582.4272 -104589.6509       7.2237  1034.9
0.4630     -104582.4739 -104589.6568       7.1829  1029.1
0.4640     -104582.5119 -104589.8364       7.3245  1049.3
0.4650     -104582.4960 -104590.1243       7.6282  1092.9
0.4660     -104582.5526 -104590.3934       7.8409  1123.3
0.4670     -104582.5452 -104590.5824       8.0372  1151.5
0.4680     -104582.5091 -104590.6963       8.1871  1172.9
0.4690     -104582.5206 -104590.7703       8.2497  1181.9
0.4700     -104582.5467 -104590.8235       8.2768  1185.8
0.4710     -104582.4829 -104590.8731       8.3902  1202.0
0.4720     -104582.4480 -104590.9309       8.4829  1215.3
0.4730     -104582.4702 -104591.0091       8.5389  1223.3
0.4740     -104582.5074 -104591.1213       8.6139  1234.1
0.4750     -104582.5213 -104591.2620       8.7407  1252.2
0.4760     -104582.5646 -104591.3937       8.8291  1264.9
0.4770     -104582.5136 -104591.4563       8.9427  1281.2
0.4780     -104582.5665 -104591.4601       8.8936  1274.1
0.4790     -104582.6053 -104591.4585       8.8532  1268.4
0.4800     -104582.5350 -104591.4493       8.9143  1277.1
0.4810     -104582.6039 -104591.4149       8.8110  1262.3
0.4820     -104582.6635 -104591.3311       8.6676  1241.8
0.4830     -104582.6222 -104591.1989       8.5766  1228.7
0.4840     -104582.6608 -104591.0538       8.3930  1202.4
0.4850     -104582.6631 -104590.9011       8.2380  1180.2
0.4860     -104582.7472 -104590.7310       7.9838  1143.8
0.4870     -104582.7896 -104590.5483       7.7587  1111.6
0.4880     -104582.8199 -104590.4460       7.6261  1092.6
0.4890     -104582.8719 -104590.4530       7.5810  1086.1
0.4900     -104582.8645 -104590.4592       7.5947  1088.1
0.4910     -104582.9233 -104590.4677       7.5444  1080.8
0.4920     -104582.9196 -104590.5185       7.5989  1088.7
0.4930     -104582.9052 -104590.5239       7.6187  1091.5
0.4940     -104582.8363 -104590.4967       7.6604  1097.5
0.4950     -104582.8008 -104590.5565       7.7557  1111.1
0.4960     -104582.8511 -104590.5993       7.7481  1110.0
0.4970     -104582.7940 -104590.5695       7.7755  1114.0
0.4980     -104582.7422 -104590.5626       7.8204  1120.4
0.4990     -104582.7837 -104590.5658       7.7822  1114.9
0.5000     -104582.8096 -104590.6275       7.8179  1120.0
0.5010     -104582.8099 -104590.7663       7.9564  1139.9
0.5020     -104582.7975 -104590.9786       8.1811  1172.1
0.5030     -104582.8753 -104591.2293       8.3541  1196.9
0.5040     -104582.8990 -104591.4687       8.5697  1227.7
0.5050     -104582.8613 -104591.7057       8.8443  1267.1
0.5060     -104582.9562 -104591.8934       8.9372  1280.4
0.5070     -104582.9764 -104591.9375       8.9611  1283.8
0.5080     -104582.9874 -104591.8484       8.8609  1269.5
0.5090     -104582.9776 -104591.6752       8.6976  1246.1
0.5100     -104583.0554 -104591.4341       8.3786  1200.4
0.5110     -104583.0686 -104591.1717       8.1030  1160.9
0.5120     -104583.1441 -104590.9074       7.7633  1112.2
0.5130     -104583.2114 -104590.5974       7.3860  1058.2
0.5140     -104583.2543 -104590.2457       6.9915  1001.6
0.5150     -104583.2704 -104589.8952       6.6248   949.1
0.5160     -104583.2440 -104589.5843       6.3403   908.3
0.5170     -104583.2917 -104589.3505       6.0588   868.0
0.5180     -104583.3433 -104589.1953       5.8520   838.4
0.5190     -104583.3004 -104589.0800       5.7797   828.0
0.5200     -104583.3430 -104589.0973       5.7544   824.4
0.5210     -104583.3666 -104589.1830       5.8164   833.3
0.5220     -104583.4100 -104589.2956       5.8856   843.2
0.5230     -104583.4747 -104589.3935       5.9188   848.0
0.5240     -104583.4569 -104589.4412       5.9842   857.3
0.5250     -104583.4751 -104589.4814       6.0063   860.5
0.5260     -104583.5155 -104589.5248       6.0093   860.9
0.5270     -104583.5103 -104589.5362       6.0260   863.3
0.5280     -104583.5215 -104589.5262       6.0047   860.3
0.5290     -104583.5349 -104589.4656       5.9307   849.7
0.5300     -104583.5698 -104589.3599       5.7901   829.5
0.5310     -104583.5940 -104589.3021       5.7081   817.8
0.5320     -104583.5436 -104589.3080       5.7645   825.9
0.5330     -104583.5389 -104589.4082       5.8693   840.9
0.5340     -104583.5986 -104589.6250       6.0264   863.4
0.5350     -104583.6207 -104589.8431       6.2223   891.4
0.5360     -104583.6505 -104590.0287       6.3782   913.8
0.5370     -104583.6288 -104590.0846       6.4558   924.9
0.5380     -104583.6262 -104589.9979       6.3717   912.8
0.5390     -104583.6067 -104589.8143       6.2077   889.3
0.5400     -104583.6234 -104589.6055       5.9821   857.0
0.5410     -104583.6367 -104589.4884       5.8517   838.3
0.5420     -104583.5990 -104589.5900       5.9910   858.3
0.5430     -104583.6219 -104589.8971       6.2752   899.0
0.5440     -104583.6427 -104590.2094       6.5668   940.8
0.5450     -104583.6030 -104590.4181       6.8151   976.4
0.5460     -104583.5889 -104590.5430       6.9541   996.3
0.5470     -104583.6514 -104590.6106       6.9592   997.0
0.5480     -104583.6993 -104590.6012       6.9018   988.8
0.5490     -104583.6604 -104590.5403       6.8800   985.7
0.5500     -104583.5937 -104590.5042       6.9105   990.0
0.5510     -104583.6031 -104590.5140       6.9109   990.1
0.5520     -104583.6317 -104590.5736       6.9419   994.5
0.5530     -104583.5986 -104590.6647       7.0660  1012.3
0.5540     -104583.6651 -104590.7587       7.0936  1016.3
0.5550     -104583.7126 -104590.8421       7.1295  1021.4
0.5560     -104583.7144 -104590.8378       7.1233  1020.5
0.5570     -104583.6126 -104590.7591       7.1465  1023.8
0.5580     -104583.5499 -104590.6700       7.1200  1020.1
0.5590     -104583.5800 -104590.6910       7.1110  1018.8
0.5600     -104583.6260 -104590.7288       7.1028  1017.6
0.5610     -104583.6296 -104590.6821       7.0525  1010.4
0.5620     -104583.5811 -104590.4781       6.8970   988.1
0.5630     -104583.6023 -104590.2512       6.6489   952.6
0.5640     -104583.6729 -104590.0161       6.3432   908.8
0.5650     -104583.6547 -104589.7245       6.0698   869.6
0.5660     -104583.5973 -104589.4291       5.8318   835.5
0.5670     -104583.6516 -104589.3260       5.6744   813.0
0.5680     -104583.7333 -104589.3814       5.6481   809.2
0.5690     -104583.7932 -104589.5054       5.7123   818.4
0.5700     -104583.8343 -104589.6653       5.8311   835.4
0.5710     -104583.8606 -104589.8690       6.0084   860.8
0.5720     -104583.8331 -104590.0520       6.2189   890.9
0.5730     -104583.7747 -104590.1572       6.3825   914.4
0.5740     -104583.8200 -104590.3817       6.5617   940.1
0.5750     -104583.8884 -104590.6756       6.7872   972.4
0.5760     -104583.8325 -104590.8189       6.9863  1000.9
0.5770     -104583.8634 -104590.9512       7.0878  1015.4
0.5780     -104583.8560 -104591.0108       7.1548  1025.0
0.5790     -104583.8255 -104590.9425       7.1170  1019.6
0.5800     -104583.8495 -104590.8925       7.0430  1009.0
0.5810     -104583.8728 -104590.8562       6.9834  1000.5
0.5820     -104583.8875 -104590.7787       6.8912   987.3
0.5830     -104583.9134 -104590.7016       6.7882   972.5
0.5840     -104583.8631 -104590.6019       6.7388   965.4
0.5850     -104583.8694 -104590.4135       6.5441   937.5
0.5860     -104583.9217 -104590.1894       6.2677   897.9
0.5870     -104583.9173 -104589.9303       6.0129   861.4
0.5880     -104583.9437 -104589.6974       5.7537   824.3
0.5890     -104583.9426 -104589.5671       5.6245   805.8
0.5900     -104583.9962 -104589.6045       5.6083   803.5
0.5910     -104584.0020 -104589.7826       5.7807   828.2
0.5920     -104584.0171 -104590.0215       6.0045   860.2
0.5930     -104584.0392 -104590.2731       6.2339   893.1
0.5940     -104583.9870 -104590.4545       6.4675   926.6
0.5950     -104583.9684 -104590.5599       6.5914   944.3
0.5960     -104583.9955 -104590.5843       6.5887   943.9
0.5970     -104583.9983 -104590.5418       6.5435   937.5
0.5980     -104583.9921 -104590.4526       6.4605   925.6
0.5990     -104583.9930 -104590.3282       6.3352   907.6
0.6000     -104584.0115 -104590.2051       6.1936   887.3
0.6010     -104584.0349 -104590.0976       6.0627   868.6
0.6020     -104584.0305 -104590.0140       5.9835   857.2
0.6030     -104584.0699 -104589.9613       5.8913   844.0
0.6040     -104584.0686 -104589.9755       5.9070   846.3
0.6050     -104584.0406 -104590.0763       6.0357   864.7
0.6060     -104584.0351 -104590.2549       6.2198   891.1
0.6070     -104584.0807 -104590.4571       6.3765   913.5
0.6080     -104584.0700 -104590.6160       6.5459   937.8
0.6090     -104584.0734 -104590.7141       6.6406   951.4
0.6100     -104584.1269 -104590.7660       6.6390   951.1
0.6110     -104584.1219 -104590.7785       6.6566   953.7
0.6120     -104584.0626 -104590.7682       6.7056   960.7
0.6130     -104584.0438 -104590.7515       6.7076   961.0
0.6140     -104584.0525 -104590.7241       6.6715   955.8
0.6150     -104584.0412 -104590.7008       6.6596   954.1
0.6160     -104584.1249 -104590.6950       6.5702   941.3
0.6170     -104584.1243 -104590.6545       6.5302   935.6
0.6180     -104584.0701 -104590.5611       6.4909   929.9
0.6190     -104584.1436 -104590.4915       6.3479   909.4
0.6200     -104584.1781 -104590.4328       6.2547   896.1
0.6210     -104584.1649 -104590.3734       6.2085   889.5
0.6220     -104584.2032 -104590.3886       6.1855   886.2
0.6230     -104584.2471 -104590.4352       6.1881   886.5
0.6240     -104584.2879 -104590.4369       6.1489   880.9
0.6250     -104584.2472 -104590.4316       6.1844   886.0
0.6260     -104584.2429 -104590.4355       6.1926   887.2
0.6270     -104584.2699 -104590.4384       6.1685   883.7
0.6280     -104584.2972 -104590.4729       6.1757   884.8
0.6290     -104584.3064 -104590.5539       6.2475   895.0
0.6300     -104584.3642 -104590.6682       6.3040   903.1
0.6310     -104584.4136 -104590.8105       6.3969   916.5
0.6320     -104584.4766 -104590.9755       6.4989   931.1
0.6330     -104584.4879 -104591.1515       6.6635   954.7
0.6340     -104584.4830 -104591.2914       6.8084   975.4
0.6350     -104584.4616 -104591.3962       6.9346   993.5
0.6360     -104584.4273 -104591.4799       7.0526  1010.4
0.6370     -104584.3924 -104591.5827       7.1902  1030.1
0.6380     -104584.3929 -104591.7377       7.3448  1052.3
0.6390     -104584.4109 -104591.8809       7.4700  1070.2
0.6400     -104584.3962 -104591.9628       7.5666  1084.0
0.6410     -104584.3492 -104591.9550       7.6058  1089.6
0.6420     -104584.3593 -104591.8906       7.5313  1079.0
0.6430     -104584.4203 -104591.7630       7.3428  1052.0
0.6440     -104584.4176 -104591.5254       7.1078  1018.3
0.6450     -104584.3718 -104591.3110       6.9391   994.1
0.6460     -104584.4341 -104591.2135       6.7795   971.3
0.6470     -104584.4384 -104591.2348       6.7964   973.7
0.6480     -104584.4425 -104591.2918       6.8493   981.3
0.6490     -104584.4427 -104591.3226       6.8799   985.7
0.6500     -104584.5058 -104591.3878       6.8820   986.0
0.6510     -104584.4556 -104591.3584       6.9028   988.9
0.6520     -104584.4632 -104591.3094       6.8462   980.8
0.6530     -104584.4596 -104591.2707       6.8111   975.8
0.6540     -104584.4076 -104591.2353       6.8276   978.2
0.6550     -104584.3643 -104591.1911       6.8268   978.0
0.6560     -104584.3529 -104591.2313       6.8784   985.4
0.6570     -104584.3546 -104591.2268       6.8722   984.6
0.6580     -104584.3661 -104591.2456       6.8796   985.6
0.6590     -104584.3753 -104591.2411       6.8657   983.6
0.6600     -104584.4273 -104591.2498       6.8225   977.4
0.6610     -104584.4107 -104591.2246       6.8140   976.2
0.6620     -104584.4446 -104591.2175       6.7729   970.3
0.6630     -104584.4890 -104591.1611       6.6720   955.9
0.6640     -104584.4290 -104591.0214       6.5923   944.5
0.6650     -104584.4215 -104590.8175       6.3961   916.3
0.6660     -104584.4231 -104590.6639       6.2408   894.1
0.6670     -104584.4888 -104590.6408       6.1520   881.4
0.6680     -104584.4901 -104590.7182       6.2281   892.3
0.6690     -104584.4903 -104590.8235       6.3332   907.3
0.6700     -104584.5131 -104590.9322       6.4191   919.6
0.6710     -104584.5920 -104590.9699       6.3779   913.7
0.6720     -104584.5456 -104590.8912       6.3455   909.1
0.6730     -104584.5409 -104590.7811       6.2402   894.0
0.6740     -104584.6075 -104590.7756       6.1681   883.7
0.6750     -104584.6690 -104590.8203       6.1513   881.3
0.6760     -104584.6091 -104590.8052       6.1961   887.7
0.6770     -104584.6395 -104590.8912       6.2517   895.7
0.6780     -104584.7060 -104591.0462       6.3402   908.3
0.6790     -104584.6810 -104591.1009       6.4199   919.7
0.6800     -104584.6900 -104591.1438       6.4538   924.6
0.6810     -104584.6775 -104591.1335       6.4560   924.9
0.6820     -104584.6886 -104591.1241       6.4356   922.0
0.6830     -104584.6927 -104591.1409       6.4482   923.8
0.6840     -104584.7341 -104591.2218       6.4877   929.5
0.6850     -104584.6895 -104591.3112       6.6216   948.6
0.6860     -104584.6705 -104591.3921       6.7216   963.0
0.6870     -104584.6830 -104591.4375       6.7545   967.7
0.6880     -104584.7448 -104591.4585       6.7136   961.8
0.6890     -104584.7652 -104591.4607       6.6955   959.2
0.6900     -104584.7158 -104591.4423       6.7265   963.7
0.6910     -104584.6824 -104591.4148       6.7324   964.5
0.6920     -104584.6900 -104591.4048       6.7148   962.0
0.6930     -104584.7514 -104591.4098       6.6584   953.9
0.6940     -104584.7878 -104591.4252       6.6374   950.9
0.6950     -104584.8101 -104591.4483       6.6382   951.0
0.6960     -104584.8261 -104591.4548       6.6287   949.7
0.6970     -104584.8351 -104591.4573       6.6222   948.7
0.6980     -104584.8490 -104591.4750       6.6260   949.3
0.6990     -104584.8566 -104591.5381       6.6815   957.2
0.7000     -104584.8358 -104591.6180       6.7822   971.7
0.7010     -104584.8049 -104591.6950       6.8901   987.1
0.7020     -104584.8674 -104591.7102       6.8429   980.3
0.7030     -104584.9495 -104591.6508       6.7014   960.1
0.7040     -104584.9790 -104591.5458       6.5668   940.8
0.7050     -104584.9830 -104591.4222       6.4392   922.5
0.7060     -104585.0107 -104591.3262       6.3154   904.8
0.7070     -104584.9604 -104591.3094       6.3491   909.6
0.7080     -104585.0080 -104591.4191       6.4111   918.5
0.7090     -104585.0764 -104591.6457       6.5693   941.2
0.7100     -104585.0841 -104591.8740       6.7899   972.8
0.7110     -104585.0163 -104592.0372       7.0210  1005.9
0.7120     -104584.9906 -104592.1619       7.1714  1027.4
0.7130     -104585.0387 -104592.2260       7.1873  1029.7
0.7140     -104585.0689 -104592.1847       7.1158  1019.4
0.7150     -104585.0618 -104592.0604       6.9986  1002.7
0.7160     -104585.0865 -104591.9578       6.8713   984.4
0.7170     -104585.0823 -104591.8851       6.8028   974.6
0.7180     -104585.1009 -104591.8173       6.7165   962.2
0.7190     -104585.1454 -104591.7702       6.6248   949.1
0.7200     -104585.1607 -104591.7639       6.6032   946.0
0.7210     -104585.2184 -104591.7727       6.5543   939.0
0.7220     -104585.2453 -104591.7636       6.5183   933.8
0.7230     -104585.2525 -104591.7236       6.4710   927.1
0.7240     -104585.2832 -104591.6581       6.3748   913.3
0.7250     -104585.3107 -104591.5617       6.2510   895.6
0.7260     -104585.3558 -104591.4839       6.1280   877.9
0.7270     -104585.3524 -104591.4141       6.0617   868.4
0.7280     -104585.3705 -104591.3478       5.9773   856.3
0.7290     -104585.4035 -104591.2918       5.8884   843.6
0.7300     -104585.4122 -104591.2607       5.8485   837.9
0.7310     -104585.4078 -104591.2736       5.8659   840.4
0.7320     -104585.3300 -104591.3506       6.0206   862.5
0.7330     -104585.3891 -104591.4681       6.0790   870.9
0.7340     -104585.4217 -104591.6035       6.1818   885.6
0.7350     -104585.4556 -104591.7159       6.2603   896.9
0.7360     -104585.4587 -104591.7921       6.3334   907.4
0.7370     -104585.4862 -104591.8207       6.3344   907.5
0.7380     -104585.5075 -104591.7952       6.2877   900.8
0.7390     -104585.5020 -104591.7189       6.2169   890.7
0.7400     -104585.5585 -104591.6300       6.0715   869.8
0.7410     -104585.5843 -104591.5590       5.9747   856.0
0.7420     -104585.5601 -104591.4767       5.9166   847.6
0.7430     -104585.5738 -104591.3400       5.7662   826.1
0.7440     -104585.6008 -104591.1373       5.5365   793.2
0.7450     -104585.6287 -104590.8897       5.2610   753.7
0.7460     -104585.6270 -104590.6778       5.0508   723.6
0.7470     -104585.6402 -104590.5974       4.9572   710.2
0.7480     -104585.6373 -104590.7060       5.0687   726.2
0.7490     -104585.6968 -104590.9971       5.3003   759.4
0.7500     -104585.7069 -104591.3876       5.6807   813.9
0.7510     -104585.6876 -104591.7547       6.0672   869.2
0.7520     -104585.6853 -104592.0294       6.3441   908.9
0.7530     -104585.7025 -104592.2020       6.4995   931.2
0.7540     -104585.7141 -104592.2003       6.4863   929.3
0.7550     -104585.6346 -104592.0498       6.4152   919.1
0.7560     -104585.6594 -104591.9125       6.2531   895.9
0.7570     -104585.6923 -104591.9559       6.2636   897.4
0.7580     -104585.7269 -104592.0643       6.3374   907.9
0.7590     -104585.7204 -104592.2167       6.4963   930.7
0.7600     -104585.7465 -104592.4101       6.6636   954.7
0.7610     -104585.8124 -104592.5677       6.7553   967.8
0.7620     -104585.6959 -104592.5489       6.8531   981.8
0.7630     -104585.7214 -104592.5093       6.7878   972.5
0.7640     -104585.7919 -104592.4571       6.6652   954.9
0.7650     -104585.7572 -104592.2901       6.5329   935.9
0.7660     -104585.7959 -104592.1435       6.3476   909.4
0.7670     -104585.8612 -104592.0057       6.1445   880.3
0.7680     -104585.8908 -104591.8818       5.9910   858.3
0.7690     -104585.7630 -104591.7032       5.9402   851.0
0.7700     -104585.7975 -104591.6622       5.8647   840.2
0.7710     -104585.8395 -104591.6164       5.7769   827.6
0.7720     -104585.8606 -104591.5920       5.7314   821.1
0.7730     -104585.8447 -104591.6110       5.7662   826.1
0.7740     -104585.8181 -104591.6421       5.8239   834.4
0.7750     -104585.8530 -104591.6819       5.8289   835.1
